Using options : -d PDK/mock_65nm/layers.json -p lna_1_stage/stage_3/placement/lna_placement.json -l lna_1_stage/stage_3/routing/lef/lna_primitives.lef -s  -uu 1 -ndr EXAMPLES/LNA_1_STAGE/router_constraints.json -o lna_1_stage/stage_3/routing/
layer resistance : Poly 100 80 120
layer resistance : Fin 0 0 0
layer resistance : M1 680 80 120
layer resistance : M2 560 80 120
layer resistance : M3 560 80 120
layer resistance : M4 560 80 120
layer resistance : M5 560 80 120
layer resistance : M6 560 80 120
layer resistance : M7 560 80 120
layer resistance : M8 21.8 80 120
layer resistance : M9 4.36 80 120
layer resistance : RH 0 0 0
layer : Poly index : 0
layer : Fin index : 1
layer : M1 index : 2
layer : M2 index : 3
layer : M3 index : 4
layer : M4 index : 5
layer : M5 index : 6
layer : M6 index : 7
layer : M7 index : 8
layer : M8 index : 9
layer : M9 index : 10
layer : RH index : 11
layer : V0 index : 12
 cover : l: 40,40 u: 40,40
layer : V1 index : 13
 cover : l: 50,50 u: 50,50
layer : V2 index : 14
 cover : l: 50,50 u: 50,50
layer : V3 index : 15
	 va : 110 110 2 2
 cover : l: 50,50 u: 50,50
layer : V4 index : 16
	 va : 110 110 2 2
 cover : l: 50,50 u: 50,50
layer : V5 index : 17
	 va : 110 110 2 2
 cover : l: 60,60 u: 60,60
layer : V6 index : 18
	 va : 110 110 5 2
 cover : l: 50,50 u: 50,50
layer : V7 index : 19
	 va : 300 300 2 2
 cover : l: 70,70 u: 70,70
layer : V8 index : 20
	 va : 520 520 2 2
 cover : l: 70,70 u: 70,70
top metal layer : RH
signal routing layers : M1 : M9
power  routing layers : M1 : M8
clock  routing layers : M2 : M9
layer : 0 cost : 1e+07 100
layer : 1 cost : 1 1e+07
layer : 2 cost : 680 680
layer : 3 cost : 560 560
layer : 4 cost : 560 560
layer : 5 cost : 560 560
layer : 6 cost : 560 560
layer : 7 cost : 560 560
layer : 8 cost : 560 560
layer : 9 cost : 21 21
layer : 10 cost : 4 4
layer : 11 cost : 1e+07 1
layerPairCost : 0 1 1e+07
layerPairCost : 1 0 1e+07
layerPairCost : 1 2 1e+07
layerPairCost : 2 1 1e+07
layerPairCost : 2 3 600000
layerPairCost : 3 2 600000
layerPairCost : 3 4 600000
layerPairCost : 4 3 600000
layerPairCost : 4 5 600000
layerPairCost : 5 4 600000
layerPairCost : 5 6 600000
layerPairCost : 6 5 600000
layerPairCost : 6 7 600000
layerPairCost : 7 6 600000
layerPairCost : 7 8 600000
layerPairCost : 8 7 600000
layerPairCost : 8 9 88000
layerPairCost : 9 8 88000
layerPairCost : 9 10 88000
layerPairCost : 10 9 88000
layerPairCost : 10 11 1e+07
layerPairCost : 11 10 1e+07
layer : 0 width : 60 space : 200 v : 1 h : 0
layer : 1 width : 14 space : 86 v : 0 h : 1
layer : 2 width : 100 space : 100 v : 1 h : 1
layer : 3 width : 100 space : 10 v : 1 h : 1
layer : 4 width : 100 space : 10 v : 1 h : 1
layer : 5 width : 100 space : 20 v : 1 h : 1
layer : 6 width : 100 space : 20 v : 1 h : 1
layer : 7 width : 100 space : 20 v : 1 h : 1
layer : 8 width : 100 space : 20 v : 1 h : 1
layer : 9 width : 400 space : 20 v : 1 h : 1
layer : 10 width : 2000 space : 600 v : 1 h : 1
layer : 11 width : 60 space : 220 v : 1 h : 0
layer : 0 above : -1 below : -1
layer : 1 above : -1 below : -1
layer : 2 above : 13 below : -1
layer : 3 above : 14 below : 13
layer : 4 above : 15 below : 14
layer : 5 above : 16 below : 15
layer : 6 above : 17 below : 16
layer : 7 above : 18 below : 17
layer : 8 above : 19 below : 18
layer : 9 above : 20 below : 19
layer : 10 above : -1 below : 20
layer : 11 above : -1 below : -1
min routing layer : M1 max routing layer : M9
via : l: 2 u: 3 c: 13 center: (0,0) lb: [(-105,-105),(105,105)] ub: [(-105,-105),(105,105)] cut: [(-55,-55),(55,55)] bbox: [(-105,-105),(105,105)]
via : l: 3 u: 4 c: 14 center: (0,0) lb: [(-105,-105),(105,105)] ub: [(-105,-105),(105,105)] cut: [(-55,-55),(55,55)] bbox: [(-105,-105),(105,105)]
via : l: 4 u: 5 c: 15 center: (0,0) lb: [(-215,-215),(215,215)] ub: [(-215,-215),(215,215)] cut: [(-165,-165),(165,165)] bbox: [(-215,-215),(215,215)]
via : l: 5 u: 6 c: 16 center: (0,0) lb: [(-215,-215),(215,215)] ub: [(-215,-215),(215,215)] cut: [(-165,-165),(165,165)] bbox: [(-215,-215),(215,215)]
via : l: 6 u: 7 c: 17 center: (0,0) lb: [(-225,-225),(225,225)] ub: [(-225,-225),(225,225)] cut: [(-165,-165),(165,165)] bbox: [(-225,-225),(225,225)]
via : l: 7 u: 8 c: 18 center: (0,0) lb: [(-545,-215),(545,215)] ub: [(-545,-215),(545,215)] cut: [(-495,-165),(495,165)] bbox: [(-545,-215),(545,215)]
via : l: 8 u: 9 c: 19 center: (0,0) lb: [(-570,-570),(570,570)] ub: [(-570,-570),(570,570)] cut: [(-500,-500),(500,500)] bbox: [(-570,-570),(570,570)]
via : l: 9 u: 10 c: 20 center: (0,0) lb: [(-680,-680),(680,680)] ub: [(-680,-680),(680,680)] cut: [(-610,-610),(610,610)] bbox: [(-680,-680),(680,680)]
adding leaf : bias
adding leaf : bias_mos
adding leaf : cas_mos
adding leaf : drain_ind
adding leaf : gate_ind_x.5
adding leaf : gnd0
adding leaf : gnd1
adding leaf : gnd2
adding leaf : input
adding leaf : source_ind
adding leaf : vdd
adding leaf : xR0_2
adding leaf : xR1_2
adding leaf : xR2_0
adding leaf : xR3_2
adding leaf : xc1_1
adding leaf : xc2_3
adding leaf : xc3_1
adding leaf : xwg1
[(0,0),(869667,729778)]
adding module : lna
adding net : gnd
adding pin : "source_ind" 0x1324150 "P2"
adding pin : "gate_ind" 0x1323d90 "GND"
adding pin : "cas_mos" 0x1323c10 "GND"
adding pin : "bias_mos" 0x1302be0 "BS"
adding pin : "xc1" 0x13245d0 "PLUS"
adding pin : "xc2" 0x1324690 "BULK1"
adding pin : "xc2" 0x1324690 "BULK2"
adding pin : "xwg1" 0x1324810 "GND1"
adding pin : "xwg1" 0x1324810 "GND2"
adding pin : "xc3" 0x1324750 "PLUS"
adding pin : "xc3" 0x1324750 "BULK1"
adding pin : "xc3" 0x1324750 "BULK2"
adding pin : "gnd0" 0x1323e50 "PAD"
adding pin : "gnd1" 0x1323f10 "PAD"
adding pin : "gnd2" 0x1323fd0 "PAD"
adding net : net010
adding pin : "xc2" 0x1324690 "PLUS"
adding pin : "input" 0x1324090 "PAD"
adding net : net1
adding pin : "source_ind" 0x1324150 "P1"
adding pin : "cas_mos" 0x1323c10 "SS"
adding net : net12
adding pin : "gate_ind" 0x1323d90 "P2"
adding pin : "cas_mos" 0x1323c10 "GG"
adding pin : "xR3" 0x1324510 "MINUS"
adding net : net13
adding pin : "bias_mos" 0x1302be0 "G"
adding pin : "xR1" 0x1324390 "PLUS"
adding net : net14
adding pin : "xc2" 0x1324690 "MINUS"
adding pin : "xwg1" 0x1324810 "P2"
adding net : net2
adding pin : "bias_mos" 0x1302be0 "D"
adding pin : "xR0" 0x13242d0 "PLUS"
adding pin : "xR1" 0x1324390 "MINUS"
adding pin : "xR3" 0x1324510 "PLUS"
adding net : net3
adding pin : "drain_ind" 0x1323cd0 "P2"
adding pin : "vdd" 0x1324210 "PAD"
adding net : net4
adding pin : "cas_mos" 0x1323c10 "G2"
adding pin : "xc3" 0x1324750 "MINUS"
adding pin : "xR0" 0x13242d0 "MINUS"
adding pin : "xR2" 0x1324450 "MINUS"
adding net : net5
adding pin : "drain_ind" 0x1323cd0 "P1"
adding pin : "cas_mos" 0x1323c10 "DD"
adding pin : "xc1" 0x13245d0 "MINUS"
adding net : net7
adding pin : "xR2" 0x1324450 "PLUS"
adding pin : "bias" 0x1320990 "PAD"
adding net : net8
adding pin : "gate_ind" 0x1323d90 "P1"
adding pin : "xwg1" 0x1324810 "P1"
Reading LEF file lna_1_stage/stage_3/routing/lef/lna_primitives.lef
macro bias
loading macro bias
macro bias_mos
loading macro bias_mos
macro cas_mos
loading macro cas_mos
macro drain_ind
loading macro drain_ind
macro gate_ind_x.5
loading macro gate_ind_x.5
macro gnd0
loading macro gnd0
macro gnd1
loading macro gnd1
macro gnd2
loading macro gnd2
macro input
loading macro input
macro source_ind
loading macro source_ind
macro vdd
loading macro vdd
macro xR0_2
loading macro xR0_2
macro xR1_2
loading macro xR1_2
macro xR2_0
loading macro xR2_0
macro xR3_2
loading macro xR3_2
macro xc1_1
loading macro xc1_1
macro xc2_3
loading macro xc2_3
macro xc3_1
loading macro xc3_1
macro xwg1
loading macro xwg1
excluding net : gnd from routing
excluding net : net3 from routing
excluding net : net7 from routing
excluding net : gnd from routing
Checking SHORT for module : bias
void Placement::Module::route(Router::Router&, const std::string&) runtime : 3.865e-06(s)
Checking SHORT for module : bias_mos
void Placement::Module::route(Router::Router&, const std::string&) runtime : 7.8e-07(s)
Checking SHORT for module : cas_mos
void Placement::Module::route(Router::Router&, const std::string&) runtime : 9.82e-07(s)
Checking SHORT for module : drain_ind
void Placement::Module::route(Router::Router&, const std::string&) runtime : 4.71e-07(s)
Checking SHORT for module : gate_ind_x.5
void Placement::Module::route(Router::Router&, const std::string&) runtime : 4.35e-07(s)
Checking SHORT for module : gnd0
void Placement::Module::route(Router::Router&, const std::string&) runtime : 3.2e-07(s)
Checking SHORT for module : gnd1
void Placement::Module::route(Router::Router&, const std::string&) runtime : 2.67e-07(s)
Checking SHORT for module : gnd2
void Placement::Module::route(Router::Router&, const std::string&) runtime : 2.32e-07(s)
Checking SHORT for module : input
void Placement::Module::route(Router::Router&, const std::string&) runtime : 3.22e-07(s)
 routing : lna; num nets : 12; use pin width : 0
setting module name : lna
net : net1
routing net : net1 13680
ports dist : source_ind/P1_port_0 cas_mos/SS_port_0 0.326082
ports to route order : source_ind/P1_port_0 cas_mos/SS_port_0
flushing nodes
routing ports : source_ind/P1_port_0 cas_mos/SS_port_0
after updatendr layer : 0 width : 60 60
after updatendr layer : 1 width : 14 14
after updatendr layer : 2 width : 100 100
after updatendr layer : 3 width : 100 100
after updatendr layer : 4 width : 100 100
after updatendr layer : 5 width : 100 100
after updatendr layer : 6 width : 100 100
after updatendr layer : 7 width : 100 100
after updatendr layer : 8 width : 100 100
after updatendr layer : 9 width : 400 400
after updatendr layer : 10 width : 2000 2000
after updatendr layer : 11 width : 60 60
after updatendr layer : 12 width : 95 95
after updatendr layer : 13 width : 110 110
after updatendr layer : 14 width : 110 110
after updatendr layer : 15 width : 110 110
after updatendr layer : 16 width : 110 110
after updatendr layer : 17 width : 110 110
after updatendr layer : 18 width : 110 110
after updatendr layer : 19 width : 350 350
after updatendr layer : 20 width : 350 350
layer : 0 width : 60 60
layer : 1 width : 14 14
layer : 2 width : 100 100
layer : 3 width : 100 100
layer : 4 width : 100 100
layer : 5 width : 100 100
layer : 6 width : 100 100
layer : 7 width : 100 100
layer : 8 width : 100 100
layer : 9 width : 400 400
layer : 10 width : 2000 2000
layer : 11 width : 60 60
layer : 12 width : 95 95
layer : 13 width : 110 110
layer : 14 width : 110 110
layer : 15 width : 110 110
layer : 16 width : 110 110
layer : 17 width : 110 110
layer : 18 width : 110 110
layer : 19 width : 350 350
layer : 20 width : 350 350
via : l: 2 u: 3 c: 13 center: (0,0) lb: [(-105,-105),(105,105)] ub: [(-105,-105),(105,105)] cut: [(-55,-55),(55,55)] bbox: [(-105,-105),(105,105)]
via : l: 3 u: 4 c: 14 center: (0,0) lb: [(-105,-105),(105,105)] ub: [(-105,-105),(105,105)] cut: [(-55,-55),(55,55)] bbox: [(-105,-105),(105,105)]
via : l: 4 u: 5 c: 15 center: (0,0) lb: [(-215,-215),(215,215)] ub: [(-215,-215),(215,215)] cut: [(-165,-165),(165,165)] bbox: [(-215,-215),(215,215)]
via : l: 5 u: 6 c: 16 center: (0,0) lb: [(-215,-215),(215,215)] ub: [(-215,-215),(215,215)] cut: [(-165,-165),(165,165)] bbox: [(-215,-215),(215,215)]
via : l: 6 u: 7 c: 17 center: (0,0) lb: [(-225,-225),(225,225)] ub: [(-225,-225),(225,225)] cut: [(-165,-165),(165,165)] bbox: [(-225,-225),(225,225)]
via : l: 7 u: 8 c: 18 center: (0,0) lb: [(-545,-215),(545,215)] ub: [(-545,-215),(545,215)] cut: [(-495,-165),(495,165)] bbox: [(-545,-215),(545,215)]
via : l: 8 u: 9 c: 19 center: (0,0) lb: [(-570,-570),(570,570)] ub: [(-570,-570),(570,570)] cut: [(-500,-500),(500,500)] bbox: [(-570,-570),(570,570)]
via : l: 9 u: 10 c: 20 center: (0,0) lb: [(-680,-680),(680,680)] ub: [(-680,-680),(680,680)] cut: [(-610,-610),(610,610)] bbox: [(-680,-680),(680,680)]
routing : net1__source_ind/P1_port_0__cas_mos/SS_port_0
num src : 8 tgt : 34
sol found with 3 expansions!
	expanded : 0 0
	expanded : 1 0
	expanded : 2 0
	expanded : 3 0
	expanded : 4 0
	expanded : 5 0
	expanded : 6 0
	expanded : 7 0
	expanded : 8 0
	expanded : 9 2
	expanded : 10 1
flushing nodes
Geom::LayerRects Router::Router::findSol() runtime : 0.028022(s)
Adding routes to source_ind/P1_port_0 5
Adding routes to cas_mos/SS_port_0 5
net : net12
routing net : net12 41286
ports dist : gate_ind/P2_port_0 cas_mos/GG_port_0 0.592598
ports dist : gate_ind/P2_port_0 xR3/MINUS_port_0 0.26955
ports dist : cas_mos/GG_port_0 xR3/MINUS_port_0 0.707132
ports to route order : gate_ind/P2_port_0 xR3/MINUS_port_0
ports to route order : gate_ind/P2_port_0 cas_mos/GG_port_0
flushing nodes
routing ports : gate_ind/P2_port_0 xR3/MINUS_port_0
pref layer pin found for gate_ind/P2_port_0
pref layer pin not found for xR3/MINUS_port_0
layer cost (0) : 1e+07 1e+07
layer cost (1) : 1e+07 1e+07
layer cost (2) : 1e+07 1e+07
layer cost (3) : 1e+07 1e+07
layer cost (4) : 1e+07 1e+07
layer cost (5) : 1e+07 1e+07
layer cost (6) : 1e+07 1e+07
layer cost (7) : 1e+07 1e+07
layer cost (8) : 1e+07 1e+07
layer cost (9) : 1 1
layer cost (10) : 1 1
layer cost (11) : 1e+07 1e+07
after updatendr layer : 0 width : 60 60 ndr widthx : 60 ndr widthy : 60
after updatendr layer : 1 width : 14 14 ndr widthx : 14 ndr widthy : 14
after updatendr layer : 2 width : 100 100 ndr widthx : 100 ndr widthy : 100
after updatendr layer : 3 width : 100 100 ndr widthx : 100 ndr widthy : 100
after updatendr layer : 4 width : 100 100 ndr widthx : 100 ndr widthy : 100
after updatendr layer : 5 width : 100 100 ndr widthx : 100 ndr widthy : 100
after updatendr layer : 6 width : 100 100 ndr widthx : 100 ndr widthy : 100
after updatendr layer : 7 width : 100 100 ndr widthx : 100 ndr widthy : 100
after updatendr layer : 8 width : 100 100 ndr widthx : 100 ndr widthy : 100
after updatendr layer : 9 width : 400 400 ndr widthx : 1500 ndr widthy : 1500
after updatendr layer : 10 width : 2000 2000 ndr widthx : 1500 ndr widthy : 1500
after updatendr layer : 11 width : 60 60 ndr widthx : 60 ndr widthy : 60
after updatendr layer : 12 width : 95 95 ndr widthx : 95 ndr widthy : 95
after updatendr layer : 13 width : 110 110 ndr widthx : 110 ndr widthy : 110
after updatendr layer : 14 width : 110 110 ndr widthx : 110 ndr widthy : 110
after updatendr layer : 15 width : 110 110 ndr widthx : 110 ndr widthy : 110
after updatendr layer : 16 width : 110 110 ndr widthx : 110 ndr widthy : 110
after updatendr layer : 17 width : 110 110 ndr widthx : 110 ndr widthy : 110
after updatendr layer : 18 width : 110 110 ndr widthx : 110 ndr widthy : 110
after updatendr layer : 19 width : 350 350 ndr widthx : 350 ndr widthy : 350
after updatendr layer : 20 width : 350 350 ndr widthx : 350 ndr widthy : 350
layer : 0 width : 60 60 ndr widthx : 60 ndr widthy : 60
layer : 1 width : 14 14 ndr widthx : 14 ndr widthy : 14
layer : 2 width : 100 100 ndr widthx : 100 ndr widthy : 100
layer : 3 width : 100 100 ndr widthx : 100 ndr widthy : 100
layer : 4 width : 100 100 ndr widthx : 100 ndr widthy : 100
layer : 5 width : 100 100 ndr widthx : 100 ndr widthy : 100
layer : 6 width : 100 100 ndr widthx : 100 ndr widthy : 100
layer : 7 width : 100 100 ndr widthx : 100 ndr widthy : 100
layer : 8 width : 100 100 ndr widthx : 100 ndr widthy : 100
layer : 9 width : 400 400 ndr widthx : 1500 ndr widthy : 1500
layer : 10 width : 2000 2000 ndr widthx : 1500 ndr widthy : 1500
layer : 11 width : 60 60 ndr widthx : 60 ndr widthy : 60
layer : 12 width : 95 95 ndr widthx : 95 ndr widthy : 95
layer : 13 width : 110 110 ndr widthx : 110 ndr widthy : 110
layer : 14 width : 110 110 ndr widthx : 110 ndr widthy : 110
layer : 15 width : 110 110 ndr widthx : 110 ndr widthy : 110
layer : 16 width : 110 110 ndr widthx : 110 ndr widthy : 110
layer : 17 width : 110 110 ndr widthx : 110 ndr widthy : 110
layer : 18 width : 110 110 ndr widthx : 110 ndr widthy : 110
layer : 19 width : 350 350 ndr widthx : 350 ndr widthy : 350
layer : 20 width : 350 350 ndr widthx : 350 ndr widthy : 350
via : l: 2 u: 3 c: 13 center: (0,0) lb: [(-105,-105),(105,105)] ub: [(-105,-105),(105,105)] cut: [(-55,-55),(55,55)] bbox: [(-105,-105),(105,105)]
via : l: 3 u: 4 c: 14 center: (0,0) lb: [(-105,-105),(105,105)] ub: [(-105,-105),(105,105)] cut: [(-55,-55),(55,55)] bbox: [(-105,-105),(105,105)]
via : l: 4 u: 5 c: 15 center: (0,0) lb: [(-215,-215),(215,215)] ub: [(-215,-215),(215,215)] cut: [(-165,-165),(165,165)] bbox: [(-215,-215),(215,215)]
via : l: 5 u: 6 c: 16 center: (0,0) lb: [(-215,-215),(215,215)] ub: [(-215,-215),(215,215)] cut: [(-165,-165),(165,165)] bbox: [(-215,-215),(215,215)]
via : l: 6 u: 7 c: 17 center: (0,0) lb: [(-225,-225),(225,225)] ub: [(-225,-225),(225,225)] cut: [(-165,-165),(165,165)] bbox: [(-225,-225),(225,225)]
via : l: 7 u: 8 c: 18 center: (0,0) lb: [(-545,-215),(545,215)] ub: [(-545,-215),(545,215)] cut: [(-495,-165),(495,165)] bbox: [(-545,-215),(545,215)]
via : l: 8 u: 9 c: 19 center: (0,0) lb: [(-570,-570),(570,570)] ub: [(-570,-570),(570,570)] cut: [(-500,-500),(500,500)] bbox: [(-570,-570),(570,570)]
via : l: 9 u: 10 c: 20 center: (0,0) lb: [(-680,-680),(680,680)] ub: [(-680,-680),(680,680)] cut: [(-610,-610),(610,610)] bbox: [(-680,-680),(680,680)]
routing : net12__gate_ind/P2_port_0__xR3/MINUS_port_0
num src : 20 tgt : 69
sol found with 9 expansions!
	expanded : 0 0
	expanded : 1 0
	expanded : 2 0
	expanded : 3 1
	expanded : 4 1
	expanded : 5 1
	expanded : 6 1
	expanded : 7 1
	expanded : 8 1
	expanded : 9 2
	expanded : 10 1
flushing nodes
Geom::LayerRects Router::Router::findSol() runtime : 0.0333895(s)
Adding routes to gate_ind/P2_port_0 17
Adding routes to xR3/MINUS_port_0 17
flushing nodes
routing ports : gate_ind/P2_port_0 cas_mos/GG_port_0
pref layer pin found for gate_ind/P2_port_0
pref layer pin found for cas_mos/GG_port_0
layer cost (0) : 1e+07 1e+07
layer cost (1) : 1e+07 1e+07
layer cost (2) : 1e+07 1e+07
layer cost (3) : 1e+07 1e+07
layer cost (4) : 1e+07 1e+07
layer cost (5) : 1e+07 1e+07
layer cost (6) : 1e+07 1e+07
layer cost (7) : 1e+07 1e+07
layer cost (8) : 1e+07 1e+07
layer cost (9) : 1 1
layer cost (10) : 1 1
layer cost (11) : 1e+07 1e+07
after updatendr layer : 0 width : 60 60 ndr widthx : 60 ndr widthy : 60
after updatendr layer : 1 width : 14 14 ndr widthx : 14 ndr widthy : 14
after updatendr layer : 2 width : 100 100 ndr widthx : 100 ndr widthy : 100
after updatendr layer : 3 width : 100 100 ndr widthx : 100 ndr widthy : 100
after updatendr layer : 4 width : 100 100 ndr widthx : 100 ndr widthy : 100
after updatendr layer : 5 width : 100 100 ndr widthx : 100 ndr widthy : 100
after updatendr layer : 6 width : 100 100 ndr widthx : 100 ndr widthy : 100
after updatendr layer : 7 width : 100 100 ndr widthx : 100 ndr widthy : 100
after updatendr layer : 8 width : 100 100 ndr widthx : 100 ndr widthy : 100
after updatendr layer : 9 width : 400 400 ndr widthx : 1500 ndr widthy : 1500
after updatendr layer : 10 width : 2000 2000 ndr widthx : 1500 ndr widthy : 1500
after updatendr layer : 11 width : 60 60 ndr widthx : 60 ndr widthy : 60
after updatendr layer : 12 width : 95 95 ndr widthx : 95 ndr widthy : 95
after updatendr layer : 13 width : 110 110 ndr widthx : 110 ndr widthy : 110
after updatendr layer : 14 width : 110 110 ndr widthx : 110 ndr widthy : 110
after updatendr layer : 15 width : 110 110 ndr widthx : 110 ndr widthy : 110
after updatendr layer : 16 width : 110 110 ndr widthx : 110 ndr widthy : 110
after updatendr layer : 17 width : 110 110 ndr widthx : 110 ndr widthy : 110
after updatendr layer : 18 width : 110 110 ndr widthx : 110 ndr widthy : 110
after updatendr layer : 19 width : 350 350 ndr widthx : 350 ndr widthy : 350
after updatendr layer : 20 width : 350 350 ndr widthx : 350 ndr widthy : 350
layer : 0 width : 60 60 ndr widthx : 60 ndr widthy : 60
layer : 1 width : 14 14 ndr widthx : 14 ndr widthy : 14
layer : 2 width : 100 100 ndr widthx : 100 ndr widthy : 100
layer : 3 width : 100 100 ndr widthx : 100 ndr widthy : 100
layer : 4 width : 100 100 ndr widthx : 100 ndr widthy : 100
layer : 5 width : 100 100 ndr widthx : 100 ndr widthy : 100
layer : 6 width : 100 100 ndr widthx : 100 ndr widthy : 100
layer : 7 width : 100 100 ndr widthx : 100 ndr widthy : 100
layer : 8 width : 100 100 ndr widthx : 100 ndr widthy : 100
layer : 9 width : 400 400 ndr widthx : 1500 ndr widthy : 1500
layer : 10 width : 2000 2000 ndr widthx : 1500 ndr widthy : 1500
layer : 11 width : 60 60 ndr widthx : 60 ndr widthy : 60
layer : 12 width : 95 95 ndr widthx : 95 ndr widthy : 95
layer : 13 width : 110 110 ndr widthx : 110 ndr widthy : 110
layer : 14 width : 110 110 ndr widthx : 110 ndr widthy : 110
layer : 15 width : 110 110 ndr widthx : 110 ndr widthy : 110
layer : 16 width : 110 110 ndr widthx : 110 ndr widthy : 110
layer : 17 width : 110 110 ndr widthx : 110 ndr widthy : 110
layer : 18 width : 110 110 ndr widthx : 110 ndr widthy : 110
layer : 19 width : 350 350 ndr widthx : 350 ndr widthy : 350
layer : 20 width : 350 350 ndr widthx : 350 ndr widthy : 350
via : l: 2 u: 3 c: 13 center: (0,0) lb: [(-105,-105),(105,105)] ub: [(-105,-105),(105,105)] cut: [(-55,-55),(55,55)] bbox: [(-105,-105),(105,105)]
via : l: 3 u: 4 c: 14 center: (0,0) lb: [(-105,-105),(105,105)] ub: [(-105,-105),(105,105)] cut: [(-55,-55),(55,55)] bbox: [(-105,-105),(105,105)]
via : l: 4 u: 5 c: 15 center: (0,0) lb: [(-215,-215),(215,215)] ub: [(-215,-215),(215,215)] cut: [(-165,-165),(165,165)] bbox: [(-215,-215),(215,215)]
via : l: 5 u: 6 c: 16 center: (0,0) lb: [(-215,-215),(215,215)] ub: [(-215,-215),(215,215)] cut: [(-165,-165),(165,165)] bbox: [(-215,-215),(215,215)]
via : l: 6 u: 7 c: 17 center: (0,0) lb: [(-225,-225),(225,225)] ub: [(-225,-225),(225,225)] cut: [(-165,-165),(165,165)] bbox: [(-225,-225),(225,225)]
via : l: 7 u: 8 c: 18 center: (0,0) lb: [(-545,-215),(545,215)] ub: [(-545,-215),(545,215)] cut: [(-495,-165),(495,165)] bbox: [(-545,-215),(545,215)]
via : l: 8 u: 9 c: 19 center: (0,0) lb: [(-570,-570),(570,570)] ub: [(-570,-570),(570,570)] cut: [(-500,-500),(500,500)] bbox: [(-570,-570),(570,570)]
via : l: 9 u: 10 c: 20 center: (0,0) lb: [(-680,-680),(680,680)] ub: [(-680,-680),(680,680)] cut: [(-610,-610),(610,610)] bbox: [(-680,-680),(680,680)]
routing : net12__gate_ind/P2_port_0__cas_mos/GG_port_0
num src : 10 tgt : 32
sol found with 1 expansions!
	expanded : 0 0
	expanded : 1 0
	expanded : 2 0
	expanded : 3 0
	expanded : 4 0
	expanded : 5 0
	expanded : 6 0
	expanded : 7 0
	expanded : 8 0
	expanded : 9 0
	expanded : 10 1
flushing nodes
Geom::LayerRects Router::Router::findSol() runtime : 0.00491708(s)
Adding routes to gate_ind/P2_port_0 1
Adding routes to cas_mos/GG_port_0 1
net : net5
routing net : net5 35144
ports dist : xc1/MINUS_port_0 drain_ind/P1_port_0 0.267025
ports dist : xc1/MINUS_port_0 cas_mos/DD_port_0 0.253196
ports dist : drain_ind/P1_port_0 cas_mos/DD_port_0 0.484122
ports to route order : xc1/MINUS_port_0 cas_mos/DD_port_0
ports to route order : xc1/MINUS_port_0 drain_ind/P1_port_0
flushing nodes
routing ports : xc1/MINUS_port_0 cas_mos/DD_port_0
pref layer pin found for xc1/MINUS_port_0
pref layer pin found for cas_mos/DD_port_0
layer cost (0) : 1e+07 1e+07
layer cost (1) : 1e+07 1e+07
layer cost (2) : 1e+07 1e+07
layer cost (3) : 1e+07 1e+07
layer cost (4) : 1e+07 1e+07
layer cost (5) : 1e+07 1e+07
layer cost (6) : 1e+07 1e+07
layer cost (7) : 1e+07 1e+07
layer cost (8) : 1e+07 1e+07
layer cost (9) : 1 1
layer cost (10) : 1 1
layer cost (11) : 1e+07 1e+07
after updatendr layer : 0 width : 60 60
after updatendr layer : 1 width : 14 14
after updatendr layer : 2 width : 100 100
after updatendr layer : 3 width : 100 100
after updatendr layer : 4 width : 100 100
after updatendr layer : 5 width : 100 100
after updatendr layer : 6 width : 100 100
after updatendr layer : 7 width : 100 100
after updatendr layer : 8 width : 100 100
after updatendr layer : 9 width : 400 400
after updatendr layer : 10 width : 2000 2000
after updatendr layer : 11 width : 60 60
after updatendr layer : 12 width : 95 95
after updatendr layer : 13 width : 110 110
after updatendr layer : 14 width : 110 110
after updatendr layer : 15 width : 110 110
after updatendr layer : 16 width : 110 110
after updatendr layer : 17 width : 110 110
after updatendr layer : 18 width : 110 110
after updatendr layer : 19 width : 350 350
after updatendr layer : 20 width : 350 350
layer : 0 width : 60 60
layer : 1 width : 14 14
layer : 2 width : 100 100
layer : 3 width : 100 100
layer : 4 width : 100 100
layer : 5 width : 100 100
layer : 6 width : 100 100
layer : 7 width : 100 100
layer : 8 width : 100 100
layer : 9 width : 400 400
layer : 10 width : 2000 2000
layer : 11 width : 60 60
layer : 12 width : 95 95
layer : 13 width : 110 110
layer : 14 width : 110 110
layer : 15 width : 110 110
layer : 16 width : 110 110
layer : 17 width : 110 110
layer : 18 width : 110 110
layer : 19 width : 350 350
layer : 20 width : 350 350
via : l: 2 u: 3 c: 13 center: (0,0) lb: [(-105,-105),(105,105)] ub: [(-105,-105),(105,105)] cut: [(-55,-55),(55,55)] bbox: [(-105,-105),(105,105)]
via : l: 3 u: 4 c: 14 center: (0,0) lb: [(-105,-105),(105,105)] ub: [(-105,-105),(105,105)] cut: [(-55,-55),(55,55)] bbox: [(-105,-105),(105,105)]
via : l: 4 u: 5 c: 15 center: (0,0) lb: [(-215,-215),(215,215)] ub: [(-215,-215),(215,215)] cut: [(-165,-165),(165,165)] bbox: [(-215,-215),(215,215)]
via : l: 5 u: 6 c: 16 center: (0,0) lb: [(-215,-215),(215,215)] ub: [(-215,-215),(215,215)] cut: [(-165,-165),(165,165)] bbox: [(-215,-215),(215,215)]
via : l: 6 u: 7 c: 17 center: (0,0) lb: [(-225,-225),(225,225)] ub: [(-225,-225),(225,225)] cut: [(-165,-165),(165,165)] bbox: [(-225,-225),(225,225)]
via : l: 7 u: 8 c: 18 center: (0,0) lb: [(-545,-215),(545,215)] ub: [(-545,-215),(545,215)] cut: [(-495,-165),(495,165)] bbox: [(-545,-215),(545,215)]
via : l: 8 u: 9 c: 19 center: (0,0) lb: [(-570,-570),(570,570)] ub: [(-570,-570),(570,570)] cut: [(-500,-500),(500,500)] bbox: [(-570,-570),(570,570)]
via : l: 9 u: 10 c: 20 center: (0,0) lb: [(-680,-680),(680,680)] ub: [(-680,-680),(680,680)] cut: [(-610,-610),(610,610)] bbox: [(-680,-680),(680,680)]
routing : net5__xc1/MINUS_port_0__cas_mos/DD_port_0
num src : 10 tgt : 101
sol found with 2 expansions!
	expanded : 0 0
	expanded : 1 0
	expanded : 2 0
	expanded : 3 0
	expanded : 4 0
	expanded : 5 0
	expanded : 6 0
	expanded : 7 0
	expanded : 8 0
	expanded : 9 1
	expanded : 10 1
flushing nodes
Geom::LayerRects Router::Router::findSol() runtime : 0.00728722(s)
Adding routes to xc1/MINUS_port_0 3
Adding routes to cas_mos/DD_port_0 3
flushing nodes
routing ports : xc1/MINUS_port_0 drain_ind/P1_port_0
pref layer pin found for xc1/MINUS_port_0
pref layer pin found for drain_ind/P1_port_0
layer cost (0) : 1e+07 1e+07
layer cost (1) : 1e+07 1e+07
layer cost (2) : 1e+07 1e+07
layer cost (3) : 1e+07 1e+07
layer cost (4) : 1e+07 1e+07
layer cost (5) : 1e+07 1e+07
layer cost (6) : 1e+07 1e+07
layer cost (7) : 1e+07 1e+07
layer cost (8) : 1e+07 1e+07
layer cost (9) : 1 1
layer cost (10) : 1 1
layer cost (11) : 1e+07 1e+07
after updatendr layer : 0 width : 60 60
after updatendr layer : 1 width : 14 14
after updatendr layer : 2 width : 100 100
after updatendr layer : 3 width : 100 100
after updatendr layer : 4 width : 100 100
after updatendr layer : 5 width : 100 100
after updatendr layer : 6 width : 100 100
after updatendr layer : 7 width : 100 100
after updatendr layer : 8 width : 100 100
after updatendr layer : 9 width : 400 400
after updatendr layer : 10 width : 2000 2000
after updatendr layer : 11 width : 60 60
after updatendr layer : 12 width : 95 95
after updatendr layer : 13 width : 110 110
after updatendr layer : 14 width : 110 110
after updatendr layer : 15 width : 110 110
after updatendr layer : 16 width : 110 110
after updatendr layer : 17 width : 110 110
after updatendr layer : 18 width : 110 110
after updatendr layer : 19 width : 350 350
after updatendr layer : 20 width : 350 350
layer : 0 width : 60 60
layer : 1 width : 14 14
layer : 2 width : 100 100
layer : 3 width : 100 100
layer : 4 width : 100 100
layer : 5 width : 100 100
layer : 6 width : 100 100
layer : 7 width : 100 100
layer : 8 width : 100 100
layer : 9 width : 400 400
layer : 10 width : 2000 2000
layer : 11 width : 60 60
layer : 12 width : 95 95
layer : 13 width : 110 110
layer : 14 width : 110 110
layer : 15 width : 110 110
layer : 16 width : 110 110
layer : 17 width : 110 110
layer : 18 width : 110 110
layer : 19 width : 350 350
layer : 20 width : 350 350
via : l: 2 u: 3 c: 13 center: (0,0) lb: [(-105,-105),(105,105)] ub: [(-105,-105),(105,105)] cut: [(-55,-55),(55,55)] bbox: [(-105,-105),(105,105)]
via : l: 3 u: 4 c: 14 center: (0,0) lb: [(-105,-105),(105,105)] ub: [(-105,-105),(105,105)] cut: [(-55,-55),(55,55)] bbox: [(-105,-105),(105,105)]
via : l: 4 u: 5 c: 15 center: (0,0) lb: [(-215,-215),(215,215)] ub: [(-215,-215),(215,215)] cut: [(-165,-165),(165,165)] bbox: [(-215,-215),(215,215)]
via : l: 5 u: 6 c: 16 center: (0,0) lb: [(-215,-215),(215,215)] ub: [(-215,-215),(215,215)] cut: [(-165,-165),(165,165)] bbox: [(-215,-215),(215,215)]
via : l: 6 u: 7 c: 17 center: (0,0) lb: [(-225,-225),(225,225)] ub: [(-225,-225),(225,225)] cut: [(-165,-165),(165,165)] bbox: [(-225,-225),(225,225)]
via : l: 7 u: 8 c: 18 center: (0,0) lb: [(-545,-215),(545,215)] ub: [(-545,-215),(545,215)] cut: [(-495,-165),(495,165)] bbox: [(-545,-215),(545,215)]
via : l: 8 u: 9 c: 19 center: (0,0) lb: [(-570,-570),(570,570)] ub: [(-570,-570),(570,570)] cut: [(-500,-500),(500,500)] bbox: [(-570,-570),(570,570)]
via : l: 9 u: 10 c: 20 center: (0,0) lb: [(-680,-680),(680,680)] ub: [(-680,-680),(680,680)] cut: [(-610,-610),(610,610)] bbox: [(-680,-680),(680,680)]
routing : net5__xc1/MINUS_port_0__drain_ind/P1_port_0
num src : 8 tgt : 228
sol found with 1 expansions!
	expanded : 0 0
	expanded : 1 0
	expanded : 2 0
	expanded : 3 0
	expanded : 4 0
	expanded : 5 0
	expanded : 6 0
	expanded : 7 0
	expanded : 8 0
	expanded : 9 0
	expanded : 10 1
flushing nodes
Geom::LayerRects Router::Router::findSol() runtime : 0.0105241(s)
Adding routes to xc1/MINUS_port_0 1
Adding routes to drain_ind/P1_port_0 1
net : net4
routing net : net4 31409
ports dist : xc3/MINUS_port_0 xR0/MINUS_port_0 0.248811
ports dist : xc3/MINUS_port_0 xR2/MINUS_port_0 0.530259
ports dist : xc3/MINUS_port_0 cas_mos/G2_port_0 0.659695
ports dist : xR0/MINUS_port_0 xR2/MINUS_port_0 0.0458467
ports dist : xR0/MINUS_port_0 cas_mos/G2_port_0 0.337755
ports dist : xR2/MINUS_port_0 cas_mos/G2_port_0 0.148
ports to route order : xR0/MINUS_port_0 xR2/MINUS_port_0
ports to route order : xR2/MINUS_port_0 cas_mos/G2_port_0
ports to route order : xR0/MINUS_port_0 xc3/MINUS_port_0
flushing nodes
routing ports : xR0/MINUS_port_0 xR2/MINUS_port_0
after updatendr layer : 0 width : 60 60
after updatendr layer : 1 width : 14 14
after updatendr layer : 2 width : 100 100
after updatendr layer : 3 width : 100 100
after updatendr layer : 4 width : 100 100
after updatendr layer : 5 width : 100 100
after updatendr layer : 6 width : 100 100
after updatendr layer : 7 width : 100 100
after updatendr layer : 8 width : 100 100
after updatendr layer : 9 width : 400 400
after updatendr layer : 10 width : 2000 2000
after updatendr layer : 11 width : 60 60
after updatendr layer : 12 width : 95 95
after updatendr layer : 13 width : 110 110
after updatendr layer : 14 width : 110 110
after updatendr layer : 15 width : 110 110
after updatendr layer : 16 width : 110 110
after updatendr layer : 17 width : 110 110
after updatendr layer : 18 width : 110 110
after updatendr layer : 19 width : 350 350
after updatendr layer : 20 width : 350 350
layer : 0 width : 60 60
layer : 1 width : 14 14
layer : 2 width : 100 100
layer : 3 width : 100 100
layer : 4 width : 100 100
layer : 5 width : 100 100
layer : 6 width : 100 100
layer : 7 width : 100 100
layer : 8 width : 100 100
layer : 9 width : 400 400
layer : 10 width : 2000 2000
layer : 11 width : 60 60
layer : 12 width : 95 95
layer : 13 width : 110 110
layer : 14 width : 110 110
layer : 15 width : 110 110
layer : 16 width : 110 110
layer : 17 width : 110 110
layer : 18 width : 110 110
layer : 19 width : 350 350
layer : 20 width : 350 350
via : l: 2 u: 3 c: 13 center: (0,0) lb: [(-105,-105),(105,105)] ub: [(-105,-105),(105,105)] cut: [(-55,-55),(55,55)] bbox: [(-105,-105),(105,105)]
via : l: 3 u: 4 c: 14 center: (0,0) lb: [(-105,-105),(105,105)] ub: [(-105,-105),(105,105)] cut: [(-55,-55),(55,55)] bbox: [(-105,-105),(105,105)]
via : l: 4 u: 5 c: 15 center: (0,0) lb: [(-215,-215),(215,215)] ub: [(-215,-215),(215,215)] cut: [(-165,-165),(165,165)] bbox: [(-215,-215),(215,215)]
via : l: 5 u: 6 c: 16 center: (0,0) lb: [(-215,-215),(215,215)] ub: [(-215,-215),(215,215)] cut: [(-165,-165),(165,165)] bbox: [(-215,-215),(215,215)]
via : l: 6 u: 7 c: 17 center: (0,0) lb: [(-225,-225),(225,225)] ub: [(-225,-225),(225,225)] cut: [(-165,-165),(165,165)] bbox: [(-225,-225),(225,225)]
via : l: 7 u: 8 c: 18 center: (0,0) lb: [(-545,-215),(545,215)] ub: [(-545,-215),(545,215)] cut: [(-495,-165),(495,165)] bbox: [(-545,-215),(545,215)]
via : l: 8 u: 9 c: 19 center: (0,0) lb: [(-570,-570),(570,570)] ub: [(-570,-570),(570,570)] cut: [(-500,-500),(500,500)] bbox: [(-570,-570),(570,570)]
via : l: 9 u: 10 c: 20 center: (0,0) lb: [(-680,-680),(680,680)] ub: [(-680,-680),(680,680)] cut: [(-610,-610),(610,610)] bbox: [(-680,-680),(680,680)]
routing : net4__xR0/MINUS_port_0__xR2/MINUS_port_0
num src : 80 tgt : 134
sol found with 1 expansions!
	expanded : 0 0
	expanded : 1 0
	expanded : 2 1
	expanded : 3 0
	expanded : 4 0
	expanded : 5 0
	expanded : 6 0
	expanded : 7 0
	expanded : 8 0
	expanded : 9 0
	expanded : 10 0
flushing nodes
Geom::LayerRects Router::Router::findSol() runtime : 0.030445(s)
Adding routes to xR0/MINUS_port_0 1
Adding routes to xR2/MINUS_port_0 1
flushing nodes
routing ports : xR2/MINUS_port_0 cas_mos/G2_port_0
after updatendr layer : 0 width : 60 60
after updatendr layer : 1 width : 14 14
after updatendr layer : 2 width : 100 100
after updatendr layer : 3 width : 100 100
after updatendr layer : 4 width : 100 100
after updatendr layer : 5 width : 100 100
after updatendr layer : 6 width : 100 100
after updatendr layer : 7 width : 100 100
after updatendr layer : 8 width : 100 100
after updatendr layer : 9 width : 400 400
after updatendr layer : 10 width : 2000 2000
after updatendr layer : 11 width : 60 60
after updatendr layer : 12 width : 95 95
after updatendr layer : 13 width : 110 110
after updatendr layer : 14 width : 110 110
after updatendr layer : 15 width : 110 110
after updatendr layer : 16 width : 110 110
after updatendr layer : 17 width : 110 110
after updatendr layer : 18 width : 110 110
after updatendr layer : 19 width : 350 350
after updatendr layer : 20 width : 350 350
layer : 0 width : 60 60
layer : 1 width : 14 14
layer : 2 width : 100 100
layer : 3 width : 100 100
layer : 4 width : 100 100
layer : 5 width : 100 100
layer : 6 width : 100 100
layer : 7 width : 100 100
layer : 8 width : 100 100
layer : 9 width : 400 400
layer : 10 width : 2000 2000
layer : 11 width : 60 60
layer : 12 width : 95 95
layer : 13 width : 110 110
layer : 14 width : 110 110
layer : 15 width : 110 110
layer : 16 width : 110 110
layer : 17 width : 110 110
layer : 18 width : 110 110
layer : 19 width : 350 350
layer : 20 width : 350 350
via : l: 2 u: 3 c: 13 center: (0,0) lb: [(-105,-105),(105,105)] ub: [(-105,-105),(105,105)] cut: [(-55,-55),(55,55)] bbox: [(-105,-105),(105,105)]
via : l: 3 u: 4 c: 14 center: (0,0) lb: [(-105,-105),(105,105)] ub: [(-105,-105),(105,105)] cut: [(-55,-55),(55,55)] bbox: [(-105,-105),(105,105)]
via : l: 4 u: 5 c: 15 center: (0,0) lb: [(-215,-215),(215,215)] ub: [(-215,-215),(215,215)] cut: [(-165,-165),(165,165)] bbox: [(-215,-215),(215,215)]
via : l: 5 u: 6 c: 16 center: (0,0) lb: [(-215,-215),(215,215)] ub: [(-215,-215),(215,215)] cut: [(-165,-165),(165,165)] bbox: [(-215,-215),(215,215)]
via : l: 6 u: 7 c: 17 center: (0,0) lb: [(-225,-225),(225,225)] ub: [(-225,-225),(225,225)] cut: [(-165,-165),(165,165)] bbox: [(-225,-225),(225,225)]
via : l: 7 u: 8 c: 18 center: (0,0) lb: [(-545,-215),(545,215)] ub: [(-545,-215),(545,215)] cut: [(-495,-165),(495,165)] bbox: [(-545,-215),(545,215)]
via : l: 8 u: 9 c: 19 center: (0,0) lb: [(-570,-570),(570,570)] ub: [(-570,-570),(570,570)] cut: [(-500,-500),(500,500)] bbox: [(-570,-570),(570,570)]
via : l: 9 u: 10 c: 20 center: (0,0) lb: [(-680,-680),(680,680)] ub: [(-680,-680),(680,680)] cut: [(-610,-610),(610,610)] bbox: [(-680,-680),(680,680)]
routing : net4__xR2/MINUS_port_0__cas_mos/G2_port_0
num src : 78 tgt : 112
sol found with 9 expansions!
	expanded : 0 0
	expanded : 1 0
	expanded : 2 7
	expanded : 3 1
	expanded : 4 1
	expanded : 5 0
	expanded : 6 0
	expanded : 7 0
	expanded : 8 0
	expanded : 9 0
	expanded : 10 0
flushing nodes
Geom::LayerRects Router::Router::findSol() runtime : 0.0378082(s)
Adding routes to xR2/MINUS_port_0 5
Adding routes to cas_mos/G2_port_0 5
flushing nodes
routing ports : xR0/MINUS_port_0 xc3/MINUS_port_0
after updatendr layer : 0 width : 60 60
after updatendr layer : 1 width : 14 14
after updatendr layer : 2 width : 100 100
after updatendr layer : 3 width : 100 100
after updatendr layer : 4 width : 100 100
after updatendr layer : 5 width : 100 100
after updatendr layer : 6 width : 100 100
after updatendr layer : 7 width : 100 100
after updatendr layer : 8 width : 100 100
after updatendr layer : 9 width : 400 400
after updatendr layer : 10 width : 2000 2000
after updatendr layer : 11 width : 60 60
after updatendr layer : 12 width : 95 95
after updatendr layer : 13 width : 110 110
after updatendr layer : 14 width : 110 110
after updatendr layer : 15 width : 110 110
after updatendr layer : 16 width : 110 110
after updatendr layer : 17 width : 110 110
after updatendr layer : 18 width : 110 110
after updatendr layer : 19 width : 350 350
after updatendr layer : 20 width : 350 350
layer : 0 width : 60 60
layer : 1 width : 14 14
layer : 2 width : 100 100
layer : 3 width : 100 100
layer : 4 width : 100 100
layer : 5 width : 100 100
layer : 6 width : 100 100
layer : 7 width : 100 100
layer : 8 width : 100 100
layer : 9 width : 400 400
layer : 10 width : 2000 2000
layer : 11 width : 60 60
layer : 12 width : 95 95
layer : 13 width : 110 110
layer : 14 width : 110 110
layer : 15 width : 110 110
layer : 16 width : 110 110
layer : 17 width : 110 110
layer : 18 width : 110 110
layer : 19 width : 350 350
layer : 20 width : 350 350
via : l: 2 u: 3 c: 13 center: (0,0) lb: [(-105,-105),(105,105)] ub: [(-105,-105),(105,105)] cut: [(-55,-55),(55,55)] bbox: [(-105,-105),(105,105)]
via : l: 3 u: 4 c: 14 center: (0,0) lb: [(-105,-105),(105,105)] ub: [(-105,-105),(105,105)] cut: [(-55,-55),(55,55)] bbox: [(-105,-105),(105,105)]
via : l: 4 u: 5 c: 15 center: (0,0) lb: [(-215,-215),(215,215)] ub: [(-215,-215),(215,215)] cut: [(-165,-165),(165,165)] bbox: [(-215,-215),(215,215)]
via : l: 5 u: 6 c: 16 center: (0,0) lb: [(-215,-215),(215,215)] ub: [(-215,-215),(215,215)] cut: [(-165,-165),(165,165)] bbox: [(-215,-215),(215,215)]
via : l: 6 u: 7 c: 17 center: (0,0) lb: [(-225,-225),(225,225)] ub: [(-225,-225),(225,225)] cut: [(-165,-165),(165,165)] bbox: [(-225,-225),(225,225)]
via : l: 7 u: 8 c: 18 center: (0,0) lb: [(-545,-215),(545,215)] ub: [(-545,-215),(545,215)] cut: [(-495,-165),(495,165)] bbox: [(-545,-215),(545,215)]
via : l: 8 u: 9 c: 19 center: (0,0) lb: [(-570,-570),(570,570)] ub: [(-570,-570),(570,570)] cut: [(-500,-500),(500,500)] bbox: [(-570,-570),(570,570)]
via : l: 9 u: 10 c: 20 center: (0,0) lb: [(-680,-680),(680,680)] ub: [(-680,-680),(680,680)] cut: [(-610,-610),(610,610)] bbox: [(-680,-680),(680,680)]
routing : net4__xR0/MINUS_port_0__xc3/MINUS_port_0
num src : 136 tgt : 166
sol found with 9 expansions!
	expanded : 0 0
	expanded : 1 0
	expanded : 2 0
	expanded : 3 2
	expanded : 4 1
	expanded : 5 1
	expanded : 6 1
	expanded : 7 1
	expanded : 8 1
	expanded : 9 2
	expanded : 10 0
flushing nodes
Geom::LayerRects Router::Router::findSol() runtime : 0.0430026(s)
Adding routes to xR0/MINUS_port_0 15
Adding routes to xc3/MINUS_port_0 15
net : net2
routing net : net2 39749
ports dist : xR0/PLUS_port_0 xR1/MINUS_port_0 0.445294
ports dist : xR0/PLUS_port_0 xR3/PLUS_port_0 0.0364789
ports dist : xR0/PLUS_port_0 bias_mos/D_port_0 0.32558
ports dist : xR1/MINUS_port_0 xR3/PLUS_port_0 0.345669
ports dist : xR1/MINUS_port_0 bias_mos/D_port_0 0.72647
ports dist : xR3/PLUS_port_0 bias_mos/D_port_0 0.453759
ports to route order : xR0/PLUS_port_0 xR3/PLUS_port_0
ports to route order : xR0/PLUS_port_0 bias_mos/D_port_0
ports to route order : xR3/PLUS_port_0 xR1/MINUS_port_0
flushing nodes
routing ports : xR0/PLUS_port_0 xR3/PLUS_port_0
after updatendr layer : 0 width : 60 60
after updatendr layer : 1 width : 14 14
after updatendr layer : 2 width : 100 100
after updatendr layer : 3 width : 100 100
after updatendr layer : 4 width : 100 100
after updatendr layer : 5 width : 100 100
after updatendr layer : 6 width : 100 100
after updatendr layer : 7 width : 100 100
after updatendr layer : 8 width : 100 100
after updatendr layer : 9 width : 400 400
after updatendr layer : 10 width : 2000 2000
after updatendr layer : 11 width : 60 60
after updatendr layer : 12 width : 95 95
after updatendr layer : 13 width : 110 110
after updatendr layer : 14 width : 110 110
after updatendr layer : 15 width : 110 110
after updatendr layer : 16 width : 110 110
after updatendr layer : 17 width : 110 110
after updatendr layer : 18 width : 110 110
after updatendr layer : 19 width : 350 350
after updatendr layer : 20 width : 350 350
layer : 0 width : 60 60
layer : 1 width : 14 14
layer : 2 width : 100 100
layer : 3 width : 100 100
layer : 4 width : 100 100
layer : 5 width : 100 100
layer : 6 width : 100 100
layer : 7 width : 100 100
layer : 8 width : 100 100
layer : 9 width : 400 400
layer : 10 width : 2000 2000
layer : 11 width : 60 60
layer : 12 width : 95 95
layer : 13 width : 110 110
layer : 14 width : 110 110
layer : 15 width : 110 110
layer : 16 width : 110 110
layer : 17 width : 110 110
layer : 18 width : 110 110
layer : 19 width : 350 350
layer : 20 width : 350 350
via : l: 2 u: 3 c: 13 center: (0,0) lb: [(-105,-105),(105,105)] ub: [(-105,-105),(105,105)] cut: [(-55,-55),(55,55)] bbox: [(-105,-105),(105,105)]
via : l: 3 u: 4 c: 14 center: (0,0) lb: [(-105,-105),(105,105)] ub: [(-105,-105),(105,105)] cut: [(-55,-55),(55,55)] bbox: [(-105,-105),(105,105)]
via : l: 4 u: 5 c: 15 center: (0,0) lb: [(-215,-215),(215,215)] ub: [(-215,-215),(215,215)] cut: [(-165,-165),(165,165)] bbox: [(-215,-215),(215,215)]
via : l: 5 u: 6 c: 16 center: (0,0) lb: [(-215,-215),(215,215)] ub: [(-215,-215),(215,215)] cut: [(-165,-165),(165,165)] bbox: [(-215,-215),(215,215)]
via : l: 6 u: 7 c: 17 center: (0,0) lb: [(-225,-225),(225,225)] ub: [(-225,-225),(225,225)] cut: [(-165,-165),(165,165)] bbox: [(-225,-225),(225,225)]
via : l: 7 u: 8 c: 18 center: (0,0) lb: [(-545,-215),(545,215)] ub: [(-545,-215),(545,215)] cut: [(-495,-165),(495,165)] bbox: [(-545,-215),(545,215)]
via : l: 8 u: 9 c: 19 center: (0,0) lb: [(-570,-570),(570,570)] ub: [(-570,-570),(570,570)] cut: [(-500,-500),(500,500)] bbox: [(-570,-570),(570,570)]
via : l: 9 u: 10 c: 20 center: (0,0) lb: [(-680,-680),(680,680)] ub: [(-680,-680),(680,680)] cut: [(-610,-610),(610,610)] bbox: [(-680,-680),(680,680)]
routing : net2__xR0/PLUS_port_0__xR3/PLUS_port_0
num src : 69 tgt : 134
sol found with 1 expansions!
	expanded : 0 0
	expanded : 1 0
	expanded : 2 1
	expanded : 3 0
	expanded : 4 0
	expanded : 5 0
	expanded : 6 0
	expanded : 7 0
	expanded : 8 0
	expanded : 9 0
	expanded : 10 0
flushing nodes
Geom::LayerRects Router::Router::findSol() runtime : 0.0279222(s)
Adding routes to xR0/PLUS_port_0 1
Adding routes to xR3/PLUS_port_0 1
flushing nodes
routing ports : xR0/PLUS_port_0 bias_mos/D_port_0
after updatendr layer : 0 width : 60 60
after updatendr layer : 1 width : 14 14
after updatendr layer : 2 width : 100 100
after updatendr layer : 3 width : 100 100
after updatendr layer : 4 width : 100 100
after updatendr layer : 5 width : 100 100
after updatendr layer : 6 width : 100 100
after updatendr layer : 7 width : 100 100
after updatendr layer : 8 width : 100 100
after updatendr layer : 9 width : 400 400
after updatendr layer : 10 width : 2000 2000
after updatendr layer : 11 width : 60 60
after updatendr layer : 12 width : 95 95
after updatendr layer : 13 width : 110 110
after updatendr layer : 14 width : 110 110
after updatendr layer : 15 width : 110 110
after updatendr layer : 16 width : 110 110
after updatendr layer : 17 width : 110 110
after updatendr layer : 18 width : 110 110
after updatendr layer : 19 width : 350 350
after updatendr layer : 20 width : 350 350
layer : 0 width : 60 60
layer : 1 width : 14 14
layer : 2 width : 100 100
layer : 3 width : 100 100
layer : 4 width : 100 100
layer : 5 width : 100 100
layer : 6 width : 100 100
layer : 7 width : 100 100
layer : 8 width : 100 100
layer : 9 width : 400 400
layer : 10 width : 2000 2000
layer : 11 width : 60 60
layer : 12 width : 95 95
layer : 13 width : 110 110
layer : 14 width : 110 110
layer : 15 width : 110 110
layer : 16 width : 110 110
layer : 17 width : 110 110
layer : 18 width : 110 110
layer : 19 width : 350 350
layer : 20 width : 350 350
via : l: 2 u: 3 c: 13 center: (0,0) lb: [(-105,-105),(105,105)] ub: [(-105,-105),(105,105)] cut: [(-55,-55),(55,55)] bbox: [(-105,-105),(105,105)]
via : l: 3 u: 4 c: 14 center: (0,0) lb: [(-105,-105),(105,105)] ub: [(-105,-105),(105,105)] cut: [(-55,-55),(55,55)] bbox: [(-105,-105),(105,105)]
via : l: 4 u: 5 c: 15 center: (0,0) lb: [(-215,-215),(215,215)] ub: [(-215,-215),(215,215)] cut: [(-165,-165),(165,165)] bbox: [(-215,-215),(215,215)]
via : l: 5 u: 6 c: 16 center: (0,0) lb: [(-215,-215),(215,215)] ub: [(-215,-215),(215,215)] cut: [(-165,-165),(165,165)] bbox: [(-215,-215),(215,215)]
via : l: 6 u: 7 c: 17 center: (0,0) lb: [(-225,-225),(225,225)] ub: [(-225,-225),(225,225)] cut: [(-165,-165),(165,165)] bbox: [(-225,-225),(225,225)]
via : l: 7 u: 8 c: 18 center: (0,0) lb: [(-545,-215),(545,215)] ub: [(-545,-215),(545,215)] cut: [(-495,-165),(495,165)] bbox: [(-545,-215),(545,215)]
via : l: 8 u: 9 c: 19 center: (0,0) lb: [(-570,-570),(570,570)] ub: [(-570,-570),(570,570)] cut: [(-500,-500),(500,500)] bbox: [(-570,-570),(570,570)]
via : l: 9 u: 10 c: 20 center: (0,0) lb: [(-680,-680),(680,680)] ub: [(-680,-680),(680,680)] cut: [(-610,-610),(610,610)] bbox: [(-680,-680),(680,680)]
routing : net2__xR0/PLUS_port_0__bias_mos/D_port_0
num src : 98 tgt : 166
sol found with 3 expansions!
	expanded : 0 0
	expanded : 1 0
	expanded : 2 1
	expanded : 3 2
	expanded : 4 0
	expanded : 5 0
	expanded : 6 0
	expanded : 7 0
	expanded : 8 0
	expanded : 9 0
	expanded : 10 0
flushing nodes
Geom::LayerRects Router::Router::findSol() runtime : 0.0372503(s)
Adding routes to xR0/PLUS_port_0 3
Adding routes to bias_mos/D_port_0 3
flushing nodes
routing ports : xR3/PLUS_port_0 xR1/MINUS_port_0
after updatendr layer : 0 width : 60 60
after updatendr layer : 1 width : 14 14
after updatendr layer : 2 width : 100 100
after updatendr layer : 3 width : 100 100
after updatendr layer : 4 width : 100 100
after updatendr layer : 5 width : 100 100
after updatendr layer : 6 width : 100 100
after updatendr layer : 7 width : 100 100
after updatendr layer : 8 width : 100 100
after updatendr layer : 9 width : 400 400
after updatendr layer : 10 width : 2000 2000
after updatendr layer : 11 width : 60 60
after updatendr layer : 12 width : 95 95
after updatendr layer : 13 width : 110 110
after updatendr layer : 14 width : 110 110
after updatendr layer : 15 width : 110 110
after updatendr layer : 16 width : 110 110
after updatendr layer : 17 width : 110 110
after updatendr layer : 18 width : 110 110
after updatendr layer : 19 width : 350 350
after updatendr layer : 20 width : 350 350
layer : 0 width : 60 60
layer : 1 width : 14 14
layer : 2 width : 100 100
layer : 3 width : 100 100
layer : 4 width : 100 100
layer : 5 width : 100 100
layer : 6 width : 100 100
layer : 7 width : 100 100
layer : 8 width : 100 100
layer : 9 width : 400 400
layer : 10 width : 2000 2000
layer : 11 width : 60 60
layer : 12 width : 95 95
layer : 13 width : 110 110
layer : 14 width : 110 110
layer : 15 width : 110 110
layer : 16 width : 110 110
layer : 17 width : 110 110
layer : 18 width : 110 110
layer : 19 width : 350 350
layer : 20 width : 350 350
via : l: 2 u: 3 c: 13 center: (0,0) lb: [(-105,-105),(105,105)] ub: [(-105,-105),(105,105)] cut: [(-55,-55),(55,55)] bbox: [(-105,-105),(105,105)]
via : l: 3 u: 4 c: 14 center: (0,0) lb: [(-105,-105),(105,105)] ub: [(-105,-105),(105,105)] cut: [(-55,-55),(55,55)] bbox: [(-105,-105),(105,105)]
via : l: 4 u: 5 c: 15 center: (0,0) lb: [(-215,-215),(215,215)] ub: [(-215,-215),(215,215)] cut: [(-165,-165),(165,165)] bbox: [(-215,-215),(215,215)]
via : l: 5 u: 6 c: 16 center: (0,0) lb: [(-215,-215),(215,215)] ub: [(-215,-215),(215,215)] cut: [(-165,-165),(165,165)] bbox: [(-215,-215),(215,215)]
via : l: 6 u: 7 c: 17 center: (0,0) lb: [(-225,-225),(225,225)] ub: [(-225,-225),(225,225)] cut: [(-165,-165),(165,165)] bbox: [(-225,-225),(225,225)]
via : l: 7 u: 8 c: 18 center: (0,0) lb: [(-545,-215),(545,215)] ub: [(-545,-215),(545,215)] cut: [(-495,-165),(495,165)] bbox: [(-545,-215),(545,215)]
via : l: 8 u: 9 c: 19 center: (0,0) lb: [(-570,-570),(570,570)] ub: [(-570,-570),(570,570)] cut: [(-500,-500),(500,500)] bbox: [(-570,-570),(570,570)]
via : l: 9 u: 10 c: 20 center: (0,0) lb: [(-680,-680),(680,680)] ub: [(-680,-680),(680,680)] cut: [(-610,-610),(610,610)] bbox: [(-680,-680),(680,680)]
routing : net2__xR3/PLUS_port_0__xR1/MINUS_port_0
num src : 69 tgt : 101
sol found with 6 expansions!
	expanded : 0 0
	expanded : 1 0
	expanded : 2 6
	expanded : 3 0
	expanded : 4 0
	expanded : 5 0
	expanded : 6 0
	expanded : 7 0
	expanded : 8 0
	expanded : 9 0
	expanded : 10 0
flushing nodes
Geom::LayerRects Router::Router::findSol() runtime : 0.0425463(s)
Adding routes to xR3/PLUS_port_0 1
Adding routes to xR1/MINUS_port_0 1
net : net13
routing net : net13 20404
ports dist : xR1/PLUS_port_0 bias_mos/G_port_0 0.725752
ports to route order : xR1/PLUS_port_0 bias_mos/G_port_0
flushing nodes
routing ports : xR1/PLUS_port_0 bias_mos/G_port_0
after updatendr layer : 0 width : 60 60
after updatendr layer : 1 width : 14 14
after updatendr layer : 2 width : 100 100
after updatendr layer : 3 width : 100 100
after updatendr layer : 4 width : 100 100
after updatendr layer : 5 width : 100 100
after updatendr layer : 6 width : 100 100
after updatendr layer : 7 width : 100 100
after updatendr layer : 8 width : 100 100
after updatendr layer : 9 width : 400 400
after updatendr layer : 10 width : 2000 2000
after updatendr layer : 11 width : 60 60
after updatendr layer : 12 width : 95 95
after updatendr layer : 13 width : 110 110
after updatendr layer : 14 width : 110 110
after updatendr layer : 15 width : 110 110
after updatendr layer : 16 width : 110 110
after updatendr layer : 17 width : 110 110
after updatendr layer : 18 width : 110 110
after updatendr layer : 19 width : 350 350
after updatendr layer : 20 width : 350 350
layer : 0 width : 60 60
layer : 1 width : 14 14
layer : 2 width : 100 100
layer : 3 width : 100 100
layer : 4 width : 100 100
layer : 5 width : 100 100
layer : 6 width : 100 100
layer : 7 width : 100 100
layer : 8 width : 100 100
layer : 9 width : 400 400
layer : 10 width : 2000 2000
layer : 11 width : 60 60
layer : 12 width : 95 95
layer : 13 width : 110 110
layer : 14 width : 110 110
layer : 15 width : 110 110
layer : 16 width : 110 110
layer : 17 width : 110 110
layer : 18 width : 110 110
layer : 19 width : 350 350
layer : 20 width : 350 350
via : l: 2 u: 3 c: 13 center: (0,0) lb: [(-105,-105),(105,105)] ub: [(-105,-105),(105,105)] cut: [(-55,-55),(55,55)] bbox: [(-105,-105),(105,105)]
via : l: 3 u: 4 c: 14 center: (0,0) lb: [(-105,-105),(105,105)] ub: [(-105,-105),(105,105)] cut: [(-55,-55),(55,55)] bbox: [(-105,-105),(105,105)]
via : l: 4 u: 5 c: 15 center: (0,0) lb: [(-215,-215),(215,215)] ub: [(-215,-215),(215,215)] cut: [(-165,-165),(165,165)] bbox: [(-215,-215),(215,215)]
via : l: 5 u: 6 c: 16 center: (0,0) lb: [(-215,-215),(215,215)] ub: [(-215,-215),(215,215)] cut: [(-165,-165),(165,165)] bbox: [(-215,-215),(215,215)]
via : l: 6 u: 7 c: 17 center: (0,0) lb: [(-225,-225),(225,225)] ub: [(-225,-225),(225,225)] cut: [(-165,-165),(165,165)] bbox: [(-225,-225),(225,225)]
via : l: 7 u: 8 c: 18 center: (0,0) lb: [(-545,-215),(545,215)] ub: [(-545,-215),(545,215)] cut: [(-495,-165),(495,165)] bbox: [(-545,-215),(545,215)]
via : l: 8 u: 9 c: 19 center: (0,0) lb: [(-570,-570),(570,570)] ub: [(-570,-570),(570,570)] cut: [(-500,-500),(500,500)] bbox: [(-570,-570),(570,570)]
via : l: 9 u: 10 c: 20 center: (0,0) lb: [(-680,-680),(680,680)] ub: [(-680,-680),(680,680)] cut: [(-610,-610),(610,610)] bbox: [(-680,-680),(680,680)]
routing : net13__xR1/PLUS_port_0__bias_mos/G_port_0
num src : 69 tgt : 102
sol found with 9 expansions!
	expanded : 0 0
	expanded : 1 0
	expanded : 2 6
	expanded : 3 2
	expanded : 4 1
	expanded : 5 0
	expanded : 6 0
	expanded : 7 0
	expanded : 8 0
	expanded : 9 0
	expanded : 10 0
flushing nodes
Geom::LayerRects Router::Router::findSol() runtime : 0.040927(s)
Adding routes to xR1/PLUS_port_0 5
Adding routes to bias_mos/G_port_0 5
net : net010
routing net : net010 56850
ports dist : input/PAD_port_0 xc2/PLUS_port_0 0.293852
ports to route order : input/PAD_port_0 xc2/PLUS_port_0
flushing nodes
routing ports : input/PAD_port_0 xc2/PLUS_port_0
pref layer pin found for input/PAD_port_0
pref layer pin not found for xc2/PLUS_port_0
layer cost (0) : 1e+07 1e+07
layer cost (1) : 1e+07 1e+07
layer cost (2) : 1e+07 1e+07
layer cost (3) : 1e+07 1e+07
layer cost (4) : 1e+07 1e+07
layer cost (5) : 1e+07 1e+07
layer cost (6) : 1e+07 1e+07
layer cost (7) : 1e+07 1e+07
layer cost (8) : 1e+07 1e+07
layer cost (9) : 1e+07 1e+07
layer cost (10) : 1 1
layer cost (11) : 1e+07 1e+07
after updatendr layer : 0 width : 60 60 ndr widthx : 60 ndr widthy : 60
after updatendr layer : 1 width : 14 14 ndr widthx : 14 ndr widthy : 14
after updatendr layer : 2 width : 100 100 ndr widthx : 100 ndr widthy : 100
after updatendr layer : 3 width : 100 100 ndr widthx : 100 ndr widthy : 100
after updatendr layer : 4 width : 100 100 ndr widthx : 100 ndr widthy : 100
after updatendr layer : 5 width : 100 100 ndr widthx : 100 ndr widthy : 100
after updatendr layer : 6 width : 100 100 ndr widthx : 100 ndr widthy : 100
after updatendr layer : 7 width : 100 100 ndr widthx : 100 ndr widthy : 100
after updatendr layer : 8 width : 100 100 ndr widthx : 100 ndr widthy : 100
after updatendr layer : 9 width : 400 400 ndr widthx : 400 ndr widthy : 400
after updatendr layer : 10 width : 2000 2000 ndr widthx : 6000 ndr widthy : 6000
after updatendr layer : 11 width : 60 60 ndr widthx : 60 ndr widthy : 60
after updatendr layer : 12 width : 95 95 ndr widthx : 95 ndr widthy : 95
after updatendr layer : 13 width : 110 110 ndr widthx : 110 ndr widthy : 110
after updatendr layer : 14 width : 110 110 ndr widthx : 110 ndr widthy : 110
after updatendr layer : 15 width : 110 110 ndr widthx : 110 ndr widthy : 110
after updatendr layer : 16 width : 110 110 ndr widthx : 110 ndr widthy : 110
after updatendr layer : 17 width : 110 110 ndr widthx : 110 ndr widthy : 110
after updatendr layer : 18 width : 110 110 ndr widthx : 110 ndr widthy : 110
after updatendr layer : 19 width : 350 350 ndr widthx : 350 ndr widthy : 350
after updatendr layer : 20 width : 350 350 ndr widthx : 350 ndr widthy : 350
layer : 0 width : 60 60 ndr widthx : 60 ndr widthy : 60
layer : 1 width : 14 14 ndr widthx : 14 ndr widthy : 14
layer : 2 width : 100 100 ndr widthx : 100 ndr widthy : 100
layer : 3 width : 100 100 ndr widthx : 100 ndr widthy : 100
layer : 4 width : 100 100 ndr widthx : 100 ndr widthy : 100
layer : 5 width : 100 100 ndr widthx : 100 ndr widthy : 100
layer : 6 width : 100 100 ndr widthx : 100 ndr widthy : 100
layer : 7 width : 100 100 ndr widthx : 100 ndr widthy : 100
layer : 8 width : 100 100 ndr widthx : 100 ndr widthy : 100
layer : 9 width : 400 400 ndr widthx : 400 ndr widthy : 400
layer : 10 width : 2000 2000 ndr widthx : 6000 ndr widthy : 6000
layer : 11 width : 60 60 ndr widthx : 60 ndr widthy : 60
layer : 12 width : 95 95 ndr widthx : 95 ndr widthy : 95
layer : 13 width : 110 110 ndr widthx : 110 ndr widthy : 110
layer : 14 width : 110 110 ndr widthx : 110 ndr widthy : 110
layer : 15 width : 110 110 ndr widthx : 110 ndr widthy : 110
layer : 16 width : 110 110 ndr widthx : 110 ndr widthy : 110
layer : 17 width : 110 110 ndr widthx : 110 ndr widthy : 110
layer : 18 width : 110 110 ndr widthx : 110 ndr widthy : 110
layer : 19 width : 350 350 ndr widthx : 350 ndr widthy : 350
layer : 20 width : 350 350 ndr widthx : 350 ndr widthy : 350
via : l: 2 u: 3 c: 13 center: (0,0) lb: [(-105,-105),(105,105)] ub: [(-105,-105),(105,105)] cut: [(-55,-55),(55,55)] bbox: [(-105,-105),(105,105)]
via : l: 3 u: 4 c: 14 center: (0,0) lb: [(-105,-105),(105,105)] ub: [(-105,-105),(105,105)] cut: [(-55,-55),(55,55)] bbox: [(-105,-105),(105,105)]
via : l: 4 u: 5 c: 15 center: (0,0) lb: [(-215,-215),(215,215)] ub: [(-215,-215),(215,215)] cut: [(-165,-165),(165,165)] bbox: [(-215,-215),(215,215)]
via : l: 5 u: 6 c: 16 center: (0,0) lb: [(-215,-215),(215,215)] ub: [(-215,-215),(215,215)] cut: [(-165,-165),(165,165)] bbox: [(-215,-215),(215,215)]
via : l: 6 u: 7 c: 17 center: (0,0) lb: [(-225,-225),(225,225)] ub: [(-225,-225),(225,225)] cut: [(-165,-165),(165,165)] bbox: [(-225,-225),(225,225)]
via : l: 7 u: 8 c: 18 center: (0,0) lb: [(-545,-215),(545,215)] ub: [(-545,-215),(545,215)] cut: [(-495,-165),(495,165)] bbox: [(-545,-215),(545,215)]
via : l: 8 u: 9 c: 19 center: (0,0) lb: [(-570,-570),(570,570)] ub: [(-570,-570),(570,570)] cut: [(-500,-500),(500,500)] bbox: [(-570,-570),(570,570)]
via : l: 9 u: 10 c: 20 center: (0,0) lb: [(-680,-680),(680,680)] ub: [(-680,-680),(680,680)] cut: [(-610,-610),(610,610)] bbox: [(-680,-680),(680,680)]
routing : net010__input/PAD_port_0__xc2/PLUS_port_0
num src : 34 tgt : 38
sol found with 2 expansions!
	expanded : 0 0
	expanded : 1 0
	expanded : 2 0
	expanded : 3 0
	expanded : 4 0
	expanded : 5 0
	expanded : 6 0
	expanded : 7 0
	expanded : 8 0
	expanded : 9 1
	expanded : 10 1
flushing nodes
Geom::LayerRects Router::Router::findSol() runtime : 0.0292699(s)
Adding routes to input/PAD_port_0 3
Adding routes to xc2/PLUS_port_0 3
net : net14
routing net : net14 24755
ports dist : xwg1/P2_port_0 xc2/MINUS_port_0 0.171386
ports to route order : xwg1/P2_port_0 xc2/MINUS_port_0
flushing nodes
routing ports : xwg1/P2_port_0 xc2/MINUS_port_0
pref layer pin found for xwg1/P2_port_0
pref layer pin not found for xc2/MINUS_port_0
layer cost (0) : 1e+07 1e+07
layer cost (1) : 1e+07 1e+07
layer cost (2) : 1e+07 1e+07
layer cost (3) : 1e+07 1e+07
layer cost (4) : 1e+07 1e+07
layer cost (5) : 1e+07 1e+07
layer cost (6) : 1e+07 1e+07
layer cost (7) : 1e+07 1e+07
layer cost (8) : 1e+07 1e+07
layer cost (9) : 1e+07 1e+07
layer cost (10) : 1 1
layer cost (11) : 1e+07 1e+07
after updatendr layer : 0 width : 60 60 ndr widthx : 60 ndr widthy : 60
after updatendr layer : 1 width : 14 14 ndr widthx : 14 ndr widthy : 14
after updatendr layer : 2 width : 100 100 ndr widthx : 100 ndr widthy : 100
after updatendr layer : 3 width : 100 100 ndr widthx : 100 ndr widthy : 100
after updatendr layer : 4 width : 100 100 ndr widthx : 100 ndr widthy : 100
after updatendr layer : 5 width : 100 100 ndr widthx : 100 ndr widthy : 100
after updatendr layer : 6 width : 100 100 ndr widthx : 100 ndr widthy : 100
after updatendr layer : 7 width : 100 100 ndr widthx : 100 ndr widthy : 100
after updatendr layer : 8 width : 100 100 ndr widthx : 100 ndr widthy : 100
after updatendr layer : 9 width : 400 400 ndr widthx : 400 ndr widthy : 400
after updatendr layer : 10 width : 2000 2000 ndr widthx : 4000 ndr widthy : 4000
after updatendr layer : 11 width : 60 60 ndr widthx : 60 ndr widthy : 60
after updatendr layer : 12 width : 95 95 ndr widthx : 95 ndr widthy : 95
after updatendr layer : 13 width : 110 110 ndr widthx : 110 ndr widthy : 110
after updatendr layer : 14 width : 110 110 ndr widthx : 110 ndr widthy : 110
after updatendr layer : 15 width : 110 110 ndr widthx : 110 ndr widthy : 110
after updatendr layer : 16 width : 110 110 ndr widthx : 110 ndr widthy : 110
after updatendr layer : 17 width : 110 110 ndr widthx : 110 ndr widthy : 110
after updatendr layer : 18 width : 110 110 ndr widthx : 110 ndr widthy : 110
after updatendr layer : 19 width : 350 350 ndr widthx : 350 ndr widthy : 350
after updatendr layer : 20 width : 350 350 ndr widthx : 350 ndr widthy : 350
layer : 0 width : 60 60 ndr widthx : 60 ndr widthy : 60
layer : 1 width : 14 14 ndr widthx : 14 ndr widthy : 14
layer : 2 width : 100 100 ndr widthx : 100 ndr widthy : 100
layer : 3 width : 100 100 ndr widthx : 100 ndr widthy : 100
layer : 4 width : 100 100 ndr widthx : 100 ndr widthy : 100
layer : 5 width : 100 100 ndr widthx : 100 ndr widthy : 100
layer : 6 width : 100 100 ndr widthx : 100 ndr widthy : 100
layer : 7 width : 100 100 ndr widthx : 100 ndr widthy : 100
layer : 8 width : 100 100 ndr widthx : 100 ndr widthy : 100
layer : 9 width : 400 400 ndr widthx : 400 ndr widthy : 400
layer : 10 width : 2000 2000 ndr widthx : 4000 ndr widthy : 4000
layer : 11 width : 60 60 ndr widthx : 60 ndr widthy : 60
layer : 12 width : 95 95 ndr widthx : 95 ndr widthy : 95
layer : 13 width : 110 110 ndr widthx : 110 ndr widthy : 110
layer : 14 width : 110 110 ndr widthx : 110 ndr widthy : 110
layer : 15 width : 110 110 ndr widthx : 110 ndr widthy : 110
layer : 16 width : 110 110 ndr widthx : 110 ndr widthy : 110
layer : 17 width : 110 110 ndr widthx : 110 ndr widthy : 110
layer : 18 width : 110 110 ndr widthx : 110 ndr widthy : 110
layer : 19 width : 350 350 ndr widthx : 350 ndr widthy : 350
layer : 20 width : 350 350 ndr widthx : 350 ndr widthy : 350
via : l: 2 u: 3 c: 13 center: (0,0) lb: [(-105,-105),(105,105)] ub: [(-105,-105),(105,105)] cut: [(-55,-55),(55,55)] bbox: [(-105,-105),(105,105)]
via : l: 3 u: 4 c: 14 center: (0,0) lb: [(-105,-105),(105,105)] ub: [(-105,-105),(105,105)] cut: [(-55,-55),(55,55)] bbox: [(-105,-105),(105,105)]
via : l: 4 u: 5 c: 15 center: (0,0) lb: [(-215,-215),(215,215)] ub: [(-215,-215),(215,215)] cut: [(-165,-165),(165,165)] bbox: [(-215,-215),(215,215)]
via : l: 5 u: 6 c: 16 center: (0,0) lb: [(-215,-215),(215,215)] ub: [(-215,-215),(215,215)] cut: [(-165,-165),(165,165)] bbox: [(-215,-215),(215,215)]
via : l: 6 u: 7 c: 17 center: (0,0) lb: [(-225,-225),(225,225)] ub: [(-225,-225),(225,225)] cut: [(-165,-165),(165,165)] bbox: [(-225,-225),(225,225)]
via : l: 7 u: 8 c: 18 center: (0,0) lb: [(-545,-215),(545,215)] ub: [(-545,-215),(545,215)] cut: [(-495,-165),(495,165)] bbox: [(-545,-215),(545,215)]
via : l: 8 u: 9 c: 19 center: (0,0) lb: [(-570,-570),(570,570)] ub: [(-570,-570),(570,570)] cut: [(-500,-500),(500,500)] bbox: [(-570,-570),(570,570)]
via : l: 9 u: 10 c: 20 center: (0,0) lb: [(-680,-680),(680,680)] ub: [(-680,-680),(680,680)] cut: [(-610,-610),(610,610)] bbox: [(-680,-680),(680,680)]
routing : net14__xwg1/P2_port_0__xc2/MINUS_port_0
num src : 23 tgt : 115
sol found with 2 expansions!
	expanded : 0 0
	expanded : 1 0
	expanded : 2 0
	expanded : 3 0
	expanded : 4 0
	expanded : 5 0
	expanded : 6 0
	expanded : 7 0
	expanded : 8 0
	expanded : 9 0
	expanded : 10 2
flushing nodes
Geom::LayerRects Router::Router::findSol() runtime : 0.0237217(s)
Adding routes to xwg1/P2_port_0 3
Adding routes to xc2/MINUS_port_0 3
net : net8
routing net : net8 39345
ports dist : xwg1/P1_port_0 gate_ind/P1_port_0 0.365866
ports to route order : xwg1/P1_port_0 gate_ind/P1_port_0
flushing nodes
routing ports : xwg1/P1_port_0 gate_ind/P1_port_0
pref layer pin found for xwg1/P1_port_0
pref layer pin found for gate_ind/P1_port_0
layer cost (0) : 1e+07 1e+07
layer cost (1) : 1e+07 1e+07
layer cost (2) : 1e+07 1e+07
layer cost (3) : 1e+07 1e+07
layer cost (4) : 1e+07 1e+07
layer cost (5) : 1e+07 1e+07
layer cost (6) : 1e+07 1e+07
layer cost (7) : 1e+07 1e+07
layer cost (8) : 1e+07 1e+07
layer cost (9) : 1e+07 1e+07
layer cost (10) : 1 1
layer cost (11) : 1e+07 1e+07
after updatendr layer : 0 width : 60 60 ndr widthx : 60 ndr widthy : 60
after updatendr layer : 1 width : 14 14 ndr widthx : 14 ndr widthy : 14
after updatendr layer : 2 width : 100 100 ndr widthx : 100 ndr widthy : 100
after updatendr layer : 3 width : 100 100 ndr widthx : 100 ndr widthy : 100
after updatendr layer : 4 width : 100 100 ndr widthx : 100 ndr widthy : 100
after updatendr layer : 5 width : 100 100 ndr widthx : 100 ndr widthy : 100
after updatendr layer : 6 width : 100 100 ndr widthx : 100 ndr widthy : 100
after updatendr layer : 7 width : 100 100 ndr widthx : 100 ndr widthy : 100
after updatendr layer : 8 width : 100 100 ndr widthx : 100 ndr widthy : 100
after updatendr layer : 9 width : 400 400 ndr widthx : 400 ndr widthy : 400
after updatendr layer : 10 width : 2000 2000 ndr widthx : 4000 ndr widthy : 4000
after updatendr layer : 11 width : 60 60 ndr widthx : 60 ndr widthy : 60
after updatendr layer : 12 width : 95 95 ndr widthx : 95 ndr widthy : 95
after updatendr layer : 13 width : 110 110 ndr widthx : 110 ndr widthy : 110
after updatendr layer : 14 width : 110 110 ndr widthx : 110 ndr widthy : 110
after updatendr layer : 15 width : 110 110 ndr widthx : 110 ndr widthy : 110
after updatendr layer : 16 width : 110 110 ndr widthx : 110 ndr widthy : 110
after updatendr layer : 17 width : 110 110 ndr widthx : 110 ndr widthy : 110
after updatendr layer : 18 width : 110 110 ndr widthx : 110 ndr widthy : 110
after updatendr layer : 19 width : 350 350 ndr widthx : 350 ndr widthy : 350
after updatendr layer : 20 width : 350 350 ndr widthx : 350 ndr widthy : 350
layer : 0 width : 60 60 ndr widthx : 60 ndr widthy : 60
layer : 1 width : 14 14 ndr widthx : 14 ndr widthy : 14
layer : 2 width : 100 100 ndr widthx : 100 ndr widthy : 100
layer : 3 width : 100 100 ndr widthx : 100 ndr widthy : 100
layer : 4 width : 100 100 ndr widthx : 100 ndr widthy : 100
layer : 5 width : 100 100 ndr widthx : 100 ndr widthy : 100
layer : 6 width : 100 100 ndr widthx : 100 ndr widthy : 100
layer : 7 width : 100 100 ndr widthx : 100 ndr widthy : 100
layer : 8 width : 100 100 ndr widthx : 100 ndr widthy : 100
layer : 9 width : 400 400 ndr widthx : 400 ndr widthy : 400
layer : 10 width : 2000 2000 ndr widthx : 4000 ndr widthy : 4000
layer : 11 width : 60 60 ndr widthx : 60 ndr widthy : 60
layer : 12 width : 95 95 ndr widthx : 95 ndr widthy : 95
layer : 13 width : 110 110 ndr widthx : 110 ndr widthy : 110
layer : 14 width : 110 110 ndr widthx : 110 ndr widthy : 110
layer : 15 width : 110 110 ndr widthx : 110 ndr widthy : 110
layer : 16 width : 110 110 ndr widthx : 110 ndr widthy : 110
layer : 17 width : 110 110 ndr widthx : 110 ndr widthy : 110
layer : 18 width : 110 110 ndr widthx : 110 ndr widthy : 110
layer : 19 width : 350 350 ndr widthx : 350 ndr widthy : 350
layer : 20 width : 350 350 ndr widthx : 350 ndr widthy : 350
via : l: 2 u: 3 c: 13 center: (0,0) lb: [(-105,-105),(105,105)] ub: [(-105,-105),(105,105)] cut: [(-55,-55),(55,55)] bbox: [(-105,-105),(105,105)]
via : l: 3 u: 4 c: 14 center: (0,0) lb: [(-105,-105),(105,105)] ub: [(-105,-105),(105,105)] cut: [(-55,-55),(55,55)] bbox: [(-105,-105),(105,105)]
via : l: 4 u: 5 c: 15 center: (0,0) lb: [(-215,-215),(215,215)] ub: [(-215,-215),(215,215)] cut: [(-165,-165),(165,165)] bbox: [(-215,-215),(215,215)]
via : l: 5 u: 6 c: 16 center: (0,0) lb: [(-215,-215),(215,215)] ub: [(-215,-215),(215,215)] cut: [(-165,-165),(165,165)] bbox: [(-215,-215),(215,215)]
via : l: 6 u: 7 c: 17 center: (0,0) lb: [(-225,-225),(225,225)] ub: [(-225,-225),(225,225)] cut: [(-165,-165),(165,165)] bbox: [(-225,-225),(225,225)]
via : l: 7 u: 8 c: 18 center: (0,0) lb: [(-545,-215),(545,215)] ub: [(-545,-215),(545,215)] cut: [(-495,-165),(495,165)] bbox: [(-545,-215),(545,215)]
via : l: 8 u: 9 c: 19 center: (0,0) lb: [(-570,-570),(570,570)] ub: [(-570,-570),(570,570)] cut: [(-500,-500),(500,500)] bbox: [(-570,-570),(570,570)]
via : l: 9 u: 10 c: 20 center: (0,0) lb: [(-680,-680),(680,680)] ub: [(-680,-680),(680,680)] cut: [(-610,-610),(610,610)] bbox: [(-680,-680),(680,680)]
routing : net8__xwg1/P1_port_0__gate_ind/P1_port_0
num src : 8 tgt : 23
sol found with 544 expansions!
	expanded : 0 0
	expanded : 1 0
	expanded : 2 0
	expanded : 3 0
	expanded : 4 0
	expanded : 5 52
	expanded : 6 70
	expanded : 7 80
	expanded : 8 80
	expanded : 9 80
	expanded : 10 182
flushing nodes
Geom::LayerRects Router::Router::findSol() runtime : 0.00566505(s)
Adding routes to xwg1/P1_port_0 1
Adding routes to gate_ind/P1_port_0 1
net : net3
excluding net : net3 from routing
net : net7
excluding net : net7 from routing
net : gnd
excluding net : gnd from routing
Checking SHORT for module : lna
SHORT between gnd & obstacle @ layer : 2
[(259752,610214),(260032,610454)] [(259752,609774),(260032,610234)]
SHORT between gnd & obstacle @ layer : 2
[(259752,610214),(260032,610454)] [(259752,610434),(260032,610894)]
SHORT between gnd & obstacle @ layer : 2
[(259752,610214),(260032,610454)] [(259752,610214),(260032,610454)]
SHORT between gnd & obstacle @ layer : 2
[(259752,610214),(260032,610454)] [(259752,610214),(260032,610454)]
SHORT between gnd & obstacle @ layer : 2
[(242641,580827),(242851,581037)] [(236701,578865),(242851,582895)]
SHORT between gnd & obstacle @ layer : 2
[(386022,572375),(396022,582375)] [(277158,517696),(396516,637054)]
SHORT between gnd & obstacle @ layer : 6
[(442660,643556),(443090,647360)] [(409220,644858),(443090,646058)]
SHORT between gnd & obstacle @ layer : 6
[(442660,643556),(443090,647360)] [(427955,643058),(443090,644258)]
SHORT between gnd & obstacle @ layer : 6
[(442660,643556),(443090,647360)] [(427955,646658),(443090,647858)]
SHORT between gnd & obstacle @ layer : 6
[(442660,643556),(443090,647360)] [(442660,638638),(443090,652278)]
SHORT between gnd & obstacle @ layer : 6
[(409220,643556),(409650,647360)] [(409220,644858),(443090,646058)]
SHORT between gnd & obstacle @ layer : 6
[(409220,643556),(409650,647360)] [(409220,646658),(424355,647858)]
SHORT between gnd & obstacle @ layer : 6
[(409220,643556),(409650,647360)] [(409220,643058),(424355,644258)]
SHORT between gnd & obstacle @ layer : 6
[(409220,643556),(409650,647360)] [(409220,638638),(409650,652278)]
SHORT between gnd & obstacle @ layer : 6
[(244016,606626),(244446,611102)] [(228786,608264),(244446,609464)]
SHORT between gnd & obstacle @ layer : 6
[(244016,606626),(244446,611102)] [(238416,606464),(244446,607664)]
SHORT between gnd & obstacle @ layer : 6
[(244016,606626),(244446,611102)] [(238416,610064),(244446,611264)]
SHORT between gnd & obstacle @ layer : 6
[(244016,606626),(244446,611102)] [(244016,601034),(244446,616694)]
SHORT between gnd & obstacle @ layer : 6
[(228786,606626),(229216,611102)] [(228786,608264),(244446,609464)]
SHORT between gnd & obstacle @ layer : 6
[(228786,606626),(229216,611102)] [(228786,610064),(234816,611264)]
SHORT between gnd & obstacle @ layer : 6
[(228786,606626),(229216,611102)] [(228786,606464),(234816,607664)]
SHORT between gnd & obstacle @ layer : 6
[(228786,606626),(229216,611102)] [(228786,601034),(229216,616694)]
SHORT between gnd & obstacle @ layer : 9
[(221152,584175),(222432,585635)] [(221152,584175),(227642,585635)]
SHORT between gnd & obstacle @ layer : 9
[(235436,617534),(237796,619194)] [(235436,601034),(237796,619194)]
SHORT between gnd & obstacle @ layer : 10
[(334870,669778),(357380,687458)] [(320120,669778),(370120,729778)]
SHORT between gnd & obstacle @ layer : 10
[(334870,669778),(357380,687458)] [(321690,672748),(368550,726808)]
SHORT between gnd & obstacle @ layer : 10
[(254840,669778),(277350,687458)] [(240090,669778),(290090,729778)]
SHORT between gnd & obstacle @ layer : 10
[(254840,669778),(277350,687458)] [(241660,672748),(288520,726808)]
SHORT between gnd & obstacle @ layer : 10
[(174810,669778),(197320,687458)] [(160060,669778),(210060,729778)]
SHORT between gnd & obstacle @ layer : 10
[(174810,669778),(197320,687458)] [(161630,672748),(208490,726808)]
SHORT between gnd & obstacle @ layer : 10
[(241152,485875),(245652,490375)] [(241152,485875),(245652,575875)]
SHORT between gnd & obstacle @ layer : 10
[(434812,597900),(443287,607375)] [(434812,572638),(443287,632638)]
SHORT between gnd & obstacle @ layer : 10
[(434812,597900),(443287,607375)] [(441387,570138),(444287,635138)]
SHORT between gnd & obstacle @ layer : 10
[(409022,597900),(417497,607375)] [(409022,572638),(417497,632638)]
SHORT between gnd & obstacle @ layer : 10
[(409022,597900),(417497,607375)] [(408022,570138),(410922,635138)]
SHORT between net010 & obstacle @ layer : 9
[(424975,653118),(427335,654778)] [(424975,638638),(427335,654778)]
SHORT between net010 & obstacle @ layer : 9
[(425475,653900),(426835,655260)] [(424975,638638),(427335,654778)]
SHORT between net010 & obstacle @ layer : 10
[(414900,669778),(437410,687458)] [(400150,669778),(450150,729778)]
SHORT between net010 & obstacle @ layer : 10
[(414900,669778),(437410,687458)] [(401720,672748),(448580,726808)]
SHORT between net010 & obstacle @ layer : 10
[(423155,651580),(429155,672780)] [(400150,669778),(450150,729778)]
SHORT between net010 & obstacle @ layer : 10
[(423155,651580),(429155,672780)] [(401720,672748),(448580,726808)]
SHORT between net1 & obstacle @ layer : 8
[(243251,579515),(243551,580555)] [(237166,579515),(243551,580555)]
SHORT between net1 & obstacle @ layer : 8
[(242835,578995),(243975,580135)] [(237166,579515),(243551,580555)]
SHORT between net1 & obstacle @ layer : 10
[(241152,571375),(245652,575875)] [(241152,485875),(245652,575875)]
SHORT between net12 & obstacle @ layer : 2
[(261472,577330),(265432,577420)] [(261487,577330),(265417,577420)]
SHORT between net12 & obstacle @ layer : 2
[(265222,577270),(265432,577480)] [(261487,577330),(265417,577420)]
SHORT between net12 & obstacle @ layer : 10
[(237366,576875),(242186,577875)] [(237366,576875),(242186,578875)]
SHORT between net12 & obstacle @ layer : 10
[(266652,574375),(272652,580375)] [(266652,574375),(305652,580375)]
SHORT between net12 & obstacle @ layer : 10
[(241436,576625),(267405,578125)] [(237366,576875),(242186,578875)]
SHORT between net12 & obstacle @ layer : 10
[(241436,576625),(267405,578125)] [(266652,574375),(305652,580375)]
SHORT between net13 & obstacle @ layer : 2
[(261482,595110),(261572,599070)] [(261482,595125),(261572,599055)]
SHORT between net13 & obstacle @ layer : 2
[(261425,598860),(261635,599070)] [(261482,595125),(261572,599055)]
SHORT between net13 & obstacle @ layer : 4
[(257662,611204),(260032,611604)] [(257662,611104),(260032,611604)]
SHORT between net13 & obstacle @ layer : 4
[(257662,611204),(260032,611604)] [(258397,610729),(259297,611239)]
SHORT between net13 & obstacle @ layer : 4
[(259985,611235),(261580,611335)] [(257662,611104),(260032,611604)]
SHORT between net14 & obstacle @ layer : 9
[(421095,636138),(431215,637798)] [(409220,636138),(443090,637798)]
SHORT between net14 & obstacle @ layer : 9
[(425475,635660),(426835,637020)] [(409220,636138),(443090,637798)]
SHORT between net14 & obstacle @ layer : 10
[(421417,623163),(430892,632638)] [(421417,572638),(430892,632638)]
SHORT between net14 & obstacle @ layer : 10
[(424155,630640),(428155,638340)] [(421417,572638),(430892,632638)]
SHORT between net2 & obstacle @ layer : 2
[(259932,589915),(260022,597315)] [(259932,589930),(260022,597300)]
SHORT between net2 & obstacle @ layer : 2
[(277722,595110),(277812,599070)] [(277158,517696),(396516,637054)]
SHORT between net2 & obstacle @ layer : 2
[(277722,595110),(277812,599070)] [(277722,595125),(277812,599055)]
SHORT between net2 & obstacle @ layer : 2
[(261472,593570),(265432,593660)] [(261487,593570),(265417,593660)]
SHORT between net2 & obstacle @ layer : 2
[(260022,593565),(261757,593665)] [(259932,589930),(260022,597300)]
SHORT between net2 & obstacle @ layer : 2
[(260022,593565),(261757,593665)] [(261487,593570),(265417,593660)]
SHORT between net2 & obstacle @ layer : 2
[(259825,597110),(260035,597320)] [(259932,589930),(260022,597300)]
SHORT between net2 & obstacle @ layer : 2
[(265327,593565),(277772,593665)] [(277158,517696),(396516,637054)]
SHORT between net2 & obstacle @ layer : 2
[(265327,593565),(277772,593665)] [(261487,593570),(265417,593660)]
SHORT between net2 & obstacle @ layer : 2
[(277672,593565),(277772,595290)] [(277158,517696),(396516,637054)]
SHORT between net2 & obstacle @ layer : 2
[(277672,593565),(277772,595290)] [(277722,595125),(277812,599055)]
SHORT between net2 & obstacle @ layer : 3
[(257662,609064),(260032,609514)] [(257662,609064),(260032,609564)]
SHORT between net2 & obstacle @ layer : 3
[(257662,609064),(260032,609514)] [(259037,609294),(259217,610214)]
SHORT between net2 & obstacle @ layer : 3
[(257662,609064),(260032,609514)] [(258477,609294),(258657,610214)]
SHORT between net2 & obstacle @ layer : 3
[(259880,597165),(259980,609115)] [(257662,609064),(260032,609564)]
SHORT between net3 & obstacle @ layer : 10
[(130152,583155),(133652,586655)] [(130152,583155),(220152,586655)]
SHORT between net3 & obstacle @ layer : 10
[(94780,669778),(117290,687458)] [(80030,669778),(130030,729778)]
SHORT between net3 & obstacle @ layer : 10
[(94780,669778),(117290,687458)] [(81600,672748),(128460,726808)]
SHORT between net4 & obstacle @ layer : 2
[(234942,589915),(235032,597315)] [(234942,589930),(235032,597300)]
SHORT between net4 & obstacle @ layer : 2
[(234942,583955),(235032,588475)] [(234942,583970),(235032,588460)]
SHORT between net4 & obstacle @ layer : 2
[(234892,588315),(234992,590015)] [(234942,589930),(235032,597300)]
SHORT between net4 & obstacle @ layer : 2
[(234892,588315),(234992,590015)] [(234942,583970),(235032,588460)]
SHORT between net4 & obstacle @ layer : 2
[(234982,582425),(235082,584115)] [(234942,583970),(235032,588460)]
SHORT between net4 & obstacle @ layer : 2
[(234927,597110),(235137,597320)] [(234942,589930),(235032,597300)]
SHORT between net4 & obstacle @ layer : 4
[(236366,580925),(236866,582525)] [(236866,580925),(237366,581105)]
SHORT between net4 & obstacle @ layer : 4
[(236366,580925),(236866,582525)] [(236866,582345),(237366,582525)]
SHORT between net4 & obstacle @ layer : 4
[(236366,580925),(236866,582525)] [(236366,580925),(236866,582525)]
SHORT between net4 & obstacle @ layer : 4
[(236335,582370),(236545,582580)] [(236366,580925),(236866,582525)]
SHORT between net4 & obstacle @ layer : 9
[(230546,598534),(242686,600194)] [(228786,598534),(244446,600194)]
SHORT between net4 & obstacle @ layer : 9
[(234880,597015),(235280,598735)] [(228786,598534),(244446,600194)]
SHORT between net5 & obstacle @ layer : 9
[(228482,580200),(229322,589610)] [(222832,580200),(229322,581660)]
SHORT between net5 & obstacle @ layer : 9
[(228482,580200),(229322,589610)] [(222832,588150),(229322,589610)]
SHORT between net5 & obstacle @ layer : 9
[(228482,580200),(229322,589610)] [(228482,581660),(229322,588150)]
SHORT between net5 & obstacle @ layer : 9
[(229125,584705),(238866,585105)] [(228482,581660),(229322,588150)]
SHORT between net5 & obstacle @ layer : 9
[(237986,584225),(239346,585585)] [(237166,583405),(242386,584645)]
SHORT between net5 & obstacle @ layer : 10
[(237166,584405),(242386,585405)] [(237166,583405),(242386,585405)]
SHORT between net5 & obstacle @ layer : 10
[(216652,583155),(220152,586655)] [(130152,583155),(220152,586655)]
SHORT between net5 & obstacle @ layer : 10
[(237986,584225),(239346,585585)] [(237166,583405),(242386,585405)]
SHORT between net5 & obstacle @ layer : 10
[(219155,583905),(238670,585905)] [(237166,583405),(242386,585405)]
SHORT between net5 & obstacle @ layer : 10
[(219155,583905),(238670,585905)] [(130152,583155),(220152,586655)]
SHORT between net7 & obstacle @ layer : 2
[(231422,583955),(231512,588475)] [(231422,583970),(231512,588460)]
SHORT between net7 & obstacle @ layer : 10
[(42320,574960),(60000,597470)] [(0,560210),(60000,610210)]
SHORT between net7 & obstacle @ layer : 10
[(42320,574960),(60000,597470)] [(2970,561780),(57030,608640)]
SHORT between net8 & obstacle @ layer : 10
[(401022,574375),(407022,580375)] [(376522,574375),(407022,580375)]
SHORT between net8 & obstacle @ layer : 10
[(421417,572638),(430892,582113)] [(421417,572638),(430892,632638)]
SHORT between net8 & obstacle @ layer : 10
[(421420,565535),(425420,574775)] [(421417,572638),(430892,632638)]
SHORT between net8 & obstacle @ layer : 10
[(403025,565535),(407025,577375)] [(376522,574375),(407022,580375)]
void Placement::Module::route(Router::Router&, const std::string&) runtime : 0.446338(s)
Checking SHORT for module : source_ind
void Placement::Module::route(Router::Router&, const std::string&) runtime : 9.41e-07(s)
Checking SHORT for module : vdd
void Placement::Module::route(Router::Router&, const std::string&) runtime : 6.13e-07(s)
Checking SHORT for module : xR0_2
void Placement::Module::route(Router::Router&, const std::string&) runtime : 6.97e-07(s)
Checking SHORT for module : xR1_2
void Placement::Module::route(Router::Router&, const std::string&) runtime : 5.47e-07(s)
Checking SHORT for module : xR2_0
void Placement::Module::route(Router::Router&, const std::string&) runtime : 7.73e-07(s)
Checking SHORT for module : xR3_2
void Placement::Module::route(Router::Router&, const std::string&) runtime : 7.24e-07(s)
Checking SHORT for module : xc1_1
void Placement::Module::route(Router::Router&, const std::string&) runtime : 1.052e-06(s)
Checking SHORT for module : xc2_3
void Placement::Module::route(Router::Router&, const std::string&) runtime : 1.14e-06(s)
Checking SHORT for module : xc3_1
void Placement::Module::route(Router::Router&, const std::string&) runtime : 1.124e-06(s)
Checking SHORT for module : xwg1
void Placement::Module::route(Router::Router&, const std::string&) runtime : 8.08e-07(s)
plotting module bias to lna_1_stage/stage_3/routing/bias.gplt
plotting module bias_mos to lna_1_stage/stage_3/routing/bias_mos.gplt
plotting module cas_mos to lna_1_stage/stage_3/routing/cas_mos.gplt
plotting module drain_ind to lna_1_stage/stage_3/routing/drain_ind.gplt
plotting module gate_ind_x.5 to lna_1_stage/stage_3/routing/gate_ind_x.5.gplt
plotting module gnd0 to lna_1_stage/stage_3/routing/gnd0.gplt
plotting module gnd1 to lna_1_stage/stage_3/routing/gnd1.gplt
plotting module gnd2 to lna_1_stage/stage_3/routing/gnd2.gplt
plotting module input to lna_1_stage/stage_3/routing/input.gplt
plotting module lna to lna_1_stage/stage_3/routing/lna.gplt
plotting module source_ind to lna_1_stage/stage_3/routing/source_ind.gplt
plotting module vdd to lna_1_stage/stage_3/routing/vdd.gplt
plotting module xR0_2 to lna_1_stage/stage_3/routing/xR0_2.gplt
plotting module xR1_2 to lna_1_stage/stage_3/routing/xR1_2.gplt
plotting module xR2_0 to lna_1_stage/stage_3/routing/xR2_0.gplt
plotting module xR3_2 to lna_1_stage/stage_3/routing/xR3_2.gplt
plotting module xc1_1 to lna_1_stage/stage_3/routing/xc1_1.gplt
plotting module xc2_3 to lna_1_stage/stage_3/routing/xc2_3.gplt
plotting module xc3_1 to lna_1_stage/stage_3/routing/xc3_1.gplt
plotting module xwg1 to lna_1_stage/stage_3/routing/xwg1.gplt
Checking SHORT for module : bias
Checking SHORT for module : bias_mos
Checking SHORT for module : cas_mos
Checking SHORT for module : drain_ind
Checking SHORT for module : gate_ind_x.5
Checking SHORT for module : gnd0
Checking SHORT for module : gnd1
Checking SHORT for module : gnd2
Checking SHORT for module : input
Checking SHORT for module : lna
SHORT between gnd & obstacle @ layer : 2
[(259752,610214),(260032,610454)] [(259752,609774),(260032,610234)]
SHORT between gnd & obstacle @ layer : 2
[(259752,610214),(260032,610454)] [(259752,610434),(260032,610894)]
SHORT between gnd & obstacle @ layer : 2
[(259752,610214),(260032,610454)] [(259752,610214),(260032,610454)]
SHORT between gnd & obstacle @ layer : 2
[(259752,610214),(260032,610454)] [(259752,610214),(260032,610454)]
SHORT between gnd & obstacle @ layer : 2
[(242641,580827),(242851,581037)] [(236701,578865),(242851,582895)]
SHORT between gnd & obstacle @ layer : 2
[(386022,572375),(396022,582375)] [(277158,517696),(396516,637054)]
SHORT between gnd & obstacle @ layer : 6
[(442660,643556),(443090,647360)] [(409220,644858),(443090,646058)]
SHORT between gnd & obstacle @ layer : 6
[(442660,643556),(443090,647360)] [(427955,643058),(443090,644258)]
SHORT between gnd & obstacle @ layer : 6
[(442660,643556),(443090,647360)] [(427955,646658),(443090,647858)]
SHORT between gnd & obstacle @ layer : 6
[(442660,643556),(443090,647360)] [(442660,638638),(443090,652278)]
SHORT between gnd & obstacle @ layer : 6
[(409220,643556),(409650,647360)] [(409220,644858),(443090,646058)]
SHORT between gnd & obstacle @ layer : 6
[(409220,643556),(409650,647360)] [(409220,646658),(424355,647858)]
SHORT between gnd & obstacle @ layer : 6
[(409220,643556),(409650,647360)] [(409220,643058),(424355,644258)]
SHORT between gnd & obstacle @ layer : 6
[(409220,643556),(409650,647360)] [(409220,638638),(409650,652278)]
SHORT between gnd & obstacle @ layer : 6
[(244016,606626),(244446,611102)] [(228786,608264),(244446,609464)]
SHORT between gnd & obstacle @ layer : 6
[(244016,606626),(244446,611102)] [(238416,606464),(244446,607664)]
SHORT between gnd & obstacle @ layer : 6
[(244016,606626),(244446,611102)] [(238416,610064),(244446,611264)]
SHORT between gnd & obstacle @ layer : 6
[(244016,606626),(244446,611102)] [(244016,601034),(244446,616694)]
SHORT between gnd & obstacle @ layer : 6
[(228786,606626),(229216,611102)] [(228786,608264),(244446,609464)]
SHORT between gnd & obstacle @ layer : 6
[(228786,606626),(229216,611102)] [(228786,610064),(234816,611264)]
SHORT between gnd & obstacle @ layer : 6
[(228786,606626),(229216,611102)] [(228786,606464),(234816,607664)]
SHORT between gnd & obstacle @ layer : 6
[(228786,606626),(229216,611102)] [(228786,601034),(229216,616694)]
SHORT between gnd & obstacle @ layer : 9
[(221152,584175),(222432,585635)] [(221152,584175),(227642,585635)]
SHORT between gnd & obstacle @ layer : 9
[(235436,617534),(237796,619194)] [(235436,601034),(237796,619194)]
SHORT between gnd & obstacle @ layer : 10
[(334870,669778),(357380,687458)] [(320120,669778),(370120,729778)]
SHORT between gnd & obstacle @ layer : 10
[(334870,669778),(357380,687458)] [(321690,672748),(368550,726808)]
SHORT between gnd & obstacle @ layer : 10
[(254840,669778),(277350,687458)] [(240090,669778),(290090,729778)]
SHORT between gnd & obstacle @ layer : 10
[(254840,669778),(277350,687458)] [(241660,672748),(288520,726808)]
SHORT between gnd & obstacle @ layer : 10
[(174810,669778),(197320,687458)] [(160060,669778),(210060,729778)]
SHORT between gnd & obstacle @ layer : 10
[(174810,669778),(197320,687458)] [(161630,672748),(208490,726808)]
SHORT between gnd & obstacle @ layer : 10
[(241152,485875),(245652,490375)] [(241152,485875),(245652,575875)]
SHORT between gnd & obstacle @ layer : 10
[(434812,597900),(443287,607375)] [(434812,572638),(443287,632638)]
SHORT between gnd & obstacle @ layer : 10
[(434812,597900),(443287,607375)] [(441387,570138),(444287,635138)]
SHORT between gnd & obstacle @ layer : 10
[(409022,597900),(417497,607375)] [(409022,572638),(417497,632638)]
SHORT between gnd & obstacle @ layer : 10
[(409022,597900),(417497,607375)] [(408022,570138),(410922,635138)]
SHORT between net010 & obstacle @ layer : 9
[(424975,653118),(427335,654778)] [(424975,638638),(427335,654778)]
SHORT between net010 & obstacle @ layer : 9
[(425475,653900),(426835,655260)] [(424975,638638),(427335,654778)]
SHORT between net010 & obstacle @ layer : 10
[(414900,669778),(437410,687458)] [(400150,669778),(450150,729778)]
SHORT between net010 & obstacle @ layer : 10
[(414900,669778),(437410,687458)] [(401720,672748),(448580,726808)]
SHORT between net010 & obstacle @ layer : 10
[(423155,651580),(429155,672780)] [(400150,669778),(450150,729778)]
SHORT between net010 & obstacle @ layer : 10
[(423155,651580),(429155,672780)] [(401720,672748),(448580,726808)]
SHORT between net1 & obstacle @ layer : 8
[(243251,579515),(243551,580555)] [(237166,579515),(243551,580555)]
SHORT between net1 & obstacle @ layer : 8
[(242835,578995),(243975,580135)] [(237166,579515),(243551,580555)]
SHORT between net1 & obstacle @ layer : 10
[(241152,571375),(245652,575875)] [(241152,485875),(245652,575875)]
SHORT between net12 & obstacle @ layer : 2
[(261472,577330),(265432,577420)] [(261487,577330),(265417,577420)]
SHORT between net12 & obstacle @ layer : 2
[(265222,577270),(265432,577480)] [(261487,577330),(265417,577420)]
SHORT between net12 & obstacle @ layer : 10
[(237366,576875),(242186,577875)] [(237366,576875),(242186,578875)]
SHORT between net12 & obstacle @ layer : 10
[(266652,574375),(272652,580375)] [(266652,574375),(305652,580375)]
SHORT between net12 & obstacle @ layer : 10
[(241436,576625),(267405,578125)] [(237366,576875),(242186,578875)]
SHORT between net12 & obstacle @ layer : 10
[(241436,576625),(267405,578125)] [(266652,574375),(305652,580375)]
SHORT between net13 & obstacle @ layer : 2
[(261482,595110),(261572,599070)] [(261482,595125),(261572,599055)]
SHORT between net13 & obstacle @ layer : 2
[(261425,598860),(261635,599070)] [(261482,595125),(261572,599055)]
SHORT between net13 & obstacle @ layer : 4
[(257662,611204),(260032,611604)] [(257662,611104),(260032,611604)]
SHORT between net13 & obstacle @ layer : 4
[(257662,611204),(260032,611604)] [(258397,610729),(259297,611239)]
SHORT between net13 & obstacle @ layer : 4
[(259985,611235),(261580,611335)] [(257662,611104),(260032,611604)]
SHORT between net14 & obstacle @ layer : 9
[(421095,636138),(431215,637798)] [(409220,636138),(443090,637798)]
SHORT between net14 & obstacle @ layer : 9
[(425475,635660),(426835,637020)] [(409220,636138),(443090,637798)]
SHORT between net14 & obstacle @ layer : 10
[(421417,623163),(430892,632638)] [(421417,572638),(430892,632638)]
SHORT between net14 & obstacle @ layer : 10
[(424155,630640),(428155,638340)] [(421417,572638),(430892,632638)]
SHORT between net2 & obstacle @ layer : 2
[(259932,589915),(260022,597315)] [(259932,589930),(260022,597300)]
SHORT between net2 & obstacle @ layer : 2
[(277722,595110),(277812,599070)] [(277158,517696),(396516,637054)]
SHORT between net2 & obstacle @ layer : 2
[(277722,595110),(277812,599070)] [(277722,595125),(277812,599055)]
SHORT between net2 & obstacle @ layer : 2
[(261472,593570),(265432,593660)] [(261487,593570),(265417,593660)]
SHORT between net2 & obstacle @ layer : 2
[(260022,593565),(261757,593665)] [(259932,589930),(260022,597300)]
SHORT between net2 & obstacle @ layer : 2
[(260022,593565),(261757,593665)] [(261487,593570),(265417,593660)]
SHORT between net2 & obstacle @ layer : 2
[(259825,597110),(260035,597320)] [(259932,589930),(260022,597300)]
SHORT between net2 & obstacle @ layer : 2
[(265327,593565),(277772,593665)] [(277158,517696),(396516,637054)]
SHORT between net2 & obstacle @ layer : 2
[(265327,593565),(277772,593665)] [(261487,593570),(265417,593660)]
SHORT between net2 & obstacle @ layer : 2
[(277672,593565),(277772,595290)] [(277158,517696),(396516,637054)]
SHORT between net2 & obstacle @ layer : 2
[(277672,593565),(277772,595290)] [(277722,595125),(277812,599055)]
SHORT between net2 & obstacle @ layer : 3
[(257662,609064),(260032,609514)] [(257662,609064),(260032,609564)]
SHORT between net2 & obstacle @ layer : 3
[(257662,609064),(260032,609514)] [(259037,609294),(259217,610214)]
SHORT between net2 & obstacle @ layer : 3
[(257662,609064),(260032,609514)] [(258477,609294),(258657,610214)]
SHORT between net2 & obstacle @ layer : 3
[(259880,597165),(259980,609115)] [(257662,609064),(260032,609564)]
SHORT between net3 & obstacle @ layer : 10
[(130152,583155),(133652,586655)] [(130152,583155),(220152,586655)]
SHORT between net3 & obstacle @ layer : 10
[(94780,669778),(117290,687458)] [(80030,669778),(130030,729778)]
SHORT between net3 & obstacle @ layer : 10
[(94780,669778),(117290,687458)] [(81600,672748),(128460,726808)]
SHORT between net4 & obstacle @ layer : 2
[(234942,589915),(235032,597315)] [(234942,589930),(235032,597300)]
SHORT between net4 & obstacle @ layer : 2
[(234942,583955),(235032,588475)] [(234942,583970),(235032,588460)]
SHORT between net4 & obstacle @ layer : 2
[(234892,588315),(234992,590015)] [(234942,589930),(235032,597300)]
SHORT between net4 & obstacle @ layer : 2
[(234892,588315),(234992,590015)] [(234942,583970),(235032,588460)]
SHORT between net4 & obstacle @ layer : 2
[(234982,582425),(235082,584115)] [(234942,583970),(235032,588460)]
SHORT between net4 & obstacle @ layer : 2
[(234927,597110),(235137,597320)] [(234942,589930),(235032,597300)]
SHORT between net4 & obstacle @ layer : 4
[(236366,580925),(236866,582525)] [(236866,580925),(237366,581105)]
SHORT between net4 & obstacle @ layer : 4
[(236366,580925),(236866,582525)] [(236866,582345),(237366,582525)]
SHORT between net4 & obstacle @ layer : 4
[(236366,580925),(236866,582525)] [(236366,580925),(236866,582525)]
SHORT between net4 & obstacle @ layer : 4
[(236335,582370),(236545,582580)] [(236366,580925),(236866,582525)]
SHORT between net4 & obstacle @ layer : 9
[(230546,598534),(242686,600194)] [(228786,598534),(244446,600194)]
SHORT between net4 & obstacle @ layer : 9
[(234880,597015),(235280,598735)] [(228786,598534),(244446,600194)]
SHORT between net5 & obstacle @ layer : 9
[(228482,580200),(229322,589610)] [(222832,580200),(229322,581660)]
SHORT between net5 & obstacle @ layer : 9
[(228482,580200),(229322,589610)] [(222832,588150),(229322,589610)]
SHORT between net5 & obstacle @ layer : 9
[(228482,580200),(229322,589610)] [(228482,581660),(229322,588150)]
SHORT between net5 & obstacle @ layer : 9
[(229125,584705),(238866,585105)] [(228482,581660),(229322,588150)]
SHORT between net5 & obstacle @ layer : 9
[(237986,584225),(239346,585585)] [(237166,583405),(242386,584645)]
SHORT between net5 & obstacle @ layer : 10
[(237166,584405),(242386,585405)] [(237166,583405),(242386,585405)]
SHORT between net5 & obstacle @ layer : 10
[(216652,583155),(220152,586655)] [(130152,583155),(220152,586655)]
SHORT between net5 & obstacle @ layer : 10
[(237986,584225),(239346,585585)] [(237166,583405),(242386,585405)]
SHORT between net5 & obstacle @ layer : 10
[(219155,583905),(238670,585905)] [(237166,583405),(242386,585405)]
SHORT between net5 & obstacle @ layer : 10
[(219155,583905),(238670,585905)] [(130152,583155),(220152,586655)]
SHORT between net7 & obstacle @ layer : 2
[(231422,583955),(231512,588475)] [(231422,583970),(231512,588460)]
SHORT between net7 & obstacle @ layer : 10
[(42320,574960),(60000,597470)] [(0,560210),(60000,610210)]
SHORT between net7 & obstacle @ layer : 10
[(42320,574960),(60000,597470)] [(2970,561780),(57030,608640)]
SHORT between net8 & obstacle @ layer : 10
[(401022,574375),(407022,580375)] [(376522,574375),(407022,580375)]
SHORT between net8 & obstacle @ layer : 10
[(421417,572638),(430892,582113)] [(421417,572638),(430892,632638)]
SHORT between net8 & obstacle @ layer : 10
[(421420,565535),(425420,574775)] [(421417,572638),(430892,632638)]
SHORT between net8 & obstacle @ layer : 10
[(403025,565535),(407025,577375)] [(376522,574375),(407022,580375)]
Checking SHORT for module : source_ind
Checking SHORT for module : vdd
Checking SHORT for module : xR0_2
Checking SHORT for module : xR1_2
Checking SHORT for module : xR2_0
Checking SHORT for module : xR3_2
Checking SHORT for module : xc1_1
Checking SHORT for module : xc2_3
Checking SHORT for module : xc3_1
Checking SHORT for module : xwg1
flushing nodes
int main(int, char**) runtime : 0.75082(s)
