Using options : -d PDK/mock_65nm/layers.json -p lna_2/stage_3/placement/lna_placement.json -l lna_2/stage_3/routing/lef/lna_primitives.lef -s  -uu 1 -ndr EXAMPLES/LNA_2/router_constraints.json -o lna_2/stage_3/routing/
layer resistance : Poly 100 80 120
layer resistance : Fin 0 0 0
layer resistance : M1 680 80 120
layer resistance : M2 560 80 120
layer resistance : M3 560 80 120
layer resistance : M4 560 80 120
layer resistance : M5 560 80 120
layer resistance : M6 560 80 120
layer resistance : M7 560 80 120
layer resistance : M8 21.8 80 120
layer resistance : M9 4.36 80 120
layer resistance : RH 0 0 0
layer : Poly index : 0
layer : Fin index : 1
layer : M1 index : 2
layer : M2 index : 3
layer : M3 index : 4
layer : M4 index : 5
layer : M5 index : 6
layer : M6 index : 7
layer : M7 index : 8
layer : M8 index : 9
layer : M9 index : 10
layer : RH index : 11
layer : V0 index : 12
 cover : l: 40,40 u: 40,40
layer : V1 index : 13
 cover : l: 50,50 u: 50,50
layer : V2 index : 14
 cover : l: 50,50 u: 50,50
layer : V3 index : 15
	 va : 110 110 2 2
 cover : l: 50,50 u: 50,50
layer : V4 index : 16
	 va : 110 110 2 2
 cover : l: 50,50 u: 50,50
layer : V5 index : 17
	 va : 110 110 2 2
 cover : l: 60,60 u: 60,60
layer : V6 index : 18
	 va : 110 110 5 2
 cover : l: 50,50 u: 50,50
layer : V7 index : 19
	 va : 300 300 2 2
 cover : l: 70,70 u: 70,70
layer : V8 index : 20
	 va : 520 520 2 2
 cover : l: 70,70 u: 70,70
top metal layer : RH
signal routing layers : M1 : M9
power  routing layers : M1 : M8
clock  routing layers : M2 : M9
layer : 0 cost : 1e+07 100
layer : 1 cost : 1 1e+07
layer : 2 cost : 680 680
layer : 3 cost : 560 560
layer : 4 cost : 560 560
layer : 5 cost : 560 560
layer : 6 cost : 560 560
layer : 7 cost : 560 560
layer : 8 cost : 560 560
layer : 9 cost : 21 21
layer : 10 cost : 4 4
layer : 11 cost : 1e+07 1
layerPairCost : 0 1 1e+07
layerPairCost : 1 0 1e+07
layerPairCost : 1 2 1e+07
layerPairCost : 2 1 1e+07
layerPairCost : 2 3 600000
layerPairCost : 3 2 600000
layerPairCost : 3 4 600000
layerPairCost : 4 3 600000
layerPairCost : 4 5 600000
layerPairCost : 5 4 600000
layerPairCost : 5 6 600000
layerPairCost : 6 5 600000
layerPairCost : 6 7 600000
layerPairCost : 7 6 600000
layerPairCost : 7 8 600000
layerPairCost : 8 7 600000
layerPairCost : 8 9 88000
layerPairCost : 9 8 88000
layerPairCost : 9 10 88000
layerPairCost : 10 9 88000
layerPairCost : 10 11 1e+07
layerPairCost : 11 10 1e+07
layer : 0 width : 60 space : 200 v : 1 h : 0
layer : 1 width : 14 space : 86 v : 0 h : 1
layer : 2 width : 100 space : 100 v : 1 h : 1
layer : 3 width : 100 space : 10 v : 1 h : 1
layer : 4 width : 100 space : 10 v : 1 h : 1
layer : 5 width : 100 space : 20 v : 1 h : 1
layer : 6 width : 100 space : 20 v : 1 h : 1
layer : 7 width : 100 space : 20 v : 1 h : 1
layer : 8 width : 100 space : 20 v : 1 h : 1
layer : 9 width : 400 space : 20 v : 1 h : 1
layer : 10 width : 2000 space : 600 v : 1 h : 1
layer : 11 width : 60 space : 220 v : 1 h : 0
layer : 0 above : -1 below : -1
layer : 1 above : -1 below : -1
layer : 2 above : 13 below : -1
layer : 3 above : 14 below : 13
layer : 4 above : 15 below : 14
layer : 5 above : 16 below : 15
layer : 6 above : 17 below : 16
layer : 7 above : 18 below : 17
layer : 8 above : 19 below : 18
layer : 9 above : 20 below : 19
layer : 10 above : -1 below : 20
layer : 11 above : -1 below : -1
min routing layer : M1 max routing layer : M9
via : l: 2 u: 3 c: 13 center: (0,0) lb: [(-105,-105),(105,105)] ub: [(-105,-105),(105,105)] cut: [(-55,-55),(55,55)] bbox: [(-105,-105),(105,105)]
via : l: 3 u: 4 c: 14 center: (0,0) lb: [(-105,-105),(105,105)] ub: [(-105,-105),(105,105)] cut: [(-55,-55),(55,55)] bbox: [(-105,-105),(105,105)]
via : l: 4 u: 5 c: 15 center: (0,0) lb: [(-215,-215),(215,215)] ub: [(-215,-215),(215,215)] cut: [(-165,-165),(165,165)] bbox: [(-215,-215),(215,215)]
via : l: 5 u: 6 c: 16 center: (0,0) lb: [(-215,-215),(215,215)] ub: [(-215,-215),(215,215)] cut: [(-165,-165),(165,165)] bbox: [(-215,-215),(215,215)]
via : l: 6 u: 7 c: 17 center: (0,0) lb: [(-225,-225),(225,225)] ub: [(-225,-225),(225,225)] cut: [(-165,-165),(165,165)] bbox: [(-225,-225),(225,225)]
via : l: 7 u: 8 c: 18 center: (0,0) lb: [(-545,-215),(545,215)] ub: [(-545,-215),(545,215)] cut: [(-495,-165),(495,165)] bbox: [(-545,-215),(545,215)]
via : l: 8 u: 9 c: 19 center: (0,0) lb: [(-570,-570),(570,570)] ub: [(-570,-570),(570,570)] cut: [(-500,-500),(500,500)] bbox: [(-570,-570),(570,570)]
via : l: 9 u: 10 c: 20 center: (0,0) lb: [(-680,-680),(680,680)] ub: [(-680,-680),(680,680)] cut: [(-610,-610),(610,610)] bbox: [(-680,-680),(680,680)]
adding leaf : bias
adding leaf : bias_mos
adding leaf : cas_mos
adding leaf : drain_ind_x.25
adding leaf : gate_ind_x.25
adding leaf : gnd0
adding leaf : gnd1
adding leaf : gnd2
adding leaf : input
adding leaf : source_ind
adding leaf : vdd
adding leaf : xR0_2
adding leaf : xR1_2
adding leaf : xR2_0
adding leaf : xR3_2
adding leaf : xc1_1
adding leaf : xc2_3
adding leaf : xc3_3
adding leaf : xwg1
[(0,0),(897145,352079)]
adding module : lna
adding net : gnd
adding pin : "drain_ind" 0xcd4210 "GND"
adding pin : "source_ind" 0xcd4690 "P2"
adding pin : "gate_ind" 0xcd42d0 "GND"
adding pin : "cas_mos" 0xcd4150 "GND"
adding pin : "bias_mos" 0xcb2700 "BS"
adding pin : "xc1" 0xcd4b10 "PLUS"
adding pin : "xc2" 0xcd4bd0 "BULK1"
adding pin : "xc2" 0xcd4bd0 "BULK2"
adding pin : "xwg1" 0xcd4d50 "GND1"
adding pin : "xwg1" 0xcd4d50 "GND2"
adding pin : "xc3" 0xcd4c90 "PLUS"
adding pin : "xc3" 0xcd4c90 "BULK1"
adding pin : "xc3" 0xcd4c90 "BULK2"
adding pin : "gnd0" 0xcd4390 "PAD"
adding pin : "gnd1" 0xcd4450 "PAD"
adding pin : "gnd2" 0xcd4510 "PAD"
adding net : net010
adding pin : "xc2" 0xcd4bd0 "PLUS"
adding pin : "input" 0xcd45d0 "PAD"
adding net : net1
adding pin : "source_ind" 0xcd4690 "P1"
adding pin : "cas_mos" 0xcd4150 "SS"
adding net : net12
adding pin : "gate_ind" 0xcd42d0 "P2"
adding pin : "cas_mos" 0xcd4150 "GG"
adding pin : "xR3" 0xcd4a50 "MINUS"
adding net : net13
adding pin : "bias_mos" 0xcb2700 "G"
adding pin : "xR1" 0xcd48d0 "PLUS"
adding net : net14
adding pin : "xc2" 0xcd4bd0 "MINUS"
adding pin : "xwg1" 0xcd4d50 "P2"
adding net : net2
adding pin : "bias_mos" 0xcb2700 "D"
adding pin : "xR0" 0xcd4810 "PLUS"
adding pin : "xR1" 0xcd48d0 "MINUS"
adding pin : "xR3" 0xcd4a50 "PLUS"
adding net : net3
adding pin : "drain_ind" 0xcd4210 "P2"
adding pin : "vdd" 0xcd4750 "PAD"
adding net : net4
adding pin : "cas_mos" 0xcd4150 "G2"
adding pin : "xc3" 0xcd4c90 "MINUS"
adding pin : "xR0" 0xcd4810 "MINUS"
adding pin : "xR2" 0xcd4990 "MINUS"
adding net : net5
adding pin : "drain_ind" 0xcd4210 "P1"
adding pin : "cas_mos" 0xcd4150 "DD"
adding pin : "xc1" 0xcd4b10 "MINUS"
adding net : net7
adding pin : "xR2" 0xcd4990 "PLUS"
adding pin : "bias" 0xccf700 "PAD"
adding net : net8
adding pin : "gate_ind" 0xcd42d0 "P1"
adding pin : "xwg1" 0xcd4d50 "P1"
Reading LEF file lna_2/stage_3/routing/lef/lna_primitives.lef
macro bias
loading macro bias
macro bias_mos
loading macro bias_mos
macro cas_mos
loading macro cas_mos
macro drain_ind_x.25
loading macro drain_ind_x.25
macro gate_ind_x.25
loading macro gate_ind_x.25
macro gate_ind_x.5
macro gnd0
loading macro gnd0
macro gnd1
loading macro gnd1
macro gnd2
loading macro gnd2
macro input
loading macro input
macro source_ind
loading macro source_ind
macro vdd
loading macro vdd
macro xR0_1
macro xR0_2
loading macro xR0_2
macro xR1_2
loading macro xR1_2
macro xR2_0
loading macro xR2_0
macro xR3_0
macro xR3_2
loading macro xR3_2
macro xc1_1
loading macro xc1_1
macro xc2_1
macro xc2_3
loading macro xc2_3
macro xc3_1
macro xc3_3
loading macro xc3_3
macro xwg1
loading macro xwg1
excluding net : gnd from routing
excluding net : net3 from routing
excluding net : net7 from routing
excluding net : gnd from routing
Checking SHORT for module : bias
void Placement::Module::route(Router::Router&, const std::string&) runtime : 4.884e-06(s)
Checking SHORT for module : bias_mos
void Placement::Module::route(Router::Router&, const std::string&) runtime : 8.44e-07(s)
Checking SHORT for module : cas_mos
void Placement::Module::route(Router::Router&, const std::string&) runtime : 9.06e-07(s)
Checking SHORT for module : drain_ind_x.25
void Placement::Module::route(Router::Router&, const std::string&) runtime : 5.42e-07(s)
Checking SHORT for module : gate_ind_x.25
void Placement::Module::route(Router::Router&, const std::string&) runtime : 4.67e-07(s)
Checking SHORT for module : gnd0
void Placement::Module::route(Router::Router&, const std::string&) runtime : 3.41e-07(s)
Checking SHORT for module : gnd1
void Placement::Module::route(Router::Router&, const std::string&) runtime : 2.87e-07(s)
Checking SHORT for module : gnd2
void Placement::Module::route(Router::Router&, const std::string&) runtime : 2.44e-07(s)
Checking SHORT for module : input
void Placement::Module::route(Router::Router&, const std::string&) runtime : 2.95e-07(s)
 routing : lna; num nets : 12; use pin width : 0
setting module name : lna
net : net1
routing net : net1 8490
ports dist : source_ind/P1_port_0 cas_mos/SS_port_0 0.200165
ports to route order : source_ind/P1_port_0 cas_mos/SS_port_0
flushing nodes
routing ports : source_ind/P1_port_0 cas_mos/SS_port_0
after updatendr layer : 0 width : 60 60
after updatendr layer : 1 width : 14 14
after updatendr layer : 2 width : 100 100
after updatendr layer : 3 width : 100 100
after updatendr layer : 4 width : 100 100
after updatendr layer : 5 width : 100 100
after updatendr layer : 6 width : 100 100
after updatendr layer : 7 width : 100 100
after updatendr layer : 8 width : 100 100
after updatendr layer : 9 width : 400 400
after updatendr layer : 10 width : 2000 2000
after updatendr layer : 11 width : 60 60
after updatendr layer : 12 width : 95 95
after updatendr layer : 13 width : 110 110
after updatendr layer : 14 width : 110 110
after updatendr layer : 15 width : 110 110
after updatendr layer : 16 width : 110 110
after updatendr layer : 17 width : 110 110
after updatendr layer : 18 width : 110 110
after updatendr layer : 19 width : 350 350
after updatendr layer : 20 width : 350 350
layer : 0 width : 60 60
layer : 1 width : 14 14
layer : 2 width : 100 100
layer : 3 width : 100 100
layer : 4 width : 100 100
layer : 5 width : 100 100
layer : 6 width : 100 100
layer : 7 width : 100 100
layer : 8 width : 100 100
layer : 9 width : 400 400
layer : 10 width : 2000 2000
layer : 11 width : 60 60
layer : 12 width : 95 95
layer : 13 width : 110 110
layer : 14 width : 110 110
layer : 15 width : 110 110
layer : 16 width : 110 110
layer : 17 width : 110 110
layer : 18 width : 110 110
layer : 19 width : 350 350
layer : 20 width : 350 350
via : l: 2 u: 3 c: 13 center: (0,0) lb: [(-105,-105),(105,105)] ub: [(-105,-105),(105,105)] cut: [(-55,-55),(55,55)] bbox: [(-105,-105),(105,105)]
via : l: 3 u: 4 c: 14 center: (0,0) lb: [(-105,-105),(105,105)] ub: [(-105,-105),(105,105)] cut: [(-55,-55),(55,55)] bbox: [(-105,-105),(105,105)]
via : l: 4 u: 5 c: 15 center: (0,0) lb: [(-215,-215),(215,215)] ub: [(-215,-215),(215,215)] cut: [(-165,-165),(165,165)] bbox: [(-215,-215),(215,215)]
via : l: 5 u: 6 c: 16 center: (0,0) lb: [(-215,-215),(215,215)] ub: [(-215,-215),(215,215)] cut: [(-165,-165),(165,165)] bbox: [(-215,-215),(215,215)]
via : l: 6 u: 7 c: 17 center: (0,0) lb: [(-225,-225),(225,225)] ub: [(-225,-225),(225,225)] cut: [(-165,-165),(165,165)] bbox: [(-225,-225),(225,225)]
via : l: 7 u: 8 c: 18 center: (0,0) lb: [(-545,-215),(545,215)] ub: [(-545,-215),(545,215)] cut: [(-495,-165),(495,165)] bbox: [(-545,-215),(545,215)]
via : l: 8 u: 9 c: 19 center: (0,0) lb: [(-570,-570),(570,570)] ub: [(-570,-570),(570,570)] cut: [(-500,-500),(500,500)] bbox: [(-570,-570),(570,570)]
via : l: 9 u: 10 c: 20 center: (0,0) lb: [(-680,-680),(680,680)] ub: [(-680,-680),(680,680)] cut: [(-610,-610),(610,610)] bbox: [(-680,-680),(680,680)]
routing : net1__source_ind/P1_port_0__cas_mos/SS_port_0
num src : 8 tgt : 33
sol found with 3 expansions!
	expanded : 0 0
	expanded : 1 0
	expanded : 2 0
	expanded : 3 0
	expanded : 4 0
	expanded : 5 0
	expanded : 6 0
	expanded : 7 0
	expanded : 8 0
	expanded : 9 2
	expanded : 10 1
flushing nodes
Geom::LayerRects Router::Router::findSol() runtime : 0.0351144(s)
Adding routes to source_ind/P1_port_0 5
Adding routes to cas_mos/SS_port_0 5
net : net12
routing net : net12 31714
ports dist : cas_mos/GG_port_0 gate_ind/P2_port_0 0.65315
ports dist : cas_mos/GG_port_0 xR3/MINUS_port_0 0.278784
ports dist : gate_ind/P2_port_0 xR3/MINUS_port_0 0.851528
ports to route order : cas_mos/GG_port_0 xR3/MINUS_port_0
ports to route order : cas_mos/GG_port_0 gate_ind/P2_port_0
flushing nodes
routing ports : cas_mos/GG_port_0 xR3/MINUS_port_0
pref layer pin found for cas_mos/GG_port_0
pref layer pin not found for xR3/MINUS_port_0
layer cost (0) : 1e+07 1e+07
layer cost (1) : 1e+07 1e+07
layer cost (2) : 1e+07 1e+07
layer cost (3) : 1e+07 1e+07
layer cost (4) : 1e+07 1e+07
layer cost (5) : 1e+07 1e+07
layer cost (6) : 1e+07 1e+07
layer cost (7) : 1e+07 1e+07
layer cost (8) : 1e+07 1e+07
layer cost (9) : 1 1
layer cost (10) : 1 1
layer cost (11) : 1e+07 1e+07
after updatendr layer : 0 width : 60 60 ndr widthx : 60 ndr widthy : 60
after updatendr layer : 1 width : 14 14 ndr widthx : 14 ndr widthy : 14
after updatendr layer : 2 width : 100 100 ndr widthx : 100 ndr widthy : 100
after updatendr layer : 3 width : 100 100 ndr widthx : 100 ndr widthy : 100
after updatendr layer : 4 width : 100 100 ndr widthx : 100 ndr widthy : 100
after updatendr layer : 5 width : 100 100 ndr widthx : 100 ndr widthy : 100
after updatendr layer : 6 width : 100 100 ndr widthx : 100 ndr widthy : 100
after updatendr layer : 7 width : 100 100 ndr widthx : 100 ndr widthy : 100
after updatendr layer : 8 width : 100 100 ndr widthx : 100 ndr widthy : 100
after updatendr layer : 9 width : 400 400 ndr widthx : 1500 ndr widthy : 1500
after updatendr layer : 10 width : 2000 2000 ndr widthx : 1500 ndr widthy : 1500
after updatendr layer : 11 width : 60 60 ndr widthx : 60 ndr widthy : 60
after updatendr layer : 12 width : 95 95 ndr widthx : 95 ndr widthy : 95
after updatendr layer : 13 width : 110 110 ndr widthx : 110 ndr widthy : 110
after updatendr layer : 14 width : 110 110 ndr widthx : 110 ndr widthy : 110
after updatendr layer : 15 width : 110 110 ndr widthx : 110 ndr widthy : 110
after updatendr layer : 16 width : 110 110 ndr widthx : 110 ndr widthy : 110
after updatendr layer : 17 width : 110 110 ndr widthx : 110 ndr widthy : 110
after updatendr layer : 18 width : 110 110 ndr widthx : 110 ndr widthy : 110
after updatendr layer : 19 width : 350 350 ndr widthx : 350 ndr widthy : 350
after updatendr layer : 20 width : 350 350 ndr widthx : 350 ndr widthy : 350
layer : 0 width : 60 60 ndr widthx : 60 ndr widthy : 60
layer : 1 width : 14 14 ndr widthx : 14 ndr widthy : 14
layer : 2 width : 100 100 ndr widthx : 100 ndr widthy : 100
layer : 3 width : 100 100 ndr widthx : 100 ndr widthy : 100
layer : 4 width : 100 100 ndr widthx : 100 ndr widthy : 100
layer : 5 width : 100 100 ndr widthx : 100 ndr widthy : 100
layer : 6 width : 100 100 ndr widthx : 100 ndr widthy : 100
layer : 7 width : 100 100 ndr widthx : 100 ndr widthy : 100
layer : 8 width : 100 100 ndr widthx : 100 ndr widthy : 100
layer : 9 width : 400 400 ndr widthx : 1500 ndr widthy : 1500
layer : 10 width : 2000 2000 ndr widthx : 1500 ndr widthy : 1500
layer : 11 width : 60 60 ndr widthx : 60 ndr widthy : 60
layer : 12 width : 95 95 ndr widthx : 95 ndr widthy : 95
layer : 13 width : 110 110 ndr widthx : 110 ndr widthy : 110
layer : 14 width : 110 110 ndr widthx : 110 ndr widthy : 110
layer : 15 width : 110 110 ndr widthx : 110 ndr widthy : 110
layer : 16 width : 110 110 ndr widthx : 110 ndr widthy : 110
layer : 17 width : 110 110 ndr widthx : 110 ndr widthy : 110
layer : 18 width : 110 110 ndr widthx : 110 ndr widthy : 110
layer : 19 width : 350 350 ndr widthx : 350 ndr widthy : 350
layer : 20 width : 350 350 ndr widthx : 350 ndr widthy : 350
via : l: 2 u: 3 c: 13 center: (0,0) lb: [(-105,-105),(105,105)] ub: [(-105,-105),(105,105)] cut: [(-55,-55),(55,55)] bbox: [(-105,-105),(105,105)]
via : l: 3 u: 4 c: 14 center: (0,0) lb: [(-105,-105),(105,105)] ub: [(-105,-105),(105,105)] cut: [(-55,-55),(55,55)] bbox: [(-105,-105),(105,105)]
via : l: 4 u: 5 c: 15 center: (0,0) lb: [(-215,-215),(215,215)] ub: [(-215,-215),(215,215)] cut: [(-165,-165),(165,165)] bbox: [(-215,-215),(215,215)]
via : l: 5 u: 6 c: 16 center: (0,0) lb: [(-215,-215),(215,215)] ub: [(-215,-215),(215,215)] cut: [(-165,-165),(165,165)] bbox: [(-215,-215),(215,215)]
via : l: 6 u: 7 c: 17 center: (0,0) lb: [(-225,-225),(225,225)] ub: [(-225,-225),(225,225)] cut: [(-165,-165),(165,165)] bbox: [(-225,-225),(225,225)]
via : l: 7 u: 8 c: 18 center: (0,0) lb: [(-545,-215),(545,215)] ub: [(-545,-215),(545,215)] cut: [(-495,-165),(495,165)] bbox: [(-545,-215),(545,215)]
via : l: 8 u: 9 c: 19 center: (0,0) lb: [(-570,-570),(570,570)] ub: [(-570,-570),(570,570)] cut: [(-500,-500),(500,500)] bbox: [(-570,-570),(570,570)]
via : l: 9 u: 10 c: 20 center: (0,0) lb: [(-680,-680),(680,680)] ub: [(-680,-680),(680,680)] cut: [(-610,-610),(610,610)] bbox: [(-680,-680),(680,680)]
routing : net12__cas_mos/GG_port_0__xR3/MINUS_port_0
num src : 11 tgt : 69
sol found with 9 expansions!
	expanded : 0 0
	expanded : 1 0
	expanded : 2 0
	expanded : 3 1
	expanded : 4 1
	expanded : 5 1
	expanded : 6 1
	expanded : 7 1
	expanded : 8 1
	expanded : 9 2
	expanded : 10 1
flushing nodes
Geom::LayerRects Router::Router::findSol() runtime : 0.0455259(s)
Adding routes to cas_mos/GG_port_0 17
Adding routes to xR3/MINUS_port_0 17
flushing nodes
routing ports : cas_mos/GG_port_0 gate_ind/P2_port_0
pref layer pin found for cas_mos/GG_port_0
pref layer pin found for gate_ind/P2_port_0
layer cost (0) : 1e+07 1e+07
layer cost (1) : 1e+07 1e+07
layer cost (2) : 1e+07 1e+07
layer cost (3) : 1e+07 1e+07
layer cost (4) : 1e+07 1e+07
layer cost (5) : 1e+07 1e+07
layer cost (6) : 1e+07 1e+07
layer cost (7) : 1e+07 1e+07
layer cost (8) : 1e+07 1e+07
layer cost (9) : 1 1
layer cost (10) : 1 1
layer cost (11) : 1e+07 1e+07
after updatendr layer : 0 width : 60 60 ndr widthx : 60 ndr widthy : 60
after updatendr layer : 1 width : 14 14 ndr widthx : 14 ndr widthy : 14
after updatendr layer : 2 width : 100 100 ndr widthx : 100 ndr widthy : 100
after updatendr layer : 3 width : 100 100 ndr widthx : 100 ndr widthy : 100
after updatendr layer : 4 width : 100 100 ndr widthx : 100 ndr widthy : 100
after updatendr layer : 5 width : 100 100 ndr widthx : 100 ndr widthy : 100
after updatendr layer : 6 width : 100 100 ndr widthx : 100 ndr widthy : 100
after updatendr layer : 7 width : 100 100 ndr widthx : 100 ndr widthy : 100
after updatendr layer : 8 width : 100 100 ndr widthx : 100 ndr widthy : 100
after updatendr layer : 9 width : 400 400 ndr widthx : 1500 ndr widthy : 1500
after updatendr layer : 10 width : 2000 2000 ndr widthx : 1500 ndr widthy : 1500
after updatendr layer : 11 width : 60 60 ndr widthx : 60 ndr widthy : 60
after updatendr layer : 12 width : 95 95 ndr widthx : 95 ndr widthy : 95
after updatendr layer : 13 width : 110 110 ndr widthx : 110 ndr widthy : 110
after updatendr layer : 14 width : 110 110 ndr widthx : 110 ndr widthy : 110
after updatendr layer : 15 width : 110 110 ndr widthx : 110 ndr widthy : 110
after updatendr layer : 16 width : 110 110 ndr widthx : 110 ndr widthy : 110
after updatendr layer : 17 width : 110 110 ndr widthx : 110 ndr widthy : 110
after updatendr layer : 18 width : 110 110 ndr widthx : 110 ndr widthy : 110
after updatendr layer : 19 width : 350 350 ndr widthx : 350 ndr widthy : 350
after updatendr layer : 20 width : 350 350 ndr widthx : 350 ndr widthy : 350
layer : 0 width : 60 60 ndr widthx : 60 ndr widthy : 60
layer : 1 width : 14 14 ndr widthx : 14 ndr widthy : 14
layer : 2 width : 100 100 ndr widthx : 100 ndr widthy : 100
layer : 3 width : 100 100 ndr widthx : 100 ndr widthy : 100
layer : 4 width : 100 100 ndr widthx : 100 ndr widthy : 100
layer : 5 width : 100 100 ndr widthx : 100 ndr widthy : 100
layer : 6 width : 100 100 ndr widthx : 100 ndr widthy : 100
layer : 7 width : 100 100 ndr widthx : 100 ndr widthy : 100
layer : 8 width : 100 100 ndr widthx : 100 ndr widthy : 100
layer : 9 width : 400 400 ndr widthx : 1500 ndr widthy : 1500
layer : 10 width : 2000 2000 ndr widthx : 1500 ndr widthy : 1500
layer : 11 width : 60 60 ndr widthx : 60 ndr widthy : 60
layer : 12 width : 95 95 ndr widthx : 95 ndr widthy : 95
layer : 13 width : 110 110 ndr widthx : 110 ndr widthy : 110
layer : 14 width : 110 110 ndr widthx : 110 ndr widthy : 110
layer : 15 width : 110 110 ndr widthx : 110 ndr widthy : 110
layer : 16 width : 110 110 ndr widthx : 110 ndr widthy : 110
layer : 17 width : 110 110 ndr widthx : 110 ndr widthy : 110
layer : 18 width : 110 110 ndr widthx : 110 ndr widthy : 110
layer : 19 width : 350 350 ndr widthx : 350 ndr widthy : 350
layer : 20 width : 350 350 ndr widthx : 350 ndr widthy : 350
via : l: 2 u: 3 c: 13 center: (0,0) lb: [(-105,-105),(105,105)] ub: [(-105,-105),(105,105)] cut: [(-55,-55),(55,55)] bbox: [(-105,-105),(105,105)]
via : l: 3 u: 4 c: 14 center: (0,0) lb: [(-105,-105),(105,105)] ub: [(-105,-105),(105,105)] cut: [(-55,-55),(55,55)] bbox: [(-105,-105),(105,105)]
via : l: 4 u: 5 c: 15 center: (0,0) lb: [(-215,-215),(215,215)] ub: [(-215,-215),(215,215)] cut: [(-165,-165),(165,165)] bbox: [(-215,-215),(215,215)]
via : l: 5 u: 6 c: 16 center: (0,0) lb: [(-215,-215),(215,215)] ub: [(-215,-215),(215,215)] cut: [(-165,-165),(165,165)] bbox: [(-215,-215),(215,215)]
via : l: 6 u: 7 c: 17 center: (0,0) lb: [(-225,-225),(225,225)] ub: [(-225,-225),(225,225)] cut: [(-165,-165),(165,165)] bbox: [(-225,-225),(225,225)]
via : l: 7 u: 8 c: 18 center: (0,0) lb: [(-545,-215),(545,215)] ub: [(-545,-215),(545,215)] cut: [(-495,-165),(495,165)] bbox: [(-545,-215),(545,215)]
via : l: 8 u: 9 c: 19 center: (0,0) lb: [(-570,-570),(570,570)] ub: [(-570,-570),(570,570)] cut: [(-500,-500),(500,500)] bbox: [(-570,-570),(570,570)]
via : l: 9 u: 10 c: 20 center: (0,0) lb: [(-680,-680),(680,680)] ub: [(-680,-680),(680,680)] cut: [(-610,-610),(610,610)] bbox: [(-680,-680),(680,680)]
routing : net12__cas_mos/GG_port_0__gate_ind/P2_port_0
num src : 8 tgt : 19
sol found with 1 expansions!
	expanded : 0 0
	expanded : 1 0
	expanded : 2 0
	expanded : 3 0
	expanded : 4 0
	expanded : 5 0
	expanded : 6 0
	expanded : 7 0
	expanded : 8 0
	expanded : 9 0
	expanded : 10 1
flushing nodes
Geom::LayerRects Router::Router::findSol() runtime : 0.00468973(s)
Adding routes to cas_mos/GG_port_0 1
Adding routes to gate_ind/P2_port_0 1
net : net5
routing net : net5 36790
ports dist : drain_ind/P1_port_0 xc1/MINUS_port_0 0.25642
ports dist : drain_ind/P1_port_0 cas_mos/DD_port_0 0.472411
ports dist : xc1/MINUS_port_0 cas_mos/DD_port_0 0.253158
ports to route order : xc1/MINUS_port_0 cas_mos/DD_port_0
ports to route order : xc1/MINUS_port_0 drain_ind/P1_port_0
flushing nodes
routing ports : xc1/MINUS_port_0 cas_mos/DD_port_0
pref layer pin found for xc1/MINUS_port_0
pref layer pin found for cas_mos/DD_port_0
layer cost (0) : 1e+07 1e+07
layer cost (1) : 1e+07 1e+07
layer cost (2) : 1e+07 1e+07
layer cost (3) : 1e+07 1e+07
layer cost (4) : 1e+07 1e+07
layer cost (5) : 1e+07 1e+07
layer cost (6) : 1e+07 1e+07
layer cost (7) : 1e+07 1e+07
layer cost (8) : 1e+07 1e+07
layer cost (9) : 1 1
layer cost (10) : 1 1
layer cost (11) : 1e+07 1e+07
after updatendr layer : 0 width : 60 60
after updatendr layer : 1 width : 14 14
after updatendr layer : 2 width : 100 100
after updatendr layer : 3 width : 100 100
after updatendr layer : 4 width : 100 100
after updatendr layer : 5 width : 100 100
after updatendr layer : 6 width : 100 100
after updatendr layer : 7 width : 100 100
after updatendr layer : 8 width : 100 100
after updatendr layer : 9 width : 400 400
after updatendr layer : 10 width : 2000 2000
after updatendr layer : 11 width : 60 60
after updatendr layer : 12 width : 95 95
after updatendr layer : 13 width : 110 110
after updatendr layer : 14 width : 110 110
after updatendr layer : 15 width : 110 110
after updatendr layer : 16 width : 110 110
after updatendr layer : 17 width : 110 110
after updatendr layer : 18 width : 110 110
after updatendr layer : 19 width : 350 350
after updatendr layer : 20 width : 350 350
layer : 0 width : 60 60
layer : 1 width : 14 14
layer : 2 width : 100 100
layer : 3 width : 100 100
layer : 4 width : 100 100
layer : 5 width : 100 100
layer : 6 width : 100 100
layer : 7 width : 100 100
layer : 8 width : 100 100
layer : 9 width : 400 400
layer : 10 width : 2000 2000
layer : 11 width : 60 60
layer : 12 width : 95 95
layer : 13 width : 110 110
layer : 14 width : 110 110
layer : 15 width : 110 110
layer : 16 width : 110 110
layer : 17 width : 110 110
layer : 18 width : 110 110
layer : 19 width : 350 350
layer : 20 width : 350 350
via : l: 2 u: 3 c: 13 center: (0,0) lb: [(-105,-105),(105,105)] ub: [(-105,-105),(105,105)] cut: [(-55,-55),(55,55)] bbox: [(-105,-105),(105,105)]
via : l: 3 u: 4 c: 14 center: (0,0) lb: [(-105,-105),(105,105)] ub: [(-105,-105),(105,105)] cut: [(-55,-55),(55,55)] bbox: [(-105,-105),(105,105)]
via : l: 4 u: 5 c: 15 center: (0,0) lb: [(-215,-215),(215,215)] ub: [(-215,-215),(215,215)] cut: [(-165,-165),(165,165)] bbox: [(-215,-215),(215,215)]
via : l: 5 u: 6 c: 16 center: (0,0) lb: [(-215,-215),(215,215)] ub: [(-215,-215),(215,215)] cut: [(-165,-165),(165,165)] bbox: [(-215,-215),(215,215)]
via : l: 6 u: 7 c: 17 center: (0,0) lb: [(-225,-225),(225,225)] ub: [(-225,-225),(225,225)] cut: [(-165,-165),(165,165)] bbox: [(-225,-225),(225,225)]
via : l: 7 u: 8 c: 18 center: (0,0) lb: [(-545,-215),(545,215)] ub: [(-545,-215),(545,215)] cut: [(-495,-165),(495,165)] bbox: [(-545,-215),(545,215)]
via : l: 8 u: 9 c: 19 center: (0,0) lb: [(-570,-570),(570,570)] ub: [(-570,-570),(570,570)] cut: [(-500,-500),(500,500)] bbox: [(-570,-570),(570,570)]
via : l: 9 u: 10 c: 20 center: (0,0) lb: [(-680,-680),(680,680)] ub: [(-680,-680),(680,680)] cut: [(-610,-610),(610,610)] bbox: [(-680,-680),(680,680)]
routing : net5__xc1/MINUS_port_0__cas_mos/DD_port_0
num src : 11 tgt : 101
sol found with 2 expansions!
	expanded : 0 0
	expanded : 1 0
	expanded : 2 0
	expanded : 3 0
	expanded : 4 0
	expanded : 5 0
	expanded : 6 0
	expanded : 7 0
	expanded : 8 0
	expanded : 9 1
	expanded : 10 1
flushing nodes
Geom::LayerRects Router::Router::findSol() runtime : 0.00744388(s)
Adding routes to xc1/MINUS_port_0 3
Adding routes to cas_mos/DD_port_0 3
flushing nodes
routing ports : xc1/MINUS_port_0 drain_ind/P1_port_0
pref layer pin found for xc1/MINUS_port_0
pref layer pin found for drain_ind/P1_port_0
layer cost (0) : 1e+07 1e+07
layer cost (1) : 1e+07 1e+07
layer cost (2) : 1e+07 1e+07
layer cost (3) : 1e+07 1e+07
layer cost (4) : 1e+07 1e+07
layer cost (5) : 1e+07 1e+07
layer cost (6) : 1e+07 1e+07
layer cost (7) : 1e+07 1e+07
layer cost (8) : 1e+07 1e+07
layer cost (9) : 1 1
layer cost (10) : 1 1
layer cost (11) : 1e+07 1e+07
after updatendr layer : 0 width : 60 60
after updatendr layer : 1 width : 14 14
after updatendr layer : 2 width : 100 100
after updatendr layer : 3 width : 100 100
after updatendr layer : 4 width : 100 100
after updatendr layer : 5 width : 100 100
after updatendr layer : 6 width : 100 100
after updatendr layer : 7 width : 100 100
after updatendr layer : 8 width : 100 100
after updatendr layer : 9 width : 400 400
after updatendr layer : 10 width : 2000 2000
after updatendr layer : 11 width : 60 60
after updatendr layer : 12 width : 95 95
after updatendr layer : 13 width : 110 110
after updatendr layer : 14 width : 110 110
after updatendr layer : 15 width : 110 110
after updatendr layer : 16 width : 110 110
after updatendr layer : 17 width : 110 110
after updatendr layer : 18 width : 110 110
after updatendr layer : 19 width : 350 350
after updatendr layer : 20 width : 350 350
layer : 0 width : 60 60
layer : 1 width : 14 14
layer : 2 width : 100 100
layer : 3 width : 100 100
layer : 4 width : 100 100
layer : 5 width : 100 100
layer : 6 width : 100 100
layer : 7 width : 100 100
layer : 8 width : 100 100
layer : 9 width : 400 400
layer : 10 width : 2000 2000
layer : 11 width : 60 60
layer : 12 width : 95 95
layer : 13 width : 110 110
layer : 14 width : 110 110
layer : 15 width : 110 110
layer : 16 width : 110 110
layer : 17 width : 110 110
layer : 18 width : 110 110
layer : 19 width : 350 350
layer : 20 width : 350 350
via : l: 2 u: 3 c: 13 center: (0,0) lb: [(-105,-105),(105,105)] ub: [(-105,-105),(105,105)] cut: [(-55,-55),(55,55)] bbox: [(-105,-105),(105,105)]
via : l: 3 u: 4 c: 14 center: (0,0) lb: [(-105,-105),(105,105)] ub: [(-105,-105),(105,105)] cut: [(-55,-55),(55,55)] bbox: [(-105,-105),(105,105)]
via : l: 4 u: 5 c: 15 center: (0,0) lb: [(-215,-215),(215,215)] ub: [(-215,-215),(215,215)] cut: [(-165,-165),(165,165)] bbox: [(-215,-215),(215,215)]
via : l: 5 u: 6 c: 16 center: (0,0) lb: [(-215,-215),(215,215)] ub: [(-215,-215),(215,215)] cut: [(-165,-165),(165,165)] bbox: [(-215,-215),(215,215)]
via : l: 6 u: 7 c: 17 center: (0,0) lb: [(-225,-225),(225,225)] ub: [(-225,-225),(225,225)] cut: [(-165,-165),(165,165)] bbox: [(-225,-225),(225,225)]
via : l: 7 u: 8 c: 18 center: (0,0) lb: [(-545,-215),(545,215)] ub: [(-545,-215),(545,215)] cut: [(-495,-165),(495,165)] bbox: [(-545,-215),(545,215)]
via : l: 8 u: 9 c: 19 center: (0,0) lb: [(-570,-570),(570,570)] ub: [(-570,-570),(570,570)] cut: [(-500,-500),(500,500)] bbox: [(-570,-570),(570,570)]
via : l: 9 u: 10 c: 20 center: (0,0) lb: [(-680,-680),(680,680)] ub: [(-680,-680),(680,680)] cut: [(-610,-610),(610,610)] bbox: [(-680,-680),(680,680)]
routing : net5__xc1/MINUS_port_0__drain_ind/P1_port_0
num src : 32 tgt : 214
sol found with 1 expansions!
	expanded : 0 0
	expanded : 1 0
	expanded : 2 0
	expanded : 3 0
	expanded : 4 0
	expanded : 5 0
	expanded : 6 0
	expanded : 7 0
	expanded : 8 0
	expanded : 9 0
	expanded : 10 1
flushing nodes
Geom::LayerRects Router::Router::findSol() runtime : 0.00972581(s)
Adding routes to xc1/MINUS_port_0 1
Adding routes to drain_ind/P1_port_0 1
net : net4
routing net : net4 22741
ports dist : xc3/MINUS_port_0 xR0/MINUS_port_0 0.396052
ports dist : xc3/MINUS_port_0 xR2/MINUS_port_0 0.566449
ports dist : xc3/MINUS_port_0 cas_mos/G2_port_0 0.582699
ports dist : xR0/MINUS_port_0 xR2/MINUS_port_0 0.0642012
ports dist : xR0/MINUS_port_0 cas_mos/G2_port_0 0.344772
ports dist : xR2/MINUS_port_0 cas_mos/G2_port_0 0.437336
ports to route order : xR0/MINUS_port_0 xR2/MINUS_port_0
ports to route order : xR0/MINUS_port_0 cas_mos/G2_port_0
ports to route order : xR0/MINUS_port_0 xc3/MINUS_port_0
flushing nodes
routing ports : xR0/MINUS_port_0 xR2/MINUS_port_0
after updatendr layer : 0 width : 60 60
after updatendr layer : 1 width : 14 14
after updatendr layer : 2 width : 100 100
after updatendr layer : 3 width : 100 100
after updatendr layer : 4 width : 100 100
after updatendr layer : 5 width : 100 100
after updatendr layer : 6 width : 100 100
after updatendr layer : 7 width : 100 100
after updatendr layer : 8 width : 100 100
after updatendr layer : 9 width : 400 400
after updatendr layer : 10 width : 2000 2000
after updatendr layer : 11 width : 60 60
after updatendr layer : 12 width : 95 95
after updatendr layer : 13 width : 110 110
after updatendr layer : 14 width : 110 110
after updatendr layer : 15 width : 110 110
after updatendr layer : 16 width : 110 110
after updatendr layer : 17 width : 110 110
after updatendr layer : 18 width : 110 110
after updatendr layer : 19 width : 350 350
after updatendr layer : 20 width : 350 350
layer : 0 width : 60 60
layer : 1 width : 14 14
layer : 2 width : 100 100
layer : 3 width : 100 100
layer : 4 width : 100 100
layer : 5 width : 100 100
layer : 6 width : 100 100
layer : 7 width : 100 100
layer : 8 width : 100 100
layer : 9 width : 400 400
layer : 10 width : 2000 2000
layer : 11 width : 60 60
layer : 12 width : 95 95
layer : 13 width : 110 110
layer : 14 width : 110 110
layer : 15 width : 110 110
layer : 16 width : 110 110
layer : 17 width : 110 110
layer : 18 width : 110 110
layer : 19 width : 350 350
layer : 20 width : 350 350
via : l: 2 u: 3 c: 13 center: (0,0) lb: [(-105,-105),(105,105)] ub: [(-105,-105),(105,105)] cut: [(-55,-55),(55,55)] bbox: [(-105,-105),(105,105)]
via : l: 3 u: 4 c: 14 center: (0,0) lb: [(-105,-105),(105,105)] ub: [(-105,-105),(105,105)] cut: [(-55,-55),(55,55)] bbox: [(-105,-105),(105,105)]
via : l: 4 u: 5 c: 15 center: (0,0) lb: [(-215,-215),(215,215)] ub: [(-215,-215),(215,215)] cut: [(-165,-165),(165,165)] bbox: [(-215,-215),(215,215)]
via : l: 5 u: 6 c: 16 center: (0,0) lb: [(-215,-215),(215,215)] ub: [(-215,-215),(215,215)] cut: [(-165,-165),(165,165)] bbox: [(-215,-215),(215,215)]
via : l: 6 u: 7 c: 17 center: (0,0) lb: [(-225,-225),(225,225)] ub: [(-225,-225),(225,225)] cut: [(-165,-165),(165,165)] bbox: [(-225,-225),(225,225)]
via : l: 7 u: 8 c: 18 center: (0,0) lb: [(-545,-215),(545,215)] ub: [(-545,-215),(545,215)] cut: [(-495,-165),(495,165)] bbox: [(-545,-215),(545,215)]
via : l: 8 u: 9 c: 19 center: (0,0) lb: [(-570,-570),(570,570)] ub: [(-570,-570),(570,570)] cut: [(-500,-500),(500,500)] bbox: [(-570,-570),(570,570)]
via : l: 9 u: 10 c: 20 center: (0,0) lb: [(-680,-680),(680,680)] ub: [(-680,-680),(680,680)] cut: [(-610,-610),(610,610)] bbox: [(-680,-680),(680,680)]
routing : net4__xR0/MINUS_port_0__xR2/MINUS_port_0
num src : 80 tgt : 134
sol found with 8 expansions!
	expanded : 0 0
	expanded : 1 0
	expanded : 2 8
	expanded : 3 0
	expanded : 4 0
	expanded : 5 0
	expanded : 6 0
	expanded : 7 0
	expanded : 8 0
	expanded : 9 0
	expanded : 10 0
flushing nodes
Geom::LayerRects Router::Router::findSol() runtime : 0.0320162(s)
Adding routes to xR0/MINUS_port_0 1
Adding routes to xR2/MINUS_port_0 1
flushing nodes
routing ports : xR0/MINUS_port_0 cas_mos/G2_port_0
after updatendr layer : 0 width : 60 60
after updatendr layer : 1 width : 14 14
after updatendr layer : 2 width : 100 100
after updatendr layer : 3 width : 100 100
after updatendr layer : 4 width : 100 100
after updatendr layer : 5 width : 100 100
after updatendr layer : 6 width : 100 100
after updatendr layer : 7 width : 100 100
after updatendr layer : 8 width : 100 100
after updatendr layer : 9 width : 400 400
after updatendr layer : 10 width : 2000 2000
after updatendr layer : 11 width : 60 60
after updatendr layer : 12 width : 95 95
after updatendr layer : 13 width : 110 110
after updatendr layer : 14 width : 110 110
after updatendr layer : 15 width : 110 110
after updatendr layer : 16 width : 110 110
after updatendr layer : 17 width : 110 110
after updatendr layer : 18 width : 110 110
after updatendr layer : 19 width : 350 350
after updatendr layer : 20 width : 350 350
layer : 0 width : 60 60
layer : 1 width : 14 14
layer : 2 width : 100 100
layer : 3 width : 100 100
layer : 4 width : 100 100
layer : 5 width : 100 100
layer : 6 width : 100 100
layer : 7 width : 100 100
layer : 8 width : 100 100
layer : 9 width : 400 400
layer : 10 width : 2000 2000
layer : 11 width : 60 60
layer : 12 width : 95 95
layer : 13 width : 110 110
layer : 14 width : 110 110
layer : 15 width : 110 110
layer : 16 width : 110 110
layer : 17 width : 110 110
layer : 18 width : 110 110
layer : 19 width : 350 350
layer : 20 width : 350 350
via : l: 2 u: 3 c: 13 center: (0,0) lb: [(-105,-105),(105,105)] ub: [(-105,-105),(105,105)] cut: [(-55,-55),(55,55)] bbox: [(-105,-105),(105,105)]
via : l: 3 u: 4 c: 14 center: (0,0) lb: [(-105,-105),(105,105)] ub: [(-105,-105),(105,105)] cut: [(-55,-55),(55,55)] bbox: [(-105,-105),(105,105)]
via : l: 4 u: 5 c: 15 center: (0,0) lb: [(-215,-215),(215,215)] ub: [(-215,-215),(215,215)] cut: [(-165,-165),(165,165)] bbox: [(-215,-215),(215,215)]
via : l: 5 u: 6 c: 16 center: (0,0) lb: [(-215,-215),(215,215)] ub: [(-215,-215),(215,215)] cut: [(-165,-165),(165,165)] bbox: [(-215,-215),(215,215)]
via : l: 6 u: 7 c: 17 center: (0,0) lb: [(-225,-225),(225,225)] ub: [(-225,-225),(225,225)] cut: [(-165,-165),(165,165)] bbox: [(-225,-225),(225,225)]
via : l: 7 u: 8 c: 18 center: (0,0) lb: [(-545,-215),(545,215)] ub: [(-545,-215),(545,215)] cut: [(-495,-165),(495,165)] bbox: [(-545,-215),(545,215)]
via : l: 8 u: 9 c: 19 center: (0,0) lb: [(-570,-570),(570,570)] ub: [(-570,-570),(570,570)] cut: [(-500,-500),(500,500)] bbox: [(-570,-570),(570,570)]
via : l: 9 u: 10 c: 20 center: (0,0) lb: [(-680,-680),(680,680)] ub: [(-680,-680),(680,680)] cut: [(-610,-610),(610,610)] bbox: [(-680,-680),(680,680)]
routing : net4__xR0/MINUS_port_0__cas_mos/G2_port_0
num src : 78 tgt : 161
sol found with 9 expansions!
	expanded : 0 0
	expanded : 1 0
	expanded : 2 7
	expanded : 3 1
	expanded : 4 1
	expanded : 5 0
	expanded : 6 0
	expanded : 7 0
	expanded : 8 0
	expanded : 9 0
	expanded : 10 0
flushing nodes
Geom::LayerRects Router::Router::findSol() runtime : 0.0362048(s)
Adding routes to xR0/MINUS_port_0 5
Adding routes to cas_mos/G2_port_0 5
flushing nodes
routing ports : xR0/MINUS_port_0 xc3/MINUS_port_0
after updatendr layer : 0 width : 60 60
after updatendr layer : 1 width : 14 14
after updatendr layer : 2 width : 100 100
after updatendr layer : 3 width : 100 100
after updatendr layer : 4 width : 100 100
after updatendr layer : 5 width : 100 100
after updatendr layer : 6 width : 100 100
after updatendr layer : 7 width : 100 100
after updatendr layer : 8 width : 100 100
after updatendr layer : 9 width : 400 400
after updatendr layer : 10 width : 2000 2000
after updatendr layer : 11 width : 60 60
after updatendr layer : 12 width : 95 95
after updatendr layer : 13 width : 110 110
after updatendr layer : 14 width : 110 110
after updatendr layer : 15 width : 110 110
after updatendr layer : 16 width : 110 110
after updatendr layer : 17 width : 110 110
after updatendr layer : 18 width : 110 110
after updatendr layer : 19 width : 350 350
after updatendr layer : 20 width : 350 350
layer : 0 width : 60 60
layer : 1 width : 14 14
layer : 2 width : 100 100
layer : 3 width : 100 100
layer : 4 width : 100 100
layer : 5 width : 100 100
layer : 6 width : 100 100
layer : 7 width : 100 100
layer : 8 width : 100 100
layer : 9 width : 400 400
layer : 10 width : 2000 2000
layer : 11 width : 60 60
layer : 12 width : 95 95
layer : 13 width : 110 110
layer : 14 width : 110 110
layer : 15 width : 110 110
layer : 16 width : 110 110
layer : 17 width : 110 110
layer : 18 width : 110 110
layer : 19 width : 350 350
layer : 20 width : 350 350
via : l: 2 u: 3 c: 13 center: (0,0) lb: [(-105,-105),(105,105)] ub: [(-105,-105),(105,105)] cut: [(-55,-55),(55,55)] bbox: [(-105,-105),(105,105)]
via : l: 3 u: 4 c: 14 center: (0,0) lb: [(-105,-105),(105,105)] ub: [(-105,-105),(105,105)] cut: [(-55,-55),(55,55)] bbox: [(-105,-105),(105,105)]
via : l: 4 u: 5 c: 15 center: (0,0) lb: [(-215,-215),(215,215)] ub: [(-215,-215),(215,215)] cut: [(-165,-165),(165,165)] bbox: [(-215,-215),(215,215)]
via : l: 5 u: 6 c: 16 center: (0,0) lb: [(-215,-215),(215,215)] ub: [(-215,-215),(215,215)] cut: [(-165,-165),(165,165)] bbox: [(-215,-215),(215,215)]
via : l: 6 u: 7 c: 17 center: (0,0) lb: [(-225,-225),(225,225)] ub: [(-225,-225),(225,225)] cut: [(-165,-165),(165,165)] bbox: [(-225,-225),(225,225)]
via : l: 7 u: 8 c: 18 center: (0,0) lb: [(-545,-215),(545,215)] ub: [(-545,-215),(545,215)] cut: [(-495,-165),(495,165)] bbox: [(-545,-215),(545,215)]
via : l: 8 u: 9 c: 19 center: (0,0) lb: [(-570,-570),(570,570)] ub: [(-570,-570),(570,570)] cut: [(-500,-500),(500,500)] bbox: [(-570,-570),(570,570)]
via : l: 9 u: 10 c: 20 center: (0,0) lb: [(-680,-680),(680,680)] ub: [(-680,-680),(680,680)] cut: [(-610,-610),(610,610)] bbox: [(-680,-680),(680,680)]
routing : net4__xR0/MINUS_port_0__xc3/MINUS_port_0
num src : 71 tgt : 300
sol found with 7 expansions!
	expanded : 0 0
	expanded : 1 0
	expanded : 2 0
	expanded : 3 0
	expanded : 4 1
	expanded : 5 1
	expanded : 6 1
	expanded : 7 1
	expanded : 8 1
	expanded : 9 2
	expanded : 10 0
flushing nodes
Geom::LayerRects Router::Router::findSol() runtime : 0.0705269(s)
Adding routes to xR0/MINUS_port_0 11
Adding routes to xc3/MINUS_port_0 11
net : net2
routing net : net2 24287
ports dist : xR0/PLUS_port_0 xR3/PLUS_port_0 0.283073
ports dist : xR0/PLUS_port_0 xR1/MINUS_port_0 0.13991
ports dist : xR0/PLUS_port_0 bias_mos/D_port_0 0.0802326
ports dist : xR3/PLUS_port_0 xR1/MINUS_port_0 0.0597439
ports dist : xR3/PLUS_port_0 bias_mos/D_port_0 0.667502
ports dist : xR1/MINUS_port_0 bias_mos/D_port_0 0.524339
ports to route order : xR3/PLUS_port_0 xR1/MINUS_port_0
ports to route order : xR1/MINUS_port_0 xR0/PLUS_port_0
ports to route order : xR0/PLUS_port_0 bias_mos/D_port_0
flushing nodes
routing ports : xR3/PLUS_port_0 xR1/MINUS_port_0
after updatendr layer : 0 width : 60 60
after updatendr layer : 1 width : 14 14
after updatendr layer : 2 width : 100 100
after updatendr layer : 3 width : 100 100
after updatendr layer : 4 width : 100 100
after updatendr layer : 5 width : 100 100
after updatendr layer : 6 width : 100 100
after updatendr layer : 7 width : 100 100
after updatendr layer : 8 width : 100 100
after updatendr layer : 9 width : 400 400
after updatendr layer : 10 width : 2000 2000
after updatendr layer : 11 width : 60 60
after updatendr layer : 12 width : 95 95
after updatendr layer : 13 width : 110 110
after updatendr layer : 14 width : 110 110
after updatendr layer : 15 width : 110 110
after updatendr layer : 16 width : 110 110
after updatendr layer : 17 width : 110 110
after updatendr layer : 18 width : 110 110
after updatendr layer : 19 width : 350 350
after updatendr layer : 20 width : 350 350
layer : 0 width : 60 60
layer : 1 width : 14 14
layer : 2 width : 100 100
layer : 3 width : 100 100
layer : 4 width : 100 100
layer : 5 width : 100 100
layer : 6 width : 100 100
layer : 7 width : 100 100
layer : 8 width : 100 100
layer : 9 width : 400 400
layer : 10 width : 2000 2000
layer : 11 width : 60 60
layer : 12 width : 95 95
layer : 13 width : 110 110
layer : 14 width : 110 110
layer : 15 width : 110 110
layer : 16 width : 110 110
layer : 17 width : 110 110
layer : 18 width : 110 110
layer : 19 width : 350 350
layer : 20 width : 350 350
via : l: 2 u: 3 c: 13 center: (0,0) lb: [(-105,-105),(105,105)] ub: [(-105,-105),(105,105)] cut: [(-55,-55),(55,55)] bbox: [(-105,-105),(105,105)]
via : l: 3 u: 4 c: 14 center: (0,0) lb: [(-105,-105),(105,105)] ub: [(-105,-105),(105,105)] cut: [(-55,-55),(55,55)] bbox: [(-105,-105),(105,105)]
via : l: 4 u: 5 c: 15 center: (0,0) lb: [(-215,-215),(215,215)] ub: [(-215,-215),(215,215)] cut: [(-165,-165),(165,165)] bbox: [(-215,-215),(215,215)]
via : l: 5 u: 6 c: 16 center: (0,0) lb: [(-215,-215),(215,215)] ub: [(-215,-215),(215,215)] cut: [(-165,-165),(165,165)] bbox: [(-215,-215),(215,215)]
via : l: 6 u: 7 c: 17 center: (0,0) lb: [(-225,-225),(225,225)] ub: [(-225,-225),(225,225)] cut: [(-165,-165),(165,165)] bbox: [(-225,-225),(225,225)]
via : l: 7 u: 8 c: 18 center: (0,0) lb: [(-545,-215),(545,215)] ub: [(-545,-215),(545,215)] cut: [(-495,-165),(495,165)] bbox: [(-545,-215),(545,215)]
via : l: 8 u: 9 c: 19 center: (0,0) lb: [(-570,-570),(570,570)] ub: [(-570,-570),(570,570)] cut: [(-500,-500),(500,500)] bbox: [(-570,-570),(570,570)]
via : l: 9 u: 10 c: 20 center: (0,0) lb: [(-680,-680),(680,680)] ub: [(-680,-680),(680,680)] cut: [(-610,-610),(610,610)] bbox: [(-680,-680),(680,680)]
routing : net2__xR3/PLUS_port_0__xR1/MINUS_port_0
num src : 69 tgt : 69
sol found with 8 expansions!
	expanded : 0 0
	expanded : 1 0
	expanded : 2 8
	expanded : 3 0
	expanded : 4 0
	expanded : 5 0
	expanded : 6 0
	expanded : 7 0
	expanded : 8 0
	expanded : 9 0
	expanded : 10 0
flushing nodes
Geom::LayerRects Router::Router::findSol() runtime : 0.0326802(s)
Adding routes to xR3/PLUS_port_0 1
Adding routes to xR1/MINUS_port_0 1
flushing nodes
routing ports : xR0/PLUS_port_0 bias_mos/D_port_0
after updatendr layer : 0 width : 60 60
after updatendr layer : 1 width : 14 14
after updatendr layer : 2 width : 100 100
after updatendr layer : 3 width : 100 100
after updatendr layer : 4 width : 100 100
after updatendr layer : 5 width : 100 100
after updatendr layer : 6 width : 100 100
after updatendr layer : 7 width : 100 100
after updatendr layer : 8 width : 100 100
after updatendr layer : 9 width : 400 400
after updatendr layer : 10 width : 2000 2000
after updatendr layer : 11 width : 60 60
after updatendr layer : 12 width : 95 95
after updatendr layer : 13 width : 110 110
after updatendr layer : 14 width : 110 110
after updatendr layer : 15 width : 110 110
after updatendr layer : 16 width : 110 110
after updatendr layer : 17 width : 110 110
after updatendr layer : 18 width : 110 110
after updatendr layer : 19 width : 350 350
after updatendr layer : 20 width : 350 350
layer : 0 width : 60 60
layer : 1 width : 14 14
layer : 2 width : 100 100
layer : 3 width : 100 100
layer : 4 width : 100 100
layer : 5 width : 100 100
layer : 6 width : 100 100
layer : 7 width : 100 100
layer : 8 width : 100 100
layer : 9 width : 400 400
layer : 10 width : 2000 2000
layer : 11 width : 60 60
layer : 12 width : 95 95
layer : 13 width : 110 110
layer : 14 width : 110 110
layer : 15 width : 110 110
layer : 16 width : 110 110
layer : 17 width : 110 110
layer : 18 width : 110 110
layer : 19 width : 350 350
layer : 20 width : 350 350
via : l: 2 u: 3 c: 13 center: (0,0) lb: [(-105,-105),(105,105)] ub: [(-105,-105),(105,105)] cut: [(-55,-55),(55,55)] bbox: [(-105,-105),(105,105)]
via : l: 3 u: 4 c: 14 center: (0,0) lb: [(-105,-105),(105,105)] ub: [(-105,-105),(105,105)] cut: [(-55,-55),(55,55)] bbox: [(-105,-105),(105,105)]
via : l: 4 u: 5 c: 15 center: (0,0) lb: [(-215,-215),(215,215)] ub: [(-215,-215),(215,215)] cut: [(-165,-165),(165,165)] bbox: [(-215,-215),(215,215)]
via : l: 5 u: 6 c: 16 center: (0,0) lb: [(-215,-215),(215,215)] ub: [(-215,-215),(215,215)] cut: [(-165,-165),(165,165)] bbox: [(-215,-215),(215,215)]
via : l: 6 u: 7 c: 17 center: (0,0) lb: [(-225,-225),(225,225)] ub: [(-225,-225),(225,225)] cut: [(-165,-165),(165,165)] bbox: [(-225,-225),(225,225)]
via : l: 7 u: 8 c: 18 center: (0,0) lb: [(-545,-215),(545,215)] ub: [(-545,-215),(545,215)] cut: [(-495,-165),(495,165)] bbox: [(-545,-215),(545,215)]
via : l: 8 u: 9 c: 19 center: (0,0) lb: [(-570,-570),(570,570)] ub: [(-570,-570),(570,570)] cut: [(-500,-500),(500,500)] bbox: [(-570,-570),(570,570)]
via : l: 9 u: 10 c: 20 center: (0,0) lb: [(-680,-680),(680,680)] ub: [(-680,-680),(680,680)] cut: [(-610,-610),(610,610)] bbox: [(-680,-680),(680,680)]
routing : net2__xR0/PLUS_port_0__bias_mos/D_port_0
num src : 98 tgt : 134
sol found with 2 expansions!
	expanded : 0 0
	expanded : 1 0
	expanded : 2 0
	expanded : 3 2
	expanded : 4 0
	expanded : 5 0
	expanded : 6 0
	expanded : 7 0
	expanded : 8 0
	expanded : 9 0
	expanded : 10 0
flushing nodes
Geom::LayerRects Router::Router::findSol() runtime : 0.0247725(s)
Adding routes to xR0/PLUS_port_0 3
Adding routes to bias_mos/D_port_0 3
flushing nodes
routing ports : xR1/MINUS_port_0 xR0/PLUS_port_0
after updatendr layer : 0 width : 60 60
after updatendr layer : 1 width : 14 14
after updatendr layer : 2 width : 100 100
after updatendr layer : 3 width : 100 100
after updatendr layer : 4 width : 100 100
after updatendr layer : 5 width : 100 100
after updatendr layer : 6 width : 100 100
after updatendr layer : 7 width : 100 100
after updatendr layer : 8 width : 100 100
after updatendr layer : 9 width : 400 400
after updatendr layer : 10 width : 2000 2000
after updatendr layer : 11 width : 60 60
after updatendr layer : 12 width : 95 95
after updatendr layer : 13 width : 110 110
after updatendr layer : 14 width : 110 110
after updatendr layer : 15 width : 110 110
after updatendr layer : 16 width : 110 110
after updatendr layer : 17 width : 110 110
after updatendr layer : 18 width : 110 110
after updatendr layer : 19 width : 350 350
after updatendr layer : 20 width : 350 350
layer : 0 width : 60 60
layer : 1 width : 14 14
layer : 2 width : 100 100
layer : 3 width : 100 100
layer : 4 width : 100 100
layer : 5 width : 100 100
layer : 6 width : 100 100
layer : 7 width : 100 100
layer : 8 width : 100 100
layer : 9 width : 400 400
layer : 10 width : 2000 2000
layer : 11 width : 60 60
layer : 12 width : 95 95
layer : 13 width : 110 110
layer : 14 width : 110 110
layer : 15 width : 110 110
layer : 16 width : 110 110
layer : 17 width : 110 110
layer : 18 width : 110 110
layer : 19 width : 350 350
layer : 20 width : 350 350
via : l: 2 u: 3 c: 13 center: (0,0) lb: [(-105,-105),(105,105)] ub: [(-105,-105),(105,105)] cut: [(-55,-55),(55,55)] bbox: [(-105,-105),(105,105)]
via : l: 3 u: 4 c: 14 center: (0,0) lb: [(-105,-105),(105,105)] ub: [(-105,-105),(105,105)] cut: [(-55,-55),(55,55)] bbox: [(-105,-105),(105,105)]
via : l: 4 u: 5 c: 15 center: (0,0) lb: [(-215,-215),(215,215)] ub: [(-215,-215),(215,215)] cut: [(-165,-165),(165,165)] bbox: [(-215,-215),(215,215)]
via : l: 5 u: 6 c: 16 center: (0,0) lb: [(-215,-215),(215,215)] ub: [(-215,-215),(215,215)] cut: [(-165,-165),(165,165)] bbox: [(-215,-215),(215,215)]
via : l: 6 u: 7 c: 17 center: (0,0) lb: [(-225,-225),(225,225)] ub: [(-225,-225),(225,225)] cut: [(-165,-165),(165,165)] bbox: [(-225,-225),(225,225)]
via : l: 7 u: 8 c: 18 center: (0,0) lb: [(-545,-215),(545,215)] ub: [(-545,-215),(545,215)] cut: [(-495,-165),(495,165)] bbox: [(-545,-215),(545,215)]
via : l: 8 u: 9 c: 19 center: (0,0) lb: [(-570,-570),(570,570)] ub: [(-570,-570),(570,570)] cut: [(-500,-500),(500,500)] bbox: [(-570,-570),(570,570)]
via : l: 9 u: 10 c: 20 center: (0,0) lb: [(-680,-680),(680,680)] ub: [(-680,-680),(680,680)] cut: [(-610,-610),(610,610)] bbox: [(-680,-680),(680,680)]
routing : net2__xR1/MINUS_port_0__xR0/PLUS_port_0
num src : 101 tgt : 197
sol found with 7 expansions!
	expanded : 0 0
	expanded : 1 0
	expanded : 2 7
	expanded : 3 0
	expanded : 4 0
	expanded : 5 0
	expanded : 6 0
	expanded : 7 0
	expanded : 8 0
	expanded : 9 0
	expanded : 10 0
flushing nodes
Geom::LayerRects Router::Router::findSol() runtime : 0.0384602(s)
Adding routes to xR1/MINUS_port_0 1
Adding routes to xR0/PLUS_port_0 1
net : net13
routing net : net13 11300
ports dist : xR1/PLUS_port_0 bias_mos/G_port_0 0.45646
ports to route order : xR1/PLUS_port_0 bias_mos/G_port_0
flushing nodes
routing ports : xR1/PLUS_port_0 bias_mos/G_port_0
after updatendr layer : 0 width : 60 60
after updatendr layer : 1 width : 14 14
after updatendr layer : 2 width : 100 100
after updatendr layer : 3 width : 100 100
after updatendr layer : 4 width : 100 100
after updatendr layer : 5 width : 100 100
after updatendr layer : 6 width : 100 100
after updatendr layer : 7 width : 100 100
after updatendr layer : 8 width : 100 100
after updatendr layer : 9 width : 400 400
after updatendr layer : 10 width : 2000 2000
after updatendr layer : 11 width : 60 60
after updatendr layer : 12 width : 95 95
after updatendr layer : 13 width : 110 110
after updatendr layer : 14 width : 110 110
after updatendr layer : 15 width : 110 110
after updatendr layer : 16 width : 110 110
after updatendr layer : 17 width : 110 110
after updatendr layer : 18 width : 110 110
after updatendr layer : 19 width : 350 350
after updatendr layer : 20 width : 350 350
layer : 0 width : 60 60
layer : 1 width : 14 14
layer : 2 width : 100 100
layer : 3 width : 100 100
layer : 4 width : 100 100
layer : 5 width : 100 100
layer : 6 width : 100 100
layer : 7 width : 100 100
layer : 8 width : 100 100
layer : 9 width : 400 400
layer : 10 width : 2000 2000
layer : 11 width : 60 60
layer : 12 width : 95 95
layer : 13 width : 110 110
layer : 14 width : 110 110
layer : 15 width : 110 110
layer : 16 width : 110 110
layer : 17 width : 110 110
layer : 18 width : 110 110
layer : 19 width : 350 350
layer : 20 width : 350 350
via : l: 2 u: 3 c: 13 center: (0,0) lb: [(-105,-105),(105,105)] ub: [(-105,-105),(105,105)] cut: [(-55,-55),(55,55)] bbox: [(-105,-105),(105,105)]
via : l: 3 u: 4 c: 14 center: (0,0) lb: [(-105,-105),(105,105)] ub: [(-105,-105),(105,105)] cut: [(-55,-55),(55,55)] bbox: [(-105,-105),(105,105)]
via : l: 4 u: 5 c: 15 center: (0,0) lb: [(-215,-215),(215,215)] ub: [(-215,-215),(215,215)] cut: [(-165,-165),(165,165)] bbox: [(-215,-215),(215,215)]
via : l: 5 u: 6 c: 16 center: (0,0) lb: [(-215,-215),(215,215)] ub: [(-215,-215),(215,215)] cut: [(-165,-165),(165,165)] bbox: [(-215,-215),(215,215)]
via : l: 6 u: 7 c: 17 center: (0,0) lb: [(-225,-225),(225,225)] ub: [(-225,-225),(225,225)] cut: [(-165,-165),(165,165)] bbox: [(-225,-225),(225,225)]
via : l: 7 u: 8 c: 18 center: (0,0) lb: [(-545,-215),(545,215)] ub: [(-545,-215),(545,215)] cut: [(-495,-165),(495,165)] bbox: [(-545,-215),(545,215)]
via : l: 8 u: 9 c: 19 center: (0,0) lb: [(-570,-570),(570,570)] ub: [(-570,-570),(570,570)] cut: [(-500,-500),(500,500)] bbox: [(-570,-570),(570,570)]
via : l: 9 u: 10 c: 20 center: (0,0) lb: [(-680,-680),(680,680)] ub: [(-680,-680),(680,680)] cut: [(-610,-610),(610,610)] bbox: [(-680,-680),(680,680)]
routing : net13__xR1/PLUS_port_0__bias_mos/G_port_0
num src : 69 tgt : 102
sol found with 4 expansions!
	expanded : 0 0
	expanded : 1 0
	expanded : 2 2
	expanded : 3 2
	expanded : 4 0
	expanded : 5 0
	expanded : 6 0
	expanded : 7 0
	expanded : 8 0
	expanded : 9 0
	expanded : 10 0
flushing nodes
Geom::LayerRects Router::Router::findSol() runtime : 0.0259904(s)
Adding routes to xR1/PLUS_port_0 5
Adding routes to bias_mos/G_port_0 5
net : net010
routing net : net010 56850
ports dist : input/PAD_port_0 xc2/PLUS_port_0 0.293852
ports to route order : input/PAD_port_0 xc2/PLUS_port_0
flushing nodes
routing ports : input/PAD_port_0 xc2/PLUS_port_0
pref layer pin found for input/PAD_port_0
pref layer pin not found for xc2/PLUS_port_0
layer cost (0) : 1e+07 1e+07
layer cost (1) : 1e+07 1e+07
layer cost (2) : 1e+07 1e+07
layer cost (3) : 1e+07 1e+07
layer cost (4) : 1e+07 1e+07
layer cost (5) : 1e+07 1e+07
layer cost (6) : 1e+07 1e+07
layer cost (7) : 1e+07 1e+07
layer cost (8) : 1e+07 1e+07
layer cost (9) : 1e+07 1e+07
layer cost (10) : 1 1
layer cost (11) : 1e+07 1e+07
after updatendr layer : 0 width : 60 60 ndr widthx : 60 ndr widthy : 60
after updatendr layer : 1 width : 14 14 ndr widthx : 14 ndr widthy : 14
after updatendr layer : 2 width : 100 100 ndr widthx : 100 ndr widthy : 100
after updatendr layer : 3 width : 100 100 ndr widthx : 100 ndr widthy : 100
after updatendr layer : 4 width : 100 100 ndr widthx : 100 ndr widthy : 100
after updatendr layer : 5 width : 100 100 ndr widthx : 100 ndr widthy : 100
after updatendr layer : 6 width : 100 100 ndr widthx : 100 ndr widthy : 100
after updatendr layer : 7 width : 100 100 ndr widthx : 100 ndr widthy : 100
after updatendr layer : 8 width : 100 100 ndr widthx : 100 ndr widthy : 100
after updatendr layer : 9 width : 400 400 ndr widthx : 400 ndr widthy : 400
after updatendr layer : 10 width : 2000 2000 ndr widthx : 6000 ndr widthy : 6000
after updatendr layer : 11 width : 60 60 ndr widthx : 60 ndr widthy : 60
after updatendr layer : 12 width : 95 95 ndr widthx : 95 ndr widthy : 95
after updatendr layer : 13 width : 110 110 ndr widthx : 110 ndr widthy : 110
after updatendr layer : 14 width : 110 110 ndr widthx : 110 ndr widthy : 110
after updatendr layer : 15 width : 110 110 ndr widthx : 110 ndr widthy : 110
after updatendr layer : 16 width : 110 110 ndr widthx : 110 ndr widthy : 110
after updatendr layer : 17 width : 110 110 ndr widthx : 110 ndr widthy : 110
after updatendr layer : 18 width : 110 110 ndr widthx : 110 ndr widthy : 110
after updatendr layer : 19 width : 350 350 ndr widthx : 350 ndr widthy : 350
after updatendr layer : 20 width : 350 350 ndr widthx : 350 ndr widthy : 350
layer : 0 width : 60 60 ndr widthx : 60 ndr widthy : 60
layer : 1 width : 14 14 ndr widthx : 14 ndr widthy : 14
layer : 2 width : 100 100 ndr widthx : 100 ndr widthy : 100
layer : 3 width : 100 100 ndr widthx : 100 ndr widthy : 100
layer : 4 width : 100 100 ndr widthx : 100 ndr widthy : 100
layer : 5 width : 100 100 ndr widthx : 100 ndr widthy : 100
layer : 6 width : 100 100 ndr widthx : 100 ndr widthy : 100
layer : 7 width : 100 100 ndr widthx : 100 ndr widthy : 100
layer : 8 width : 100 100 ndr widthx : 100 ndr widthy : 100
layer : 9 width : 400 400 ndr widthx : 400 ndr widthy : 400
layer : 10 width : 2000 2000 ndr widthx : 6000 ndr widthy : 6000
layer : 11 width : 60 60 ndr widthx : 60 ndr widthy : 60
layer : 12 width : 95 95 ndr widthx : 95 ndr widthy : 95
layer : 13 width : 110 110 ndr widthx : 110 ndr widthy : 110
layer : 14 width : 110 110 ndr widthx : 110 ndr widthy : 110
layer : 15 width : 110 110 ndr widthx : 110 ndr widthy : 110
layer : 16 width : 110 110 ndr widthx : 110 ndr widthy : 110
layer : 17 width : 110 110 ndr widthx : 110 ndr widthy : 110
layer : 18 width : 110 110 ndr widthx : 110 ndr widthy : 110
layer : 19 width : 350 350 ndr widthx : 350 ndr widthy : 350
layer : 20 width : 350 350 ndr widthx : 350 ndr widthy : 350
via : l: 2 u: 3 c: 13 center: (0,0) lb: [(-105,-105),(105,105)] ub: [(-105,-105),(105,105)] cut: [(-55,-55),(55,55)] bbox: [(-105,-105),(105,105)]
via : l: 3 u: 4 c: 14 center: (0,0) lb: [(-105,-105),(105,105)] ub: [(-105,-105),(105,105)] cut: [(-55,-55),(55,55)] bbox: [(-105,-105),(105,105)]
via : l: 4 u: 5 c: 15 center: (0,0) lb: [(-215,-215),(215,215)] ub: [(-215,-215),(215,215)] cut: [(-165,-165),(165,165)] bbox: [(-215,-215),(215,215)]
via : l: 5 u: 6 c: 16 center: (0,0) lb: [(-215,-215),(215,215)] ub: [(-215,-215),(215,215)] cut: [(-165,-165),(165,165)] bbox: [(-215,-215),(215,215)]
via : l: 6 u: 7 c: 17 center: (0,0) lb: [(-225,-225),(225,225)] ub: [(-225,-225),(225,225)] cut: [(-165,-165),(165,165)] bbox: [(-225,-225),(225,225)]
via : l: 7 u: 8 c: 18 center: (0,0) lb: [(-545,-215),(545,215)] ub: [(-545,-215),(545,215)] cut: [(-495,-165),(495,165)] bbox: [(-545,-215),(545,215)]
via : l: 8 u: 9 c: 19 center: (0,0) lb: [(-570,-570),(570,570)] ub: [(-570,-570),(570,570)] cut: [(-500,-500),(500,500)] bbox: [(-570,-570),(570,570)]
via : l: 9 u: 10 c: 20 center: (0,0) lb: [(-680,-680),(680,680)] ub: [(-680,-680),(680,680)] cut: [(-610,-610),(610,610)] bbox: [(-680,-680),(680,680)]
routing : net010__input/PAD_port_0__xc2/PLUS_port_0
num src : 34 tgt : 38
sol found with 2 expansions!
	expanded : 0 0
	expanded : 1 0
	expanded : 2 0
	expanded : 3 0
	expanded : 4 0
	expanded : 5 0
	expanded : 6 0
	expanded : 7 0
	expanded : 8 0
	expanded : 9 1
	expanded : 10 1
flushing nodes
Geom::LayerRects Router::Router::findSol() runtime : 0.0208946(s)
Adding routes to input/PAD_port_0 3
Adding routes to xc2/PLUS_port_0 3
net : net14
routing net : net14 23570
ports dist : xwg1/P2_port_0 xc2/MINUS_port_0 0.12843
ports to route order : xwg1/P2_port_0 xc2/MINUS_port_0
flushing nodes
routing ports : xwg1/P2_port_0 xc2/MINUS_port_0
pref layer pin found for xwg1/P2_port_0
pref layer pin not found for xc2/MINUS_port_0
layer cost (0) : 1e+07 1e+07
layer cost (1) : 1e+07 1e+07
layer cost (2) : 1e+07 1e+07
layer cost (3) : 1e+07 1e+07
layer cost (4) : 1e+07 1e+07
layer cost (5) : 1e+07 1e+07
layer cost (6) : 1e+07 1e+07
layer cost (7) : 1e+07 1e+07
layer cost (8) : 1e+07 1e+07
layer cost (9) : 1e+07 1e+07
layer cost (10) : 1 1
layer cost (11) : 1e+07 1e+07
after updatendr layer : 0 width : 60 60 ndr widthx : 60 ndr widthy : 60
after updatendr layer : 1 width : 14 14 ndr widthx : 14 ndr widthy : 14
after updatendr layer : 2 width : 100 100 ndr widthx : 100 ndr widthy : 100
after updatendr layer : 3 width : 100 100 ndr widthx : 100 ndr widthy : 100
after updatendr layer : 4 width : 100 100 ndr widthx : 100 ndr widthy : 100
after updatendr layer : 5 width : 100 100 ndr widthx : 100 ndr widthy : 100
after updatendr layer : 6 width : 100 100 ndr widthx : 100 ndr widthy : 100
after updatendr layer : 7 width : 100 100 ndr widthx : 100 ndr widthy : 100
after updatendr layer : 8 width : 100 100 ndr widthx : 100 ndr widthy : 100
after updatendr layer : 9 width : 400 400 ndr widthx : 400 ndr widthy : 400
after updatendr layer : 10 width : 2000 2000 ndr widthx : 4000 ndr widthy : 4000
after updatendr layer : 11 width : 60 60 ndr widthx : 60 ndr widthy : 60
after updatendr layer : 12 width : 95 95 ndr widthx : 95 ndr widthy : 95
after updatendr layer : 13 width : 110 110 ndr widthx : 110 ndr widthy : 110
after updatendr layer : 14 width : 110 110 ndr widthx : 110 ndr widthy : 110
after updatendr layer : 15 width : 110 110 ndr widthx : 110 ndr widthy : 110
after updatendr layer : 16 width : 110 110 ndr widthx : 110 ndr widthy : 110
after updatendr layer : 17 width : 110 110 ndr widthx : 110 ndr widthy : 110
after updatendr layer : 18 width : 110 110 ndr widthx : 110 ndr widthy : 110
after updatendr layer : 19 width : 350 350 ndr widthx : 350 ndr widthy : 350
after updatendr layer : 20 width : 350 350 ndr widthx : 350 ndr widthy : 350
layer : 0 width : 60 60 ndr widthx : 60 ndr widthy : 60
layer : 1 width : 14 14 ndr widthx : 14 ndr widthy : 14
layer : 2 width : 100 100 ndr widthx : 100 ndr widthy : 100
layer : 3 width : 100 100 ndr widthx : 100 ndr widthy : 100
layer : 4 width : 100 100 ndr widthx : 100 ndr widthy : 100
layer : 5 width : 100 100 ndr widthx : 100 ndr widthy : 100
layer : 6 width : 100 100 ndr widthx : 100 ndr widthy : 100
layer : 7 width : 100 100 ndr widthx : 100 ndr widthy : 100
layer : 8 width : 100 100 ndr widthx : 100 ndr widthy : 100
layer : 9 width : 400 400 ndr widthx : 400 ndr widthy : 400
layer : 10 width : 2000 2000 ndr widthx : 4000 ndr widthy : 4000
layer : 11 width : 60 60 ndr widthx : 60 ndr widthy : 60
layer : 12 width : 95 95 ndr widthx : 95 ndr widthy : 95
layer : 13 width : 110 110 ndr widthx : 110 ndr widthy : 110
layer : 14 width : 110 110 ndr widthx : 110 ndr widthy : 110
layer : 15 width : 110 110 ndr widthx : 110 ndr widthy : 110
layer : 16 width : 110 110 ndr widthx : 110 ndr widthy : 110
layer : 17 width : 110 110 ndr widthx : 110 ndr widthy : 110
layer : 18 width : 110 110 ndr widthx : 110 ndr widthy : 110
layer : 19 width : 350 350 ndr widthx : 350 ndr widthy : 350
layer : 20 width : 350 350 ndr widthx : 350 ndr widthy : 350
via : l: 2 u: 3 c: 13 center: (0,0) lb: [(-105,-105),(105,105)] ub: [(-105,-105),(105,105)] cut: [(-55,-55),(55,55)] bbox: [(-105,-105),(105,105)]
via : l: 3 u: 4 c: 14 center: (0,0) lb: [(-105,-105),(105,105)] ub: [(-105,-105),(105,105)] cut: [(-55,-55),(55,55)] bbox: [(-105,-105),(105,105)]
via : l: 4 u: 5 c: 15 center: (0,0) lb: [(-215,-215),(215,215)] ub: [(-215,-215),(215,215)] cut: [(-165,-165),(165,165)] bbox: [(-215,-215),(215,215)]
via : l: 5 u: 6 c: 16 center: (0,0) lb: [(-215,-215),(215,215)] ub: [(-215,-215),(215,215)] cut: [(-165,-165),(165,165)] bbox: [(-215,-215),(215,215)]
via : l: 6 u: 7 c: 17 center: (0,0) lb: [(-225,-225),(225,225)] ub: [(-225,-225),(225,225)] cut: [(-165,-165),(165,165)] bbox: [(-225,-225),(225,225)]
via : l: 7 u: 8 c: 18 center: (0,0) lb: [(-545,-215),(545,215)] ub: [(-545,-215),(545,215)] cut: [(-495,-165),(495,165)] bbox: [(-545,-215),(545,215)]
via : l: 8 u: 9 c: 19 center: (0,0) lb: [(-570,-570),(570,570)] ub: [(-570,-570),(570,570)] cut: [(-500,-500),(500,500)] bbox: [(-570,-570),(570,570)]
via : l: 9 u: 10 c: 20 center: (0,0) lb: [(-680,-680),(680,680)] ub: [(-680,-680),(680,680)] cut: [(-610,-610),(610,610)] bbox: [(-680,-680),(680,680)]
routing : net14__xwg1/P2_port_0__xc2/MINUS_port_0
num src : 22 tgt : 115
sol found with 2 expansions!
	expanded : 0 0
	expanded : 1 0
	expanded : 2 0
	expanded : 3 0
	expanded : 4 0
	expanded : 5 0
	expanded : 6 0
	expanded : 7 0
	expanded : 8 0
	expanded : 9 0
	expanded : 10 2
flushing nodes
Geom::LayerRects Router::Router::findSol() runtime : 0.0259224(s)
Adding routes to xwg1/P2_port_0 3
Adding routes to xc2/MINUS_port_0 3
net : net8
routing net : net8 24760
ports dist : xwg1/P1_port_0 gate_ind/P1_port_0 0.0936995
ports to route order : xwg1/P1_port_0 gate_ind/P1_port_0
flushing nodes
routing ports : xwg1/P1_port_0 gate_ind/P1_port_0
pref layer pin found for xwg1/P1_port_0
pref layer pin found for gate_ind/P1_port_0
layer cost (0) : 1e+07 1e+07
layer cost (1) : 1e+07 1e+07
layer cost (2) : 1e+07 1e+07
layer cost (3) : 1e+07 1e+07
layer cost (4) : 1e+07 1e+07
layer cost (5) : 1e+07 1e+07
layer cost (6) : 1e+07 1e+07
layer cost (7) : 1e+07 1e+07
layer cost (8) : 1e+07 1e+07
layer cost (9) : 1e+07 1e+07
layer cost (10) : 1 1
layer cost (11) : 1e+07 1e+07
after updatendr layer : 0 width : 60 60 ndr widthx : 60 ndr widthy : 60
after updatendr layer : 1 width : 14 14 ndr widthx : 14 ndr widthy : 14
after updatendr layer : 2 width : 100 100 ndr widthx : 100 ndr widthy : 100
after updatendr layer : 3 width : 100 100 ndr widthx : 100 ndr widthy : 100
after updatendr layer : 4 width : 100 100 ndr widthx : 100 ndr widthy : 100
after updatendr layer : 5 width : 100 100 ndr widthx : 100 ndr widthy : 100
after updatendr layer : 6 width : 100 100 ndr widthx : 100 ndr widthy : 100
after updatendr layer : 7 width : 100 100 ndr widthx : 100 ndr widthy : 100
after updatendr layer : 8 width : 100 100 ndr widthx : 100 ndr widthy : 100
after updatendr layer : 9 width : 400 400 ndr widthx : 400 ndr widthy : 400
after updatendr layer : 10 width : 2000 2000 ndr widthx : 4000 ndr widthy : 4000
after updatendr layer : 11 width : 60 60 ndr widthx : 60 ndr widthy : 60
after updatendr layer : 12 width : 95 95 ndr widthx : 95 ndr widthy : 95
after updatendr layer : 13 width : 110 110 ndr widthx : 110 ndr widthy : 110
after updatendr layer : 14 width : 110 110 ndr widthx : 110 ndr widthy : 110
after updatendr layer : 15 width : 110 110 ndr widthx : 110 ndr widthy : 110
after updatendr layer : 16 width : 110 110 ndr widthx : 110 ndr widthy : 110
after updatendr layer : 17 width : 110 110 ndr widthx : 110 ndr widthy : 110
after updatendr layer : 18 width : 110 110 ndr widthx : 110 ndr widthy : 110
after updatendr layer : 19 width : 350 350 ndr widthx : 350 ndr widthy : 350
after updatendr layer : 20 width : 350 350 ndr widthx : 350 ndr widthy : 350
layer : 0 width : 60 60 ndr widthx : 60 ndr widthy : 60
layer : 1 width : 14 14 ndr widthx : 14 ndr widthy : 14
layer : 2 width : 100 100 ndr widthx : 100 ndr widthy : 100
layer : 3 width : 100 100 ndr widthx : 100 ndr widthy : 100
layer : 4 width : 100 100 ndr widthx : 100 ndr widthy : 100
layer : 5 width : 100 100 ndr widthx : 100 ndr widthy : 100
layer : 6 width : 100 100 ndr widthx : 100 ndr widthy : 100
layer : 7 width : 100 100 ndr widthx : 100 ndr widthy : 100
layer : 8 width : 100 100 ndr widthx : 100 ndr widthy : 100
layer : 9 width : 400 400 ndr widthx : 400 ndr widthy : 400
layer : 10 width : 2000 2000 ndr widthx : 4000 ndr widthy : 4000
layer : 11 width : 60 60 ndr widthx : 60 ndr widthy : 60
layer : 12 width : 95 95 ndr widthx : 95 ndr widthy : 95
layer : 13 width : 110 110 ndr widthx : 110 ndr widthy : 110
layer : 14 width : 110 110 ndr widthx : 110 ndr widthy : 110
layer : 15 width : 110 110 ndr widthx : 110 ndr widthy : 110
layer : 16 width : 110 110 ndr widthx : 110 ndr widthy : 110
layer : 17 width : 110 110 ndr widthx : 110 ndr widthy : 110
layer : 18 width : 110 110 ndr widthx : 110 ndr widthy : 110
layer : 19 width : 350 350 ndr widthx : 350 ndr widthy : 350
layer : 20 width : 350 350 ndr widthx : 350 ndr widthy : 350
via : l: 2 u: 3 c: 13 center: (0,0) lb: [(-105,-105),(105,105)] ub: [(-105,-105),(105,105)] cut: [(-55,-55),(55,55)] bbox: [(-105,-105),(105,105)]
via : l: 3 u: 4 c: 14 center: (0,0) lb: [(-105,-105),(105,105)] ub: [(-105,-105),(105,105)] cut: [(-55,-55),(55,55)] bbox: [(-105,-105),(105,105)]
via : l: 4 u: 5 c: 15 center: (0,0) lb: [(-215,-215),(215,215)] ub: [(-215,-215),(215,215)] cut: [(-165,-165),(165,165)] bbox: [(-215,-215),(215,215)]
via : l: 5 u: 6 c: 16 center: (0,0) lb: [(-215,-215),(215,215)] ub: [(-215,-215),(215,215)] cut: [(-165,-165),(165,165)] bbox: [(-215,-215),(215,215)]
via : l: 6 u: 7 c: 17 center: (0,0) lb: [(-225,-225),(225,225)] ub: [(-225,-225),(225,225)] cut: [(-165,-165),(165,165)] bbox: [(-225,-225),(225,225)]
via : l: 7 u: 8 c: 18 center: (0,0) lb: [(-545,-215),(545,215)] ub: [(-545,-215),(545,215)] cut: [(-495,-165),(495,165)] bbox: [(-545,-215),(545,215)]
via : l: 8 u: 9 c: 19 center: (0,0) lb: [(-570,-570),(570,570)] ub: [(-570,-570),(570,570)] cut: [(-500,-500),(500,500)] bbox: [(-570,-570),(570,570)]
via : l: 9 u: 10 c: 20 center: (0,0) lb: [(-680,-680),(680,680)] ub: [(-680,-680),(680,680)] cut: [(-610,-610),(610,610)] bbox: [(-680,-680),(680,680)]
routing : net8__xwg1/P1_port_0__gate_ind/P1_port_0
num src : 1 tgt : 22
sol found with 1 expansions!
	expanded : 0 0
	expanded : 1 0
	expanded : 2 0
	expanded : 3 0
	expanded : 4 0
	expanded : 5 0
	expanded : 6 0
	expanded : 7 0
	expanded : 8 0
	expanded : 9 0
	expanded : 10 1
flushing nodes
Geom::LayerRects Router::Router::findSol() runtime : 0.00131805(s)
Adding routes to xwg1/P1_port_0 1
Adding routes to gate_ind/P1_port_0 1
net : net3
excluding net : net3 from routing
net : net7
excluding net : net7 from routing
net : gnd
excluding net : gnd from routing
Checking SHORT for module : lna
SHORT between gnd & obstacle @ layer : 2
[(204201,116925),(214201,126925)] [(104080,66444),(215042,177406)]
SHORT between gnd & obstacle @ layer : 2
[(341125,177629),(351125,187629)] [(280424,56223),(411826,187625)]
SHORT between gnd & obstacle @ layer : 2
[(247044,125630),(247254,125840)] [(245186,118010),(249216,125840)]
SHORT between gnd & obstacle @ layer : 2
[(262932,106445),(263212,106685)] [(262932,106665),(263212,107125)]
SHORT between gnd & obstacle @ layer : 2
[(262932,106445),(263212,106685)] [(262932,106005),(263212,106465)]
SHORT between gnd & obstacle @ layer : 2
[(262932,106445),(263212,106685)] [(262932,106445),(263212,106685)]
SHORT between gnd & obstacle @ layer : 2
[(262932,106445),(263212,106685)] [(262932,106445),(263212,106685)]
SHORT between gnd & obstacle @ layer : 6
[(362630,265857),(363060,269661)] [(329190,267159),(363060,268359)]
SHORT between gnd & obstacle @ layer : 6
[(362630,265857),(363060,269661)] [(347925,265359),(363060,266559)]
SHORT between gnd & obstacle @ layer : 6
[(362630,265857),(363060,269661)] [(347925,268959),(363060,270159)]
SHORT between gnd & obstacle @ layer : 6
[(362630,265857),(363060,269661)] [(362630,260939),(363060,274579)]
SHORT between gnd & obstacle @ layer : 6
[(329190,265857),(329620,269661)] [(329190,267159),(363060,268359)]
SHORT between gnd & obstacle @ layer : 6
[(329190,265857),(329620,269661)] [(329190,268959),(344325,270159)]
SHORT between gnd & obstacle @ layer : 6
[(329190,265857),(329620,269661)] [(329190,265359),(344325,266559)]
SHORT between gnd & obstacle @ layer : 6
[(329190,265857),(329620,269661)] [(329190,260939),(329620,274579)]
SHORT between gnd & obstacle @ layer : 6
[(235466,99300),(235896,101760)] [(235466,99930),(257246,101130)]
SHORT between gnd & obstacle @ layer : 6
[(235466,99300),(235896,101760)] [(235466,101730),(244556,102930)]
SHORT between gnd & obstacle @ layer : 6
[(235466,99300),(235896,101760)] [(235466,98130),(244556,99330)]
SHORT between gnd & obstacle @ layer : 6
[(235466,99300),(235896,101760)] [(235466,95725),(235896,105335)]
SHORT between gnd & obstacle @ layer : 6
[(256816,99300),(257246,101760)] [(235466,99930),(257246,101130)]
SHORT between gnd & obstacle @ layer : 6
[(256816,99300),(257246,101760)] [(248156,98130),(257246,99330)]
SHORT between gnd & obstacle @ layer : 6
[(256816,99300),(257246,101760)] [(248156,101730),(257246,102930)]
SHORT between gnd & obstacle @ layer : 6
[(256816,99300),(257246,101760)] [(256816,95725),(257246,105335)]
SHORT between gnd & obstacle @ layer : 9
[(226296,121195),(227576,122655)] [(226296,121195),(232786,122655)]
SHORT between gnd & obstacle @ layer : 9
[(245176,93225),(247536,94885)] [(245176,93225),(247536,105335)]
SHORT between gnd & obstacle @ layer : 10
[(494930,292079),(517440,309759)] [(480180,292079),(530180,352079)]
SHORT between gnd & obstacle @ layer : 10
[(494930,292079),(517440,309759)] [(481750,295049),(528610,349109)]
SHORT between gnd & obstacle @ layer : 10
[(414900,292079),(437410,309759)] [(400150,292079),(450150,352079)]
SHORT between gnd & obstacle @ layer : 10
[(414900,292079),(437410,309759)] [(401720,295049),(448580,349109)]
SHORT between gnd & obstacle @ layer : 10
[(254840,292079),(277350,309759)] [(240090,292079),(290090,352079)]
SHORT between gnd & obstacle @ layer : 10
[(254840,292079),(277350,309759)] [(241660,295049),(288520,349109)]
SHORT between gnd & obstacle @ layer : 10
[(246296,219230),(249796,222730)] [(246296,127730),(249796,222730)]
SHORT between gnd & obstacle @ layer : 10
[(354800,221704),(363270,231174)] [(354800,196759),(363270,256119)]
SHORT between gnd & obstacle @ layer : 10
[(354800,221704),(363270,231174)] [(361370,195439),(364270,257439)]
SHORT between gnd & obstacle @ layer : 10
[(328980,221704),(337450,231174)] [(328980,196759),(337450,256119)]
SHORT between gnd & obstacle @ layer : 10
[(328980,221704),(337450,231174)] [(327980,195439),(330880,257439)]
SHORT between net010 & obstacle @ layer : 9
[(344945,275419),(347305,277079)] [(344945,260939),(347305,277079)]
SHORT between net010 & obstacle @ layer : 9
[(345445,276200),(346805,277560)] [(344945,260939),(347305,277079)]
SHORT between net010 & obstacle @ layer : 10
[(334870,292079),(357380,309759)] [(320120,292079),(370120,352079)]
SHORT between net010 & obstacle @ layer : 10
[(334870,292079),(357380,309759)] [(321690,295049),(368550,349109)]
SHORT between net010 & obstacle @ layer : 10
[(343125,273880),(349125,295080)] [(320120,292079),(370120,352079)]
SHORT between net010 & obstacle @ layer : 10
[(343125,273880),(349125,295080)] [(321690,295049),(368550,349109)]
SHORT between net1 & obstacle @ layer : 8
[(247480,125920),(248620,127060)] [(247526,118475),(248566,126540)]
SHORT between net1 & obstacle @ layer : 10
[(246296,127730),(249796,131230)] [(246296,127730),(249796,222730)]
SHORT between net12 & obstacle @ layer : 2
[(252436,119944),(252526,123904)] [(252436,119959),(252526,123889)]
SHORT between net12 & obstacle @ layer : 2
[(252331,120470),(252541,120680)] [(252436,119959),(252526,123889)]
SHORT between net12 & obstacle @ layer : 10
[(271920,120174),(275420,123674)] [(271920,120174),(307170,123674)]
SHORT between net12 & obstacle @ layer : 10
[(250206,118675),(251206,125175)] [(249206,118675),(251206,125175)]
SHORT between net12 & obstacle @ layer : 10
[(250526,119895),(251886,121255)] [(249206,118675),(251206,125175)]
SHORT between net12 & obstacle @ layer : 10
[(251206,121175),(272670,122675)] [(249206,118675),(251206,125175)]
SHORT between net12 & obstacle @ layer : 10
[(251206,121175),(272670,122675)] [(271920,120174),(307170,123674)]
SHORT between net13 & obstacle @ layer : 2
[(266740,102163),(270700,102253)] [(266755,102163),(270685,102253)]
SHORT between net13 & obstacle @ layer : 2
[(265205,102203),(266920,102303)] [(266755,102163),(270685,102253)]
SHORT between net13 & obstacle @ layer : 4
[(262932,105295),(265302,105695)] [(262932,105295),(265302,105795)]
SHORT between net13 & obstacle @ layer : 4
[(262932,105295),(265302,105695)] [(263667,105660),(264567,106170)]
SHORT between net13 & obstacle @ layer : 4
[(265150,105270),(265360,105480)] [(262932,105295),(265302,105795)]
SHORT between net14 & obstacle @ layer : 9
[(341065,258439),(351185,260099)] [(329190,258439),(363060,260099)]
SHORT between net14 & obstacle @ layer : 9
[(345445,257960),(346805,259320)] [(329190,258439),(363060,260099)]
SHORT between net14 & obstacle @ layer : 10
[(341390,246649),(350860,256119)] [(341390,196759),(350860,256119)]
SHORT between net14 & obstacle @ layer : 10
[(344125,254120),(348125,260640)] [(341390,196759),(350860,256119)]
SHORT between net2 & obstacle @ layer : 2
[(265200,109055),(265290,116455)] [(265200,109070),(265290,116440)]
SHORT between net2 & obstacle @ layer : 2
[(266740,118403),(270700,118493)] [(266755,118403),(270685,118493)]
SHORT between net2 & obstacle @ layer : 2
[(268676,119944),(268766,123904)] [(268676,119959),(268766,123889)]
SHORT between net2 & obstacle @ layer : 2
[(268670,118493),(268770,120175)] [(266755,118403),(270685,118493)]
SHORT between net2 & obstacle @ layer : 2
[(268670,118493),(268770,120175)] [(268676,119959),(268766,123889)]
SHORT between net2 & obstacle @ layer : 2
[(265095,109050),(265305,109260)] [(265200,109070),(265290,116440)]
SHORT between net2 & obstacle @ layer : 2
[(265240,116355),(265340,118453)] [(265200,109070),(265290,116440)]
SHORT between net2 & obstacle @ layer : 2
[(265240,118353),(266920,118453)] [(266755,118403),(270685,118493)]
SHORT between net2 & obstacle @ layer : 3
[(262932,107385),(265302,107835)] [(262932,107335),(265302,107835)]
SHORT between net2 & obstacle @ layer : 3
[(262932,107385),(265302,107835)] [(263747,106685),(263927,107605)]
SHORT between net2 & obstacle @ layer : 3
[(262932,107385),(265302,107835)] [(264307,106685),(264487,107605)]
SHORT between net2 & obstacle @ layer : 3
[(265150,107785),(265250,109205)] [(262932,107335),(265302,107835)]
SHORT between net3 & obstacle @ layer : 10
[(155061,181565),(164061,190565)] [(155061,147065),(164061,190565)]
SHORT between net3 & obstacle @ layer : 10
[(42320,174810),(60000,197320)] [(0,160060),(60000,210060)]
SHORT between net3 & obstacle @ layer : 10
[(42320,174810),(60000,197320)] [(2970,161630),(57030,208490)]
SHORT between net4 & obstacle @ layer : 2
[(240210,109055),(240300,116455)] [(240210,109070),(240300,116440)]
SHORT between net4 & obstacle @ layer : 2
[(238660,111380),(238750,115900)] [(238660,111395),(238750,115885)]
SHORT between net4 & obstacle @ layer : 2
[(238700,111505),(240210,111605)] [(240210,109070),(240300,116440)]
SHORT between net4 & obstacle @ layer : 2
[(238700,111505),(240210,111605)] [(238660,111395),(238750,115885)]
SHORT between net4 & obstacle @ layer : 2
[(240300,116305),(245660,116405)] [(240210,109070),(240300,116440)]
SHORT between net4 & obstacle @ layer : 4
[(245556,117675),(247156,118175)] [(246976,118175),(247156,118675)]
SHORT between net4 & obstacle @ layer : 4
[(245556,117675),(247156,118175)] [(245556,118175),(245736,118675)]
SHORT between net4 & obstacle @ layer : 4
[(245556,117675),(247156,118175)] [(245556,117675),(247156,118175)]
SHORT between net4 & obstacle @ layer : 4
[(245485,117530),(245915,117960)] [(245556,117675),(247156,118175)]
SHORT between net4 & obstacle @ layer : 9
[(243311,106175),(249401,107835)] [(235466,106175),(257246,107835)]
SHORT between net4 & obstacle @ layer : 9
[(245500,107635),(245900,117945)] [(235466,106175),(257246,107835)]
SHORT between net5 & obstacle @ layer : 9
[(233626,117220),(234466,126630)] [(227976,117220),(234466,118680)]
SHORT between net5 & obstacle @ layer : 9
[(233626,117220),(234466,126630)] [(227976,125170),(234466,126630)]
SHORT between net5 & obstacle @ layer : 9
[(233626,117220),(234466,126630)] [(233626,118680),(234466,125170)]
SHORT between net5 & obstacle @ layer : 9
[(234270,121725),(242876,122125)] [(233626,118680),(234466,125170)]
SHORT between net5 & obstacle @ layer : 10
[(216296,117425),(225296,126425)] [(193421,117425),(225296,126425)]
SHORT between net5 & obstacle @ layer : 10
[(242676,118475),(243676,125375)] [(242676,118475),(244676,125375)]
SHORT between net5 & obstacle @ layer : 10
[(241996,121245),(243356,122605)] [(242676,118475),(244676,125375)]
SHORT between net5 & obstacle @ layer : 10
[(224300,120925),(242680,122925)] [(242676,118475),(244676,125375)]
SHORT between net5 & obstacle @ layer : 10
[(224300,120925),(242680,122925)] [(193421,117425),(225296,126425)]
SHORT between net7 & obstacle @ layer : 2
[(235140,111380),(235230,115900)] [(235140,111395),(235230,115885)]
SHORT between net7 & obstacle @ layer : 10
[(174810,292079),(197320,309759)] [(160060,292079),(210060,352079)]
SHORT between net7 & obstacle @ layer : 10
[(174810,292079),(197320,309759)] [(161630,295049),(208490,349109)]
SHORT between net8 & obstacle @ layer : 10
[(344375,190939),(347875,194439)] [(344375,165939),(347875,194439)]
SHORT between net8 & obstacle @ layer : 10
[(341390,196759),(350860,206229)] [(341390,196759),(350860,256119)]
SHORT between net8 & obstacle @ layer : 10
[(344125,192690),(348125,198760)] [(344375,165939),(347875,194439)]
SHORT between net8 & obstacle @ layer : 10
[(344125,192690),(348125,198760)] [(341390,196759),(350860,256119)]
void Placement::Module::route(Router::Router&, const std::string&) runtime : 0.462268(s)
Checking SHORT for module : source_ind
void Placement::Module::route(Router::Router&, const std::string&) runtime : 8.28e-07(s)
Checking SHORT for module : vdd
void Placement::Module::route(Router::Router&, const std::string&) runtime : 2.69e-07(s)
Checking SHORT for module : xR0_2
void Placement::Module::route(Router::Router&, const std::string&) runtime : 4.24e-07(s)
Checking SHORT for module : xR1_2
void Placement::Module::route(Router::Router&, const std::string&) runtime : 3.84e-07(s)
Checking SHORT for module : xR2_0
void Placement::Module::route(Router::Router&, const std::string&) runtime : 7.11e-07(s)
Checking SHORT for module : xR3_2
void Placement::Module::route(Router::Router&, const std::string&) runtime : 5.84e-07(s)
Checking SHORT for module : xc1_1
void Placement::Module::route(Router::Router&, const std::string&) runtime : 4.7e-07(s)
Checking SHORT for module : xc2_3
void Placement::Module::route(Router::Router&, const std::string&) runtime : 9.54e-07(s)
Checking SHORT for module : xc3_3
void Placement::Module::route(Router::Router&, const std::string&) runtime : 7.39e-07(s)
Checking SHORT for module : xwg1
void Placement::Module::route(Router::Router&, const std::string&) runtime : 5.86e-07(s)
plotting module bias to lna_2/stage_3/routing/bias.gplt
plotting module bias_mos to lna_2/stage_3/routing/bias_mos.gplt
plotting module cas_mos to lna_2/stage_3/routing/cas_mos.gplt
plotting module drain_ind_x.25 to lna_2/stage_3/routing/drain_ind_x.25.gplt
plotting module gate_ind_x.25 to lna_2/stage_3/routing/gate_ind_x.25.gplt
plotting module gnd0 to lna_2/stage_3/routing/gnd0.gplt
plotting module gnd1 to lna_2/stage_3/routing/gnd1.gplt
plotting module gnd2 to lna_2/stage_3/routing/gnd2.gplt
plotting module input to lna_2/stage_3/routing/input.gplt
plotting module lna to lna_2/stage_3/routing/lna.gplt
plotting module source_ind to lna_2/stage_3/routing/source_ind.gplt
plotting module vdd to lna_2/stage_3/routing/vdd.gplt
plotting module xR0_2 to lna_2/stage_3/routing/xR0_2.gplt
plotting module xR1_2 to lna_2/stage_3/routing/xR1_2.gplt
plotting module xR2_0 to lna_2/stage_3/routing/xR2_0.gplt
plotting module xR3_2 to lna_2/stage_3/routing/xR3_2.gplt
plotting module xc1_1 to lna_2/stage_3/routing/xc1_1.gplt
plotting module xc2_3 to lna_2/stage_3/routing/xc2_3.gplt
plotting module xc3_3 to lna_2/stage_3/routing/xc3_3.gplt
plotting module xwg1 to lna_2/stage_3/routing/xwg1.gplt
Checking SHORT for module : bias
Checking SHORT for module : bias_mos
Checking SHORT for module : cas_mos
Checking SHORT for module : drain_ind_x.25
Checking SHORT for module : gate_ind_x.25
Checking SHORT for module : gnd0
Checking SHORT for module : gnd1
Checking SHORT for module : gnd2
Checking SHORT for module : input
Checking SHORT for module : lna
SHORT between gnd & obstacle @ layer : 2
[(204201,116925),(214201,126925)] [(104080,66444),(215042,177406)]
SHORT between gnd & obstacle @ layer : 2
[(341125,177629),(351125,187629)] [(280424,56223),(411826,187625)]
SHORT between gnd & obstacle @ layer : 2
[(247044,125630),(247254,125840)] [(245186,118010),(249216,125840)]
SHORT between gnd & obstacle @ layer : 2
[(262932,106445),(263212,106685)] [(262932,106665),(263212,107125)]
SHORT between gnd & obstacle @ layer : 2
[(262932,106445),(263212,106685)] [(262932,106005),(263212,106465)]
SHORT between gnd & obstacle @ layer : 2
[(262932,106445),(263212,106685)] [(262932,106445),(263212,106685)]
SHORT between gnd & obstacle @ layer : 2
[(262932,106445),(263212,106685)] [(262932,106445),(263212,106685)]
SHORT between gnd & obstacle @ layer : 6
[(362630,265857),(363060,269661)] [(329190,267159),(363060,268359)]
SHORT between gnd & obstacle @ layer : 6
[(362630,265857),(363060,269661)] [(347925,265359),(363060,266559)]
SHORT between gnd & obstacle @ layer : 6
[(362630,265857),(363060,269661)] [(347925,268959),(363060,270159)]
SHORT between gnd & obstacle @ layer : 6
[(362630,265857),(363060,269661)] [(362630,260939),(363060,274579)]
SHORT between gnd & obstacle @ layer : 6
[(329190,265857),(329620,269661)] [(329190,267159),(363060,268359)]
SHORT between gnd & obstacle @ layer : 6
[(329190,265857),(329620,269661)] [(329190,268959),(344325,270159)]
SHORT between gnd & obstacle @ layer : 6
[(329190,265857),(329620,269661)] [(329190,265359),(344325,266559)]
SHORT between gnd & obstacle @ layer : 6
[(329190,265857),(329620,269661)] [(329190,260939),(329620,274579)]
SHORT between gnd & obstacle @ layer : 6
[(235466,99300),(235896,101760)] [(235466,99930),(257246,101130)]
SHORT between gnd & obstacle @ layer : 6
[(235466,99300),(235896,101760)] [(235466,101730),(244556,102930)]
SHORT between gnd & obstacle @ layer : 6
[(235466,99300),(235896,101760)] [(235466,98130),(244556,99330)]
SHORT between gnd & obstacle @ layer : 6
[(235466,99300),(235896,101760)] [(235466,95725),(235896,105335)]
SHORT between gnd & obstacle @ layer : 6
[(256816,99300),(257246,101760)] [(235466,99930),(257246,101130)]
SHORT between gnd & obstacle @ layer : 6
[(256816,99300),(257246,101760)] [(248156,98130),(257246,99330)]
SHORT between gnd & obstacle @ layer : 6
[(256816,99300),(257246,101760)] [(248156,101730),(257246,102930)]
SHORT between gnd & obstacle @ layer : 6
[(256816,99300),(257246,101760)] [(256816,95725),(257246,105335)]
SHORT between gnd & obstacle @ layer : 9
[(226296,121195),(227576,122655)] [(226296,121195),(232786,122655)]
SHORT between gnd & obstacle @ layer : 9
[(245176,93225),(247536,94885)] [(245176,93225),(247536,105335)]
SHORT between gnd & obstacle @ layer : 10
[(494930,292079),(517440,309759)] [(480180,292079),(530180,352079)]
SHORT between gnd & obstacle @ layer : 10
[(494930,292079),(517440,309759)] [(481750,295049),(528610,349109)]
SHORT between gnd & obstacle @ layer : 10
[(414900,292079),(437410,309759)] [(400150,292079),(450150,352079)]
SHORT between gnd & obstacle @ layer : 10
[(414900,292079),(437410,309759)] [(401720,295049),(448580,349109)]
SHORT between gnd & obstacle @ layer : 10
[(254840,292079),(277350,309759)] [(240090,292079),(290090,352079)]
SHORT between gnd & obstacle @ layer : 10
[(254840,292079),(277350,309759)] [(241660,295049),(288520,349109)]
SHORT between gnd & obstacle @ layer : 10
[(246296,219230),(249796,222730)] [(246296,127730),(249796,222730)]
SHORT between gnd & obstacle @ layer : 10
[(354800,221704),(363270,231174)] [(354800,196759),(363270,256119)]
SHORT between gnd & obstacle @ layer : 10
[(354800,221704),(363270,231174)] [(361370,195439),(364270,257439)]
SHORT between gnd & obstacle @ layer : 10
[(328980,221704),(337450,231174)] [(328980,196759),(337450,256119)]
SHORT between gnd & obstacle @ layer : 10
[(328980,221704),(337450,231174)] [(327980,195439),(330880,257439)]
SHORT between net010 & obstacle @ layer : 9
[(344945,275419),(347305,277079)] [(344945,260939),(347305,277079)]
SHORT between net010 & obstacle @ layer : 9
[(345445,276200),(346805,277560)] [(344945,260939),(347305,277079)]
SHORT between net010 & obstacle @ layer : 10
[(334870,292079),(357380,309759)] [(320120,292079),(370120,352079)]
SHORT between net010 & obstacle @ layer : 10
[(334870,292079),(357380,309759)] [(321690,295049),(368550,349109)]
SHORT between net010 & obstacle @ layer : 10
[(343125,273880),(349125,295080)] [(320120,292079),(370120,352079)]
SHORT between net010 & obstacle @ layer : 10
[(343125,273880),(349125,295080)] [(321690,295049),(368550,349109)]
SHORT between net1 & obstacle @ layer : 8
[(247480,125920),(248620,127060)] [(247526,118475),(248566,126540)]
SHORT between net1 & obstacle @ layer : 10
[(246296,127730),(249796,131230)] [(246296,127730),(249796,222730)]
SHORT between net12 & obstacle @ layer : 2
[(252436,119944),(252526,123904)] [(252436,119959),(252526,123889)]
SHORT between net12 & obstacle @ layer : 2
[(252331,120470),(252541,120680)] [(252436,119959),(252526,123889)]
SHORT between net12 & obstacle @ layer : 10
[(271920,120174),(275420,123674)] [(271920,120174),(307170,123674)]
SHORT between net12 & obstacle @ layer : 10
[(250206,118675),(251206,125175)] [(249206,118675),(251206,125175)]
SHORT between net12 & obstacle @ layer : 10
[(250526,119895),(251886,121255)] [(249206,118675),(251206,125175)]
SHORT between net12 & obstacle @ layer : 10
[(251206,121175),(272670,122675)] [(249206,118675),(251206,125175)]
SHORT between net12 & obstacle @ layer : 10
[(251206,121175),(272670,122675)] [(271920,120174),(307170,123674)]
SHORT between net13 & obstacle @ layer : 2
[(266740,102163),(270700,102253)] [(266755,102163),(270685,102253)]
SHORT between net13 & obstacle @ layer : 2
[(265205,102203),(266920,102303)] [(266755,102163),(270685,102253)]
SHORT between net13 & obstacle @ layer : 4
[(262932,105295),(265302,105695)] [(262932,105295),(265302,105795)]
SHORT between net13 & obstacle @ layer : 4
[(262932,105295),(265302,105695)] [(263667,105660),(264567,106170)]
SHORT between net13 & obstacle @ layer : 4
[(265150,105270),(265360,105480)] [(262932,105295),(265302,105795)]
SHORT between net14 & obstacle @ layer : 9
[(341065,258439),(351185,260099)] [(329190,258439),(363060,260099)]
SHORT between net14 & obstacle @ layer : 9
[(345445,257960),(346805,259320)] [(329190,258439),(363060,260099)]
SHORT between net14 & obstacle @ layer : 10
[(341390,246649),(350860,256119)] [(341390,196759),(350860,256119)]
SHORT between net14 & obstacle @ layer : 10
[(344125,254120),(348125,260640)] [(341390,196759),(350860,256119)]
SHORT between net2 & obstacle @ layer : 2
[(265200,109055),(265290,116455)] [(265200,109070),(265290,116440)]
SHORT between net2 & obstacle @ layer : 2
[(266740,118403),(270700,118493)] [(266755,118403),(270685,118493)]
SHORT between net2 & obstacle @ layer : 2
[(268676,119944),(268766,123904)] [(268676,119959),(268766,123889)]
SHORT between net2 & obstacle @ layer : 2
[(268670,118493),(268770,120175)] [(266755,118403),(270685,118493)]
SHORT between net2 & obstacle @ layer : 2
[(268670,118493),(268770,120175)] [(268676,119959),(268766,123889)]
SHORT between net2 & obstacle @ layer : 2
[(265095,109050),(265305,109260)] [(265200,109070),(265290,116440)]
SHORT between net2 & obstacle @ layer : 2
[(265240,116355),(265340,118453)] [(265200,109070),(265290,116440)]
SHORT between net2 & obstacle @ layer : 2
[(265240,118353),(266920,118453)] [(266755,118403),(270685,118493)]
SHORT between net2 & obstacle @ layer : 3
[(262932,107385),(265302,107835)] [(262932,107335),(265302,107835)]
SHORT between net2 & obstacle @ layer : 3
[(262932,107385),(265302,107835)] [(263747,106685),(263927,107605)]
SHORT between net2 & obstacle @ layer : 3
[(262932,107385),(265302,107835)] [(264307,106685),(264487,107605)]
SHORT between net2 & obstacle @ layer : 3
[(265150,107785),(265250,109205)] [(262932,107335),(265302,107835)]
SHORT between net3 & obstacle @ layer : 10
[(155061,181565),(164061,190565)] [(155061,147065),(164061,190565)]
SHORT between net3 & obstacle @ layer : 10
[(42320,174810),(60000,197320)] [(0,160060),(60000,210060)]
SHORT between net3 & obstacle @ layer : 10
[(42320,174810),(60000,197320)] [(2970,161630),(57030,208490)]
SHORT between net4 & obstacle @ layer : 2
[(240210,109055),(240300,116455)] [(240210,109070),(240300,116440)]
SHORT between net4 & obstacle @ layer : 2
[(238660,111380),(238750,115900)] [(238660,111395),(238750,115885)]
SHORT between net4 & obstacle @ layer : 2
[(238700,111505),(240210,111605)] [(240210,109070),(240300,116440)]
SHORT between net4 & obstacle @ layer : 2
[(238700,111505),(240210,111605)] [(238660,111395),(238750,115885)]
SHORT between net4 & obstacle @ layer : 2
[(240300,116305),(245660,116405)] [(240210,109070),(240300,116440)]
SHORT between net4 & obstacle @ layer : 4
[(245556,117675),(247156,118175)] [(246976,118175),(247156,118675)]
SHORT between net4 & obstacle @ layer : 4
[(245556,117675),(247156,118175)] [(245556,118175),(245736,118675)]
SHORT between net4 & obstacle @ layer : 4
[(245556,117675),(247156,118175)] [(245556,117675),(247156,118175)]
SHORT between net4 & obstacle @ layer : 4
[(245485,117530),(245915,117960)] [(245556,117675),(247156,118175)]
SHORT between net4 & obstacle @ layer : 9
[(243311,106175),(249401,107835)] [(235466,106175),(257246,107835)]
SHORT between net4 & obstacle @ layer : 9
[(245500,107635),(245900,117945)] [(235466,106175),(257246,107835)]
SHORT between net5 & obstacle @ layer : 9
[(233626,117220),(234466,126630)] [(227976,117220),(234466,118680)]
SHORT between net5 & obstacle @ layer : 9
[(233626,117220),(234466,126630)] [(227976,125170),(234466,126630)]
SHORT between net5 & obstacle @ layer : 9
[(233626,117220),(234466,126630)] [(233626,118680),(234466,125170)]
SHORT between net5 & obstacle @ layer : 9
[(234270,121725),(242876,122125)] [(233626,118680),(234466,125170)]
SHORT between net5 & obstacle @ layer : 10
[(216296,117425),(225296,126425)] [(193421,117425),(225296,126425)]
SHORT between net5 & obstacle @ layer : 10
[(242676,118475),(243676,125375)] [(242676,118475),(244676,125375)]
SHORT between net5 & obstacle @ layer : 10
[(241996,121245),(243356,122605)] [(242676,118475),(244676,125375)]
SHORT between net5 & obstacle @ layer : 10
[(224300,120925),(242680,122925)] [(242676,118475),(244676,125375)]
SHORT between net5 & obstacle @ layer : 10
[(224300,120925),(242680,122925)] [(193421,117425),(225296,126425)]
SHORT between net7 & obstacle @ layer : 2
[(235140,111380),(235230,115900)] [(235140,111395),(235230,115885)]
SHORT between net7 & obstacle @ layer : 10
[(174810,292079),(197320,309759)] [(160060,292079),(210060,352079)]
SHORT between net7 & obstacle @ layer : 10
[(174810,292079),(197320,309759)] [(161630,295049),(208490,349109)]
SHORT between net8 & obstacle @ layer : 10
[(344375,190939),(347875,194439)] [(344375,165939),(347875,194439)]
SHORT between net8 & obstacle @ layer : 10
[(341390,196759),(350860,206229)] [(341390,196759),(350860,256119)]
SHORT between net8 & obstacle @ layer : 10
[(344125,192690),(348125,198760)] [(344375,165939),(347875,194439)]
SHORT between net8 & obstacle @ layer : 10
[(344125,192690),(348125,198760)] [(341390,196759),(350860,256119)]
Checking SHORT for module : source_ind
Checking SHORT for module : vdd
Checking SHORT for module : xR0_2
Checking SHORT for module : xR1_2
Checking SHORT for module : xR2_0
Checking SHORT for module : xR3_2
Checking SHORT for module : xc1_1
Checking SHORT for module : xc2_3
Checking SHORT for module : xc3_3
Checking SHORT for module : xwg1
flushing nodes
int main(int, char**) runtime : 0.766294(s)
